GROUP,PACKAGE,CLASS,INSTRUCTION_MISSED,INSTRUCTION_COVERED,BRANCH_MISSED,BRANCH_COVERED,LINE_MISSED,LINE_COVERED,COMPLEXITY_MISSED,COMPLEXITY_COVERED,METHOD_MISSED,METHOD_COVERED
dataclay,es.bsc.dataclay.heap,ObjectLock,106,0,8,0,23,0,9,0,5,0
dataclay,es.bsc.dataclay.heap,ExecutionEnvironmentHeapManager,928,0,98,0,183,0,61,0,12,0
dataclay,es.bsc.dataclay.heap,DataClayIDFactory,1148,0,80,0,302,0,82,0,42,0
dataclay,es.bsc.dataclay.heap,ClientHeapManager,8,4,0,0,5,2,3,1,3,1
dataclay,es.bsc.dataclay.heap,HeapManager,200,17,28,0,48,6,22,2,8,2
dataclay,es.bsc.dataclay.heap,LockerPool,195,15,28,0,42,5,18,2,4,2
dataclay,es.bsc.dataclay.util.ids,StorageLocationID,33,0,2,0,15,0,6,0,5,0
dataclay,es.bsc.dataclay.util.ids,ImplementationID,12,21,1,1,5,10,3,3,2,3
dataclay,es.bsc.dataclay.util.ids,QualitativeRegistryID,33,0,2,0,15,0,6,0,5,0
dataclay,es.bsc.dataclay.util.ids,ExecutionEnvironmentID,33,0,2,0,15,0,6,0,5,0
dataclay,es.bsc.dataclay.util.ids,InterfaceID,21,12,2,0,9,6,4,2,3,2
dataclay,es.bsc.dataclay.util.ids,CredentialID,21,12,2,0,9,6,4,2,3,2
dataclay,es.bsc.dataclay.util.ids,PropertyID,13,20,2,0,5,10,2,4,1,4
dataclay,es.bsc.dataclay.util.ids,ID,4,57,2,2,2,17,2,8,0,8
dataclay,es.bsc.dataclay.util.ids,NamespaceID,21,12,2,0,9,6,4,2,3,2
dataclay,es.bsc.dataclay.util.ids,ECAID,33,0,2,0,15,0,6,0,5,0
dataclay,es.bsc.dataclay.util.ids,DataClayInstanceID,33,0,2,0,15,0,6,0,5,0
dataclay,es.bsc.dataclay.util.ids,AccountID,21,12,2,0,9,6,4,2,3,2
dataclay,es.bsc.dataclay.util.ids,EventMessageID,33,0,2,0,15,0,6,0,5,0
dataclay,es.bsc.dataclay.util.ids,OperationID,12,21,1,1,5,10,3,3,2,3
dataclay,es.bsc.dataclay.util.ids,ResourceID,33,0,2,0,15,0,6,0,5,0
dataclay,es.bsc.dataclay.util.ids,SessionID,21,12,2,0,9,6,4,2,3,2
dataclay,es.bsc.dataclay.util.ids,DataSetID,21,12,2,0,9,6,4,2,3,2
dataclay,es.bsc.dataclay.util.ids,ObjectID,19,14,2,0,8,7,3,3,2,3
dataclay,es.bsc.dataclay.util.ids,DataContractID,21,12,2,0,9,6,4,2,3,2
dataclay,es.bsc.dataclay.util.ids,ContractID,21,12,2,0,9,6,4,2,3,2
dataclay,es.bsc.dataclay.util.ids,EventObjsMeetConditionID,33,0,2,0,15,0,6,0,5,0
dataclay,es.bsc.dataclay.util.ids,MetaClassID,21,12,2,0,9,6,4,2,3,2
dataclay,es.bsc.dataclay.exceptions.logicmodule.classmgr,OperationDepInfoAlreadyRegisteredException,15,0,0,0,2,0,1,0,1,0
dataclay,es.bsc.dataclay.exceptions.logicmodule.classmgr,OperationNotInClassException,21,0,0,0,3,0,1,0,1,0
dataclay,es.bsc.dataclay.exceptions.logicmodule.classmgr,PropertyNotInClassException,21,0,0,0,3,0,1,0,1,0
dataclay,es.bsc.dataclay.exceptions.logicmodule.classmgr,ClassDepInfoAlreadyRegisteredException,15,0,0,0,2,0,1,0,1,0
dataclay,es.bsc.dataclay.exceptions.logicmodule.classmgr,ClassNotExistsException,32,0,0,0,4,0,2,0,2,0
dataclay,es.bsc.dataclay.exceptions.logicmodule.classmgr,PropertyAlreadyInClassException,0,19,0,0,0,3,0,1,0,1
dataclay,es.bsc.dataclay.exceptions.logicmodule.classmgr,SetterOrGetterOperationsCannotBeRemoved,17,0,0,0,3,0,1,0,1,0
dataclay,es.bsc.dataclay.exceptions.logicmodule.classmgr,NoMoreImplementationsInOperationException,21,0,0,0,4,0,1,0,1,0
dataclay,es.bsc.dataclay.exceptions.logicmodule.classmgr,OperationNotExistException,0,36,0,0,0,4,0,2,0,2
dataclay,es.bsc.dataclay.exceptions.logicmodule.classmgr,ImplementationNotExistException,44,0,0,0,4,0,2,0,2,0
dataclay,es.bsc.dataclay.exceptions.logicmodule.classmgr,PropertyDepInfoAlreadyRegisteredException,15,0,0,0,2,0,1,0,1,0
dataclay,es.bsc.dataclay.exceptions.logicmodule.classmgr,PropertyNotExistException,17,19,0,0,2,2,1,1,1,1
dataclay,es.bsc.dataclay.exceptions.logicmodule.classmgr,AnnotationDepInfoAlreadyRegisteredException,15,0,0,0,2,0,1,0,1,0
dataclay,es.bsc.dataclay.exceptions.logicmodule.classmgr,UnsupportedLanguage,21,0,0,0,3,0,1,0,1,0
dataclay,es.bsc.dataclay.exceptions.logicmodule.classmgr,TypeDepInfoAlreadyRegisteredException,15,0,0,0,2,0,1,0,1,0
dataclay,es.bsc.dataclay.exceptions.logicmodule.classmgr,OperationAlreadyInClassException,6,25,0,0,2,5,2,1,2,1
dataclay,es.bsc.dataclay.exceptions.logicmodule.classmgr,ClassInIncludesException,19,0,0,0,3,0,1,0,1,0
dataclay,es.bsc.dataclay.logic.notificationmgr,NotificationMgrSQLStatements.SqlStatements,202,0,6,0,32,0,9,0,6,0
dataclay,es.bsc.dataclay.logic.notificationmgr,NotificationManager.Notifier,202,0,22,0,49,0,13,0,2,0
dataclay,es.bsc.dataclay.logic.notificationmgr,NotificationManager.Notifier.WorkerThread,54,0,0,0,10,0,3,0,3,0
dataclay,es.bsc.dataclay.logic.notificationmgr,NotificationManager,144,0,4,0,45,0,11,0,9,0
dataclay,es.bsc.dataclay.logic.notificationmgr,NotificationManagerDB,667,0,38,0,229,0,32,0,13,0
dataclay,es.bsc.dataclay.logic.notificationmgr,NotificationManagerPriorityQueue,119,0,14,0,33,0,12,0,5,0
dataclay,es.bsc.dataclay.extrae,DataClayExtrae,431,0,28,0,119,0,32,0,18,0
dataclay,es.bsc.dataclay.extrae,ExtraeAspects,47,0,0,0,11,0,5,0,5,0
dataclay,es.bsc.dataclay.extrae,ExtraeValuesGenerator,195,0,12,0,34,0,9,0,3,0
dataclay,es.bsc.dataclay.extrae,DataClayExtraeWrapper,18,0,0,0,4,0,2,0,2,0
dataclay,es.bsc.dataclay.util.management.interfacemgr,Interface,48,162,8,8,5,58,10,29,2,29
dataclay,es.bsc.dataclay.communication.grpc.generated.dataservice,DataServiceGrpc.MethodHandlers,353,0,48,0,103,0,50,0,3,0
dataclay,es.bsc.dataclay.communication.grpc.generated.dataservice,DataServiceGrpc,2066,0,192,0,765,0,147,0,51,0
dataclay,es.bsc.dataclay.communication.grpc.generated.dataservice,DataServiceGrpc.DataServiceImplBase,571,0,0,0,238,0,49,0,49,0
dataclay,es.bsc.dataclay.communication.grpc.generated.dataservice,DataServiceGrpc.DataServiceStub,485,0,0,0,146,0,50,0,50,0
dataclay,es.bsc.dataclay.communication.grpc.generated.dataservice,DataServiceGrpc.DataServiceBlockingStub,438,0,0,0,99,0,50,0,50,0
dataclay,es.bsc.dataclay.communication.grpc.generated.dataservice,DataServiceGrpc.DataServiceFutureStub,438,0,0,0,99,0,50,0,50,0
dataclay,es.bsc.dataclay.communication.grpc.generated.dataservice,DataServiceGrpc.DataServiceMethodDescriptorSupplier,12,0,0,0,4,0,2,0,2,0
dataclay,es.bsc.dataclay.communication.grpc.generated.dataservice,DataServiceGrpc.DataServiceBaseDescriptorSupplier,10,0,0,0,3,0,3,0,3,0
dataclay,es.bsc.dataclay.communication.grpc.generated.dataservice,DataServiceGrpcService,31,0,0,0,12,0,4,0,4,0
dataclay,es.bsc.dataclay.communication.grpc.generated.dataservice,DataServiceGrpc.DataServiceFileDescriptorSupplier,3,0,0,0,1,0,1,0,1,0
dataclay,es.bsc.dataclay.dbhandler.sql,SQLHandler,577,78,47,7,180,31,35,7,9,6
dataclay,es.bsc.dataclay.dbhandler.sql,DataServiceDBSQLStatements.SqlStatements,22,140,2,4,4,24,2,7,1,5
dataclay,es.bsc.dataclay.logic.classmgr.bytecode.java.merger,DataClayClassMerger,126,0,10,0,25,0,9,0,4,0
dataclay,es.bsc.dataclay.logic.classmgr.bytecode.java.merger,ByteCodeMerger,250,0,14,0,47,0,8,0,1,0
dataclay,es.bsc.dataclay.communication.grpc.messages.logicmodule,LogicmoduleMessages.NewSessionResponse.new AbstractParser() {...},10,0,0,0,2,0,2,0,2,0
dataclay,es.bsc.dataclay.communication.grpc.messages.logicmodule,LogicmoduleMessages.RegisterToPublicContractOfNamespaceRequest,570,0,67,0,163,0,76,0,41,0
dataclay,es.bsc.dataclay.communication.grpc.messages.logicmodule,LogicmoduleMessages.GetExecutionEnvironmentInfoResponse.Builder,530,0,74,0,0,0,77,0,40,0
dataclay,es.bsc.dataclay.communication.grpc.messages.logicmodule,LogicmoduleMessages.GetDataSetIDRequest.new AbstractParser() {...},10,0,0,0,2,0,2,0,2,0
dataclay,es.bsc.dataclay.communication.grpc.messages.logicmodule,LogicmoduleMessages.GetDataContractIDsOfProviderResponse.DatacontractsDefaultEntryHolder,8,0,0,0,0,0,1,0,1,0
dataclay,es.bsc.dataclay.communication.grpc.messages.logicmodule,LogicmoduleMessages.NotifyStorageLocationShutdownRequest,381,0,35,0,0,0,54,0,36,0
dataclay,es.bsc.dataclay.communication.grpc.messages.logicmodule,LogicmoduleMessages.GetStubsResponse,582,0,68,0,0,0,80,0,45,0
dataclay,es.bsc.dataclay.communication.grpc.messages.logicmodule,LogicmoduleMessages.CheckDataSetIsPublicResponse.Builder,372,0,44,0,110,0,56,0,34,0
dataclay,es.bsc.dataclay.communication.grpc.messages.logicmodule,LogicmoduleMessages.RegisterExternalDataClayResponse.new AbstractParser() {...},10,0,0,0,0,0,2,0,2,0
dataclay,es.bsc.dataclay.communication.grpc.messages.logicmodule,LogicmoduleMessages.NewAccountNoAdminRequest.Builder,246,0,20,0,81,0,37,0,27,0
dataclay,es.bsc.dataclay.communication.grpc.messages.logicmodule,LogicmoduleMessages.CloseSessionRequest.Builder,246,0,20,0,0,0,37,0,27,0
dataclay,es.bsc.dataclay.communication.grpc.messages.logicmodule,LogicmoduleMessages.GetDataContractInfoOfApplicantWithProvRequest.Builder,535,0,62,0,0,0,72,0,41,0
dataclay,es.bsc.dataclay.communication.grpc.messages.logicmodule,LogicmoduleMessages.GetNamespaceIDResponse.Builder,437,0,52,0,133,0,62,0,36,0
dataclay,es.bsc.dataclay.communication.grpc.messages.logicmodule,LogicmoduleMessages.ActivateTracingRequest.new AbstractParser() {...},10,0,0,0,0,0,2,0,2,0
dataclay,es.bsc.dataclay.communication.grpc.messages.logicmodule,LogicmoduleMessages.GetBabelStubsRequest.Builder,619,0,66,0,0,0,79,0,46,0
dataclay,es.bsc.dataclay.communication.grpc.messages.logicmodule,LogicmoduleMessages.GetClassInfoResponse,480,0,56,0,137,0,68,0,39,0
dataclay,es.bsc.dataclay.communication.grpc.messages.logicmodule,LogicmoduleMessages.GetNamespaceIDRequest.new AbstractParser() {...},10,0,0,0,2,0,2,0,2,0
dataclay,es.bsc.dataclay.communication.grpc.messages.logicmodule,LogicmoduleMessages.GetAccountListRequest,480,0,56,0,137,0,68,0,39,0
dataclay,es.bsc.dataclay.communication.grpc.messages.logicmodule,LogicmoduleMessages.ImportModelsFromExternalDataClayRequest,471,0,46,0,0,0,62,0,38,0
dataclay,es.bsc.dataclay.communication.grpc.messages.logicmodule,LogicmoduleMessages.GetContractIDOfDataClayProviderResponse.Builder,437,0,52,0,0,0,62,0,36,0
dataclay,es.bsc.dataclay.communication.grpc.messages.logicmodule,LogicmoduleMessages.ExecuteImplementationResponse.Builder,530,0,74,0,0,0,77,0,40,0
dataclay,es.bsc.dataclay.communication.grpc.messages.logicmodule,LogicmoduleMessages.GetNamespaceLangResponse.new AbstractParser() {...},10,0,0,0,2,0,2,0,2,0
dataclay,es.bsc.dataclay.communication.grpc.messages.logicmodule,LogicmoduleMessages.UnregisterExecutionEnvironmentRequest.new AbstractParser() {...},10,0,0,0,2,0,2,0,2,0
dataclay,es.bsc.dataclay.communication.grpc.messages.logicmodule,LogicmoduleMessages.SetObjectReadWriteRequest,471,0,46,0,0,0,62,0,38,0
dataclay,es.bsc.dataclay.communication.grpc.messages.logicmodule,LogicmoduleMessages.GetInterfaceInfoRequest.new AbstractParser() {...},10,0,0,0,0,0,2,0,2,0
dataclay,es.bsc.dataclay.communication.grpc.messages.logicmodule,LogicmoduleMessages.PerformSetOperationsRequest,570,0,67,0,163,0,76,0,41,0
dataclay,es.bsc.dataclay.communication.grpc.messages.logicmodule,LogicmoduleMessages.GetObjectDataSetIDResponse,480,0,56,0,137,0,68,0,39,0
dataclay,es.bsc.dataclay.communication.grpc.messages.logicmodule,LogicmoduleMessages.GetDataContractIDsOfApplicantRequest.new AbstractParser() {...},10,0,0,0,0,0,2,0,2,0
dataclay,es.bsc.dataclay.communication.grpc.messages.logicmodule,LogicmoduleMessages.IsPrefetchingEnabledResponse.new AbstractParser() {...},10,0,0,0,0,0,2,0,2,0
dataclay,es.bsc.dataclay.communication.grpc.messages.logicmodule,LogicmoduleMessages.SetDataSetIDRequest.Builder,442,0,40,0,0,0,57,0,37,0
dataclay,es.bsc.dataclay.communication.grpc.messages.logicmodule,LogicmoduleMessages.GetAllExecutionEnvironmentsInfoResponse.new AbstractParser() {...},10,0,0,0,0,0,2,0,2,0
dataclay,es.bsc.dataclay.communication.grpc.messages.logicmodule,LogicmoduleMessages.GetAccountDataSetsResponse.Builder,521,0,56,0,149,0,69,0,41,0
dataclay,es.bsc.dataclay.communication.grpc.messages.logicmodule,LogicmoduleMessages.GetContractsOfApplicantWithProvResponse.ContractsDefaultEntryHolder,8,0,0,0,3,0,1,0,1,0
dataclay,es.bsc.dataclay.communication.grpc.messages.logicmodule,LogicmoduleMessages.GetNamespaceLangResponse,455,0,54,0,126,0,67,0,39,0
dataclay,es.bsc.dataclay.communication.grpc.messages.logicmodule,LogicmoduleMessages.GetStubsRequest,671,0,78,0,0,0,86,0,45,0
dataclay,es.bsc.dataclay.communication.grpc.messages.logicmodule,LogicmoduleMessages.GetExtDataClayInfoRequest,381,0,35,0,0,0,54,0,36,0
dataclay,es.bsc.dataclay.communication.grpc.messages.logicmodule,LogicmoduleMessages.GetMetadataByOIDForDSResponse.new AbstractParser() {...},10,0,0,0,0,0,2,0,2,0
dataclay,es.bsc.dataclay.communication.grpc.messages.logicmodule,LogicmoduleMessages.GetStorageLocationInfoResponse.new AbstractParser() {...},10,0,0,0,0,0,2,0,2,0
dataclay,es.bsc.dataclay.communication.grpc.messages.logicmodule,LogicmoduleMessages.ImportInterfaceRequest.new AbstractParser() {...},10,0,0,0,2,0,2,0,2,0
dataclay,es.bsc.dataclay.communication.grpc.messages.logicmodule,LogicmoduleMessages.GetInfoOfSessionForDSRequest.Builder,246,0,20,0,81,0,37,0,27,0
dataclay,es.bsc.dataclay.communication.grpc.messages.logicmodule,LogicmoduleMessages.GetNamespacesRequest.new AbstractParser() {...},10,0,0,0,2,0,2,0,2,0
dataclay,es.bsc.dataclay.communication.grpc.messages.logicmodule,LogicmoduleMessages.GetContractsOfApplicantWithProvResponse.Builder,542,0,68,0,151,0,80,0,46,0
dataclay,es.bsc.dataclay.communication.grpc.messages.logicmodule,LogicmoduleMessages.GetNamespacesRequest.Builder,437,0,52,0,133,0,62,0,36,0
dataclay,es.bsc.dataclay.communication.grpc.messages.logicmodule,LogicmoduleMessages.GetInfoOfSessionForDSResponse,658,0,76,0,176,0,84,0,44,0
dataclay,es.bsc.dataclay.communication.grpc.messages.logicmodule,LogicmoduleMessages.ObjectExistsInDataClayRequest.new AbstractParser() {...},10,0,0,0,0,0,2,0,2,0
dataclay,es.bsc.dataclay.communication.grpc.messages.logicmodule,LogicmoduleMessages.AutoRegisterEERequest,672,0,73,0,194,0,82,0,43,0
dataclay,es.bsc.dataclay.communication.grpc.messages.logicmodule,LogicmoduleMessages.RemoveNamespaceRequest,570,0,67,0,163,0,76,0,41,0
dataclay,es.bsc.dataclay.communication.grpc.messages.logicmodule,LogicmoduleMessages.NewInterfaceResponse.Builder,437,0,52,0,0,0,62,0,36,0
dataclay,es.bsc.dataclay.communication.grpc.messages.logicmodule,LogicmoduleMessages.GetDataContractIDsOfApplicantRequest.Builder,437,0,52,0,0,0,62,0,36,0
dataclay,es.bsc.dataclay.communication.grpc.messages.logicmodule,LogicmoduleMessages.GetInterfaceInfoResponse.Builder,437,0,52,0,0,0,62,0,36,0
dataclay,es.bsc.dataclay.communication.grpc.messages.logicmodule,LogicmoduleMessages.CloseSessionRequest,381,0,35,0,0,0,54,0,36,0
dataclay,es.bsc.dataclay.communication.grpc.messages.logicmodule,LogicmoduleMessages.GetPublicDataSetsRequest.Builder,437,0,52,0,133,0,62,0,36,0
dataclay,es.bsc.dataclay.communication.grpc.messages.logicmodule,LogicmoduleMessages.CloseSessionRequest.new AbstractParser() {...},10,0,0,0,0,0,2,0,2,0
dataclay,es.bsc.dataclay.communication.grpc.messages.logicmodule,LogicmoduleMessages.GetStorageLocationIDRequest.Builder,246,0,20,0,0,0,37,0,27,0
dataclay,es.bsc.dataclay.communication.grpc.messages.logicmodule,LogicmoduleMessages.PublishAddressRequest.Builder,279,0,22,0,92,0,41,0,30,0
dataclay,es.bsc.dataclay.communication.grpc.messages.logicmodule,LogicmoduleMessages.DeleteAliasResponse.new AbstractParser() {...},10,0,0,0,0,0,2,0,2,0
dataclay,es.bsc.dataclay.communication.grpc.messages.logicmodule,LogicmoduleMessages.RemoveDataSetRequest,570,0,67,0,163,0,76,0,41,0
dataclay,es.bsc.dataclay.communication.grpc.messages.logicmodule,LogicmoduleMessages.NewContractResponse.Builder,437,0,52,0,133,0,62,0,36,0
dataclay,es.bsc.dataclay.communication.grpc.messages.logicmodule,LogicmoduleMessages.NewAccountResponse.new AbstractParser() {...},10,0,0,0,2,0,2,0,2,0
dataclay,es.bsc.dataclay.communication.grpc.messages.logicmodule,LogicmoduleMessages.AdviseEventRequest,381,0,35,0,0,0,54,0,36,0
dataclay,es.bsc.dataclay.communication.grpc.messages.logicmodule,LogicmoduleMessages.GetMetadataByOIDResponse.new AbstractParser() {...},10,0,0,0,0,0,2,0,2,0
dataclay,es.bsc.dataclay.communication.grpc.messages.logicmodule,LogicmoduleMessages.AutoRegisterEERequest.new AbstractParser() {...},10,0,0,0,2,0,2,0,2,0
dataclay,es.bsc.dataclay.communication.grpc.messages.logicmodule,LogicmoduleMessages.GetContractIDOfDataClayProviderRequest,480,0,56,0,0,0,68,0,39,0
dataclay,es.bsc.dataclay.communication.grpc.messages.logicmodule,LogicmoduleMessages.MetadataInfo.new AbstractParser() {...},10,0,0,0,0,0,2,0,2,0
dataclay,es.bsc.dataclay.communication.grpc.messages.logicmodule,LogicmoduleMessages.AutoRegisterEEResponse.new AbstractParser() {...},10,0,0,0,2,0,2,0,2,0
dataclay,es.bsc.dataclay.communication.grpc.messages.logicmodule,LogicmoduleMessages.NewInterfaceRequest,570,0,67,0,0,0,76,0,41,0
dataclay,es.bsc.dataclay.communication.grpc.messages.logicmodule,LogicmoduleMessages.GetExtDataClayInfoRequest.Builder,246,0,20,0,0,0,37,0,27,0
dataclay,es.bsc.dataclay.communication.grpc.messages.logicmodule,LogicmoduleMessages.ObjectExistsInDataClayResponse.new AbstractParser() {...},10,0,0,0,0,0,2,0,2,0
dataclay,es.bsc.dataclay.communication.grpc.messages.logicmodule,LogicmoduleMessages.GetOperationIDResponse.Builder,437,0,52,0,133,0,62,0,36,0
dataclay,es.bsc.dataclay.communication.grpc.messages.logicmodule,LogicmoduleMessages.NewClassResponse.new AbstractParser() {...},10,0,0,0,2,0,2,0,2,0
dataclay,es.bsc.dataclay.communication.grpc.messages.logicmodule,LogicmoduleMessages.GetPropertyIDResponse,480,0,56,0,137,0,68,0,39,0
dataclay,es.bsc.dataclay.communication.grpc.messages.logicmodule,LogicmoduleMessages.GetPropertyIDRequest.new AbstractParser() {...},10,0,0,0,2,0,2,0,2,0
dataclay,es.bsc.dataclay.communication.grpc.messages.logicmodule,LogicmoduleMessages.GetAllExecutionEnvironmentsInfoRequest.Builder,277,0,20,0,0,0,43,0,33,0
dataclay,es.bsc.dataclay.communication.grpc.messages.logicmodule,LogicmoduleMessages.RegisterObjectForGCRequest.Builder,437,0,52,0,0,0,62,0,36,0
dataclay,es.bsc.dataclay.communication.grpc.messages.logicmodule,LogicmoduleMessages.NotifyRegistrationOfExternalDataClayRequest.new AbstractParser() {...},10,0,0,0,0,0,2,0,2,0
dataclay,es.bsc.dataclay.communication.grpc.messages.logicmodule,LogicmoduleMessages.GetMetadataByOIDForDSResponse.Builder,530,0,74,0,0,0,77,0,40,0
dataclay,es.bsc.dataclay.communication.grpc.messages.logicmodule,LogicmoduleMessages.GetStorageLocationIDResponse,480,0,56,0,0,0,68,0,39,0
dataclay,es.bsc.dataclay.communication.grpc.messages.logicmodule,LogicmoduleMessages.SetObjectReadWriteRequest.new AbstractParser() {...},10,0,0,0,0,0,2,0,2,0
dataclay,es.bsc.dataclay.communication.grpc.messages.logicmodule,LogicmoduleMessages.CheckDataSetIsPublicRequest.new AbstractParser() {...},10,0,0,0,2,0,2,0,2,0
dataclay,es.bsc.dataclay.communication.grpc.messages.logicmodule,LogicmoduleMessages.GetClassNameForDSResponse.new AbstractParser() {...},10,0,0,0,0,0,2,0,2,0
dataclay,es.bsc.dataclay.communication.grpc.messages.logicmodule,LogicmoduleMessages.NewNamespaceResponse.Builder,437,0,52,0,133,0,62,0,36,0
dataclay,es.bsc.dataclay.communication.grpc.messages.logicmodule,LogicmoduleMessages.GetClassIDRequest,660,0,78,0,189,0,84,0,43,0
dataclay,es.bsc.dataclay.communication.grpc.messages.logicmodule,LogicmoduleMessages.NotifyRegistrationOfExternalDataClayRequest,517,0,53,0,0,0,67,0,39,0
dataclay,es.bsc.dataclay.communication.grpc.messages.logicmodule,LogicmoduleMessages.RegisterExternalDataClayRequest,427,0,42,0,0,0,59,0,37,0
dataclay,es.bsc.dataclay.communication.grpc.messages.logicmodule,LogicmoduleMessages.ExecuteMethodOnTargetResponse.new AbstractParser() {...},10,0,0,0,0,0,2,0,2,0
dataclay,es.bsc.dataclay.communication.grpc.messages.logicmodule,LogicmoduleMessages.NewSessionRequest,885,0,102,0,229,0,105,0,51,0
dataclay,es.bsc.dataclay.communication.grpc.messages.logicmodule,LogicmoduleMessages.GetInfoOfClassesInNamespaceResponse.ClassesInfoDefaultEntryHolder,8,0,0,0,3,0,1,0,1,0
dataclay,es.bsc.dataclay.communication.grpc.messages.logicmodule,LogicmoduleMessages.GetBabelStubsResponse.new AbstractParser() {...},10,0,0,0,0,0,2,0,2,0
dataclay,es.bsc.dataclay.communication.grpc.messages.logicmodule,LogicmoduleMessages.ActivateTracingRequest.Builder,181,0,12,0,0,0,31,0,25,0
dataclay,es.bsc.dataclay.communication.grpc.messages.logicmodule,LogicmoduleMessages.GetClassIDFromImportRequest,660,0,78,0,189,0,84,0,43,0
dataclay,es.bsc.dataclay.communication.grpc.messages.logicmodule,LogicmoduleMessages.GetDataContractIDsOfProviderResponse.Builder,542,0,68,0,0,0,80,0,46,0
dataclay,es.bsc.dataclay.communication.grpc.messages.logicmodule,LogicmoduleMessages.RemoveClassRequest.new AbstractParser() {...},10,0,0,0,2,0,2,0,2,0
dataclay,es.bsc.dataclay.communication.grpc.messages.logicmodule,LogicmoduleMessages.GetClassInfoResponse.new AbstractParser() {...},10,0,0,0,2,0,2,0,2,0
dataclay,es.bsc.dataclay.communication.grpc.messages.logicmodule,LogicmoduleMessages.NewDataSetRequest,570,0,67,0,163,0,76,0,41,0
dataclay,es.bsc.dataclay.communication.grpc.messages.logicmodule,LogicmoduleMessages.GetPublicDataSetsResponse.new AbstractParser() {...},10,0,0,0,2,0,2,0,2,0
dataclay,es.bsc.dataclay.communication.grpc.messages.logicmodule,LogicmoduleMessages.GetPublicDataSetsResponse,516,0,58,0,137,0,71,0,41,0
dataclay,es.bsc.dataclay.communication.grpc.messages.logicmodule,LogicmoduleMessages.GetDataContractInfoOfApplicantWithProvRequest.new AbstractParser() {...},10,0,0,0,0,0,2,0,2,0
dataclay,es.bsc.dataclay.communication.grpc.messages.logicmodule,LogicmoduleMessages.GetStorageLocationIDRequest.new AbstractParser() {...},10,0,0,0,0,0,2,0,2,0
dataclay,es.bsc.dataclay.communication.grpc.messages.logicmodule,LogicmoduleMessages.GetInfoOfSessionForDSRequest,381,0,35,0,115,0,54,0,36,0
dataclay,es.bsc.dataclay.communication.grpc.messages.logicmodule,LogicmoduleMessages.GetInfoOfSessionForDSRequest.new AbstractParser() {...},10,0,0,0,2,0,2,0,2,0
dataclay,es.bsc.dataclay.communication.grpc.messages.logicmodule,LogicmoduleMessages.GetExecutionEnvironmentInfoRequest.Builder,279,0,22,0,0,0,41,0,30,0
dataclay,es.bsc.dataclay.communication.grpc.messages.logicmodule,LogicmoduleMessages.GetClassNameForDSResponse.Builder,437,0,52,0,0,0,62,0,36,0
dataclay,es.bsc.dataclay.communication.grpc.messages.logicmodule,LogicmoduleMessages.IsPrefetchingEnabledResponse,437,0,52,0,0,0,65,0,38,0
dataclay,es.bsc.dataclay.communication.grpc.messages.logicmodule,LogicmoduleMessages.GetObjectFromAliasResponse.new AbstractParser() {...},10,0,0,0,0,0,2,0,2,0
dataclay,es.bsc.dataclay.communication.grpc.messages.logicmodule,LogicmoduleMessages.GetOperationIDResponse,480,0,56,0,137,0,68,0,39,0
dataclay,es.bsc.dataclay.communication.grpc.messages.logicmodule,LogicmoduleMessages.GetNamespaceIDResponse.new AbstractParser() {...},10,0,0,0,2,0,2,0,2,0
dataclay,es.bsc.dataclay.communication.grpc.messages.logicmodule,LogicmoduleMessages.DeleteAliasRequest.Builder,344,0,30,0,0,0,47,0,32,0
dataclay,es.bsc.dataclay.communication.grpc.messages.logicmodule,LogicmoduleMessages.NewClassResponse.Builder,542,0,68,0,151,0,80,0,46,0
dataclay,es.bsc.dataclay.communication.grpc.messages.logicmodule,LogicmoduleMessages.GetInfoOfSessionForDSResponse.new AbstractParser() {...},10,0,0,0,2,0,2,0,2,0
dataclay,es.bsc.dataclay.communication.grpc.messages.logicmodule,LogicmoduleMessages.MoveObjectResponse,516,0,58,0,0,0,71,0,41,0
dataclay,es.bsc.dataclay.communication.grpc.messages.logicmodule,LogicmoduleMessages.NewContractRequest.Builder,535,0,62,0,167,0,72,0,41,0
dataclay,es.bsc.dataclay.communication.grpc.messages.logicmodule,LogicmoduleMessages.GetObjectInfoResponse.new AbstractParser() {...},10,0,0,0,0,0,2,0,2,0
dataclay,es.bsc.dataclay.communication.grpc.messages.logicmodule,LogicmoduleMessages.RegisterExternalDataClayRequest.new AbstractParser() {...},10,0,0,0,0,0,2,0,2,0
dataclay,es.bsc.dataclay.communication.grpc.messages.logicmodule,LogicmoduleMessages.SetDataSetIDFromGarbageCollectorRequest,471,0,46,0,0,0,62,0,38,0
dataclay,es.bsc.dataclay.communication.grpc.messages.logicmodule,LogicmoduleMessages.ExistsActiveEnvironmentsForSLResponse.Builder,372,0,44,0,0,0,56,0,34,0
dataclay,es.bsc.dataclay.communication.grpc.messages.logicmodule,LogicmoduleMessages.MoveObjectResponse.Builder,521,0,56,0,0,0,69,0,41,0
dataclay,es.bsc.dataclay.communication.grpc.messages.logicmodule,LogicmoduleMessages.GetDataSetIDRequest.Builder,535,0,62,0,167,0,72,0,41,0
dataclay,es.bsc.dataclay.communication.grpc.messages.logicmodule,LogicmoduleMessages.GetContractIDsOfApplicantRequest.new AbstractParser() {...},10,0,0,0,2,0,2,0,2,0
dataclay,es.bsc.dataclay.communication.grpc.messages.logicmodule,LogicmoduleMessages.GetExternalDataclayIDResponse.Builder,437,0,52,0,0,0,62,0,36,0
dataclay,es.bsc.dataclay.communication.grpc.messages.logicmodule,LogicmoduleMessages.GetDataContractInfoOfApplicantWithProvResponse.new AbstractParser() {...},10,0,0,0,0,0,2,0,2,0
dataclay,es.bsc.dataclay.communication.grpc.messages.logicmodule,LogicmoduleMessages.GetStubsResponse.Builder,542,0,68,0,0,0,80,0,46,0
dataclay,es.bsc.dataclay.communication.grpc.messages.logicmodule,LogicmoduleMessages.RemoveInterfaceRequest,660,0,78,0,0,0,84,0,43,0
dataclay,es.bsc.dataclay.communication.grpc.messages.logicmodule,LogicmoduleMessages.GetExternalDataclayIDResponse.new AbstractParser() {...},10,0,0,0,0,0,2,0,2,0
dataclay,es.bsc.dataclay.communication.grpc.messages.logicmodule,LogicmoduleMessages.GetObjectInfoResponse,570,0,67,0,0,0,76,0,41,0
dataclay,es.bsc.dataclay.communication.grpc.messages.logicmodule,LogicmoduleMessages.NewDataSetResponse,480,0,56,0,137,0,68,0,39,0
dataclay,es.bsc.dataclay.communication.grpc.messages.logicmodule,LogicmoduleMessages.GetDataContractInfoOfApplicantWithProvResponse,480,0,56,0,0,0,68,0,39,0
dataclay,es.bsc.dataclay.communication.grpc.messages.logicmodule,LogicmoduleMessages.GetObjectDataSetIDRequest.Builder,344,0,30,0,115,0,47,0,32,0
dataclay,es.bsc.dataclay.communication.grpc.messages.logicmodule,LogicmoduleMessages.GetAllExecutionEnvironmentsInfoRequest.new AbstractParser() {...},10,0,0,0,0,0,2,0,2,0
dataclay,es.bsc.dataclay.communication.grpc.messages.logicmodule,LogicmoduleMessages.GetInfoOfClassesInNamespaceRequest,570,0,67,0,163,0,76,0,41,0
dataclay,es.bsc.dataclay.communication.grpc.messages.logicmodule,LogicmoduleMessages.GetInfoOfClassesInNamespaceResponse,582,0,68,0,157,0,80,0,45,0
dataclay,es.bsc.dataclay.communication.grpc.messages.logicmodule,LogicmoduleMessages.GetAccountDataSetsResponse,516,0,58,0,137,0,71,0,41,0
dataclay,es.bsc.dataclay.communication.grpc.messages.logicmodule,LogicmoduleMessages.GetClassIDFromImportResponse.new AbstractParser() {...},10,0,0,0,2,0,2,0,2,0
dataclay,es.bsc.dataclay.communication.grpc.messages.logicmodule,LogicmoduleMessages.AutoRegisterSLRequest,607,0,64,0,179,0,75,0,41,0
dataclay,es.bsc.dataclay.communication.grpc.messages.logicmodule,LogicmoduleMessages.SetObjectReadWriteRequest.Builder,344,0,30,0,0,0,47,0,32,0
dataclay,es.bsc.dataclay.communication.grpc.messages.logicmodule,LogicmoduleMessages.NewDataContractResponse.Builder,437,0,52,0,0,0,62,0,36,0
dataclay,es.bsc.dataclay.communication.grpc.messages.logicmodule,LogicmoduleMessages.PerformSetAccountsResponse.Builder,437,0,52,0,133,0,62,0,36,0
dataclay,es.bsc.dataclay.communication.grpc.messages.logicmodule,LogicmoduleMessages.NewDataSetRequest.Builder,535,0,62,0,167,0,72,0,41,0
dataclay,es.bsc.dataclay.communication.grpc.messages.logicmodule,LogicmoduleMessages.GetOperationIDRequest.Builder,731,0,82,0,235,0,92,0,51,0
dataclay,es.bsc.dataclay.communication.grpc.messages.logicmodule,LogicmoduleMessages.CheckDataSetIsPublicRequest,381,0,35,0,115,0,54,0,36,0
dataclay,es.bsc.dataclay.communication.grpc.messages.logicmodule,LogicmoduleMessages.GetDataContractIDsOfApplicantRequest,480,0,56,0,0,0,68,0,39,0
dataclay,es.bsc.dataclay.communication.grpc.messages.logicmodule,LogicmoduleMessages.GetDataClayIDResponse,480,0,56,0,0,0,68,0,39,0
dataclay,es.bsc.dataclay.communication.grpc.messages.logicmodule,LogicmoduleMessages.AddAliasRequest.new AbstractParser() {...},10,0,0,0,0,0,2,0,2,0
dataclay,es.bsc.dataclay.communication.grpc.messages.logicmodule,LogicmoduleMessages.ExecuteMethodOnTargetResponse,489,0,66,0,0,0,74,0,40,0
dataclay,es.bsc.dataclay.communication.grpc.messages.logicmodule,LogicmoduleMessages.GetClassesInNamespaceRequest.Builder,246,0,20,0,0,0,37,0,27,0
dataclay,es.bsc.dataclay.communication.grpc.messages.logicmodule,LogicmoduleMessages.DeleteAliasResponse,480,0,56,0,0,0,68,0,39,0
dataclay,es.bsc.dataclay.communication.grpc.messages.logicmodule,LogicmoduleMessages.NewClassRequest.NewClassesDefaultEntryHolder,8,0,0,0,3,0,1,0,1,0
dataclay,es.bsc.dataclay.communication.grpc.messages.logicmodule,LogicmoduleMessages.GetDataClayIDResponse.new AbstractParser() {...},10,0,0,0,0,0,2,0,2,0
dataclay,es.bsc.dataclay.communication.grpc.messages.logicmodule,LogicmoduleMessages.ImportModelsFromExternalDataClayRequest.new AbstractParser() {...},10,0,0,0,0,0,2,0,2,0
dataclay,es.bsc.dataclay.communication.grpc.messages.logicmodule,LogicmoduleMessages.GetClassIDResponse.Builder,437,0,52,0,133,0,62,0,36,0
dataclay,es.bsc.dataclay.communication.grpc.messages.logicmodule,LogicmoduleMessages.RegisterObjectsResponse.Builder,521,0,56,0,0,0,69,0,41,0
dataclay,es.bsc.dataclay.communication.grpc.messages.logicmodule,LogicmoduleMessages.RegisterToPublicContractOfNamespaceResponse.Builder,437,0,52,0,133,0,62,0,36,0
dataclay,es.bsc.dataclay.communication.grpc.messages.logicmodule,LogicmoduleMessages.GetDataClayIDResponse.Builder,437,0,52,0,0,0,62,0,36,0
dataclay,es.bsc.dataclay.communication.grpc.messages.logicmodule,LogicmoduleMessages.GetContractIDsOfApplicantResponse.Builder,542,0,68,0,151,0,80,0,46,0
dataclay,es.bsc.dataclay.communication.grpc.messages.logicmodule,LogicmoduleMessages.RemoveInterfaceRequest.new AbstractParser() {...},10,0,0,0,0,0,2,0,2,0
dataclay,es.bsc.dataclay.communication.grpc.messages.logicmodule,LogicmoduleMessages.GetInfoOfClassesInNamespaceRequest.new AbstractParser() {...},10,0,0,0,2,0,2,0,2,0
dataclay,es.bsc.dataclay.communication.grpc.messages.logicmodule,LogicmoduleMessages.NotifyRegistrationOfExternalDataClayResponse.Builder,437,0,52,0,0,0,62,0,36,0
dataclay,es.bsc.dataclay.communication.grpc.messages.logicmodule,LogicmoduleMessages.GetStorageLocationIDRequest,381,0,35,0,0,0,54,0,36,0
dataclay,es.bsc.dataclay.communication.grpc.messages.logicmodule,LogicmoduleMessages.GetAccountListRequest.Builder,437,0,52,0,133,0,62,0,36,0
dataclay,es.bsc.dataclay.communication.grpc.messages.logicmodule,LogicmoduleMessages.AutoRegisterSLRequest.Builder,475,0,42,0,160,0,61,0,40,0
dataclay,es.bsc.dataclay.communication.grpc.messages.logicmodule,LogicmoduleMessages.DeleteAliasRequest,471,0,46,0,0,0,62,0,38,0
dataclay,es.bsc.dataclay.communication.grpc.messages.logicmodule,LogicmoduleMessages.RemoveNamespaceRequest.Builder,535,0,62,0,167,0,72,0,41,0
dataclay,es.bsc.dataclay.communication.grpc.messages.logicmodule,LogicmoduleMessages.UnregisterStorageLocationRequest.new AbstractParser() {...},10,0,0,0,2,0,2,0,2,0
dataclay,es.bsc.dataclay.communication.grpc.messages.logicmodule,LogicmoduleMessages.NewDataSetResponse.new AbstractParser() {...},10,0,0,0,2,0,2,0,2,0
dataclay,es.bsc.dataclay.communication.grpc.messages.logicmodule,LogicmoduleMessages.GetDataSetIDResponse.new AbstractParser() {...},10,0,0,0,2,0,2,0,2,0
dataclay,es.bsc.dataclay.communication.grpc.messages.logicmodule,LogicmoduleMessages.ObjectExistsInDataClayResponse.Builder,372,0,44,0,0,0,56,0,34,0
dataclay,es.bsc.dataclay.communication.grpc.messages.logicmodule,LogicmoduleMessages.NewContractResponse.new AbstractParser() {...},10,0,0,0,2,0,2,0,2,0
dataclay,es.bsc.dataclay.communication.grpc.messages.logicmodule,LogicmoduleMessages.GetContractIDsOfApplicantRequest.Builder,437,0,52,0,133,0,62,0,36,0
dataclay,es.bsc.dataclay.communication.grpc.messages.logicmodule,LogicmoduleMessages.NewNamespaceRequest.new AbstractParser() {...},10,0,0,0,2,0,2,0,2,0
dataclay,es.bsc.dataclay.communication.grpc.messages.logicmodule,LogicmoduleMessages.GetDataSetIDResponse.Builder,437,0,52,0,133,0,62,0,36,0
dataclay,es.bsc.dataclay.communication.grpc.messages.logicmodule,LogicmoduleMessages.RegisterExternalDataClayOverrideAuthorityRequest,706,0,85,0,0,0,89,0,44,0
dataclay,es.bsc.dataclay.communication.grpc.messages.logicmodule,LogicmoduleMessages.RegisterObjectsRequest.new AbstractParser() {...},10,0,0,0,0,0,2,0,2,0
dataclay,es.bsc.dataclay.communication.grpc.messages.logicmodule,LogicmoduleMessages.RegisterECARequest.new AbstractParser() {...},10,0,0,0,0,0,2,0,2,0
dataclay,es.bsc.dataclay.communication.grpc.messages.logicmodule,LogicmoduleMessages.GetMetadataByOIDForDSRequest,381,0,35,0,0,0,54,0,36,0
dataclay,es.bsc.dataclay.communication.grpc.messages.logicmodule,LogicmoduleMessages.GetOperationIDRequest.new AbstractParser() {...},10,0,0,0,2,0,2,0,2,0
dataclay,es.bsc.dataclay.communication.grpc.messages.logicmodule,LogicmoduleMessages.GetClassIDFromImportResponse,480,0,56,0,137,0,68,0,39,0
dataclay,es.bsc.dataclay.communication.grpc.messages.logicmodule,LogicmoduleMessages.PublishAddressRequest.new AbstractParser() {...},10,0,0,0,2,0,2,0,2,0
dataclay,es.bsc.dataclay.communication.grpc.messages.logicmodule,LogicmoduleMessages.RegisterExternalDataClayResponse,480,0,56,0,0,0,68,0,39,0
dataclay,es.bsc.dataclay.communication.grpc.messages.logicmodule,LogicmoduleMessages.GetInterfaceInfoRequest,570,0,67,0,0,0,76,0,41,0
dataclay,es.bsc.dataclay.communication.grpc.messages.logicmodule,LogicmoduleMessages.NewInterfaceResponse,480,0,56,0,0,0,68,0,39,0
dataclay,es.bsc.dataclay.communication.grpc.messages.logicmodule,LogicmoduleMessages.GetClassesInNamespaceRequest,381,0,35,0,0,0,54,0,36,0
dataclay,es.bsc.dataclay.communication.grpc.messages.logicmodule,LogicmoduleMessages.GetClassesInNamespaceResponse.Builder,619,0,66,0,0,0,79,0,46,0
dataclay,es.bsc.dataclay.communication.grpc.messages.logicmodule,LogicmoduleMessages.GetInterfaceInfoResponse.new AbstractParser() {...},10,0,0,0,0,0,2,0,2,0
dataclay,es.bsc.dataclay.communication.grpc.messages.logicmodule,LogicmoduleMessages.GetClassNameForDSResponse,480,0,56,0,0,0,68,0,39,0
dataclay,es.bsc.dataclay.communication.grpc.messages.logicmodule,LogicmoduleMessages.GetDataContractIDsOfProviderRequest,570,0,67,0,0,0,76,0,41,0
dataclay,es.bsc.dataclay.communication.grpc.messages.logicmodule,LogicmoduleMessages.GetBabelStubsRequest.new AbstractParser() {...},10,0,0,0,0,0,2,0,2,0
dataclay,es.bsc.dataclay.communication.grpc.messages.logicmodule,LogicmoduleMessages.GetDataContractIDsOfProviderRequest.Builder,535,0,62,0,0,0,72,0,41,0
dataclay,es.bsc.dataclay.communication.grpc.messages.logicmodule,LogicmoduleMessages.CheckDataSetIsPublicResponse.new AbstractParser() {...},10,0,0,0,2,0,2,0,2,0
dataclay,es.bsc.dataclay.communication.grpc.messages.logicmodule,LogicmoduleMessages.GetMetadataByOIDRequest.new AbstractParser() {...},10,0,0,0,0,0,2,0,2,0
dataclay,es.bsc.dataclay.communication.grpc.messages.logicmodule,LogicmoduleMessages.GetClassNameAndNamespaceForDSResponse.new AbstractParser() {...},10,0,0,0,0,0,2,0,2,0
dataclay,es.bsc.dataclay.communication.grpc.messages.logicmodule,LogicmoduleMessages.GetDataSetIDResponse,480,0,56,0,137,0,68,0,39,0
dataclay,es.bsc.dataclay.communication.grpc.messages.logicmodule,LogicmoduleMessages.GetAllExecutionEnvironmentsInfoRequest,450,0,47,0,0,0,63,0,38,0
dataclay,es.bsc.dataclay.communication.grpc.messages.logicmodule,LogicmoduleMessages.GetContractsOfApplicantWithProvRequest,570,0,67,0,163,0,76,0,41,0
dataclay,es.bsc.dataclay.communication.grpc.messages.logicmodule,LogicmoduleMessages.SynchronizeFederatedObjectRequest.new AbstractParser() {...},10,0,0,0,0,0,2,0,2,0
dataclay,es.bsc.dataclay.communication.grpc.messages.logicmodule,LogicmoduleMessages.NewNamespaceResponse.new AbstractParser() {...},10,0,0,0,2,0,2,0,2,0
dataclay,es.bsc.dataclay.communication.grpc.messages.logicmodule,LogicmoduleMessages.GetContractIDsOfApplicantResponse.ContractsDefaultEntryHolder,8,0,0,0,3,0,1,0,1,0
dataclay,es.bsc.dataclay.communication.grpc.messages.logicmodule,LogicmoduleMessages.GetObjectsMetaDataInfoOfClassForNMRequest,381,0,35,0,0,0,54,0,36,0
dataclay,es.bsc.dataclay.communication.grpc.messages.logicmodule,LogicmoduleMessages.NewInterfaceResponse.new AbstractParser() {...},10,0,0,0,0,0,2,0,2,0
dataclay,es.bsc.dataclay.communication.grpc.messages.logicmodule,LogicmoduleMessages.GetAllExecutionEnvironmentsInfoResponse.Builder,542,0,68,0,0,0,80,0,46,0
dataclay,es.bsc.dataclay.communication.grpc.messages.logicmodule,LogicmoduleMessages.UnregisterExecutionEnvironmentRequest,381,0,35,0,115,0,54,0,36,0
dataclay,es.bsc.dataclay.communication.grpc.messages.logicmodule,LogicmoduleMessages.RegisterObjectsRequest,566,0,57,0,0,0,73,0,43,0
dataclay,es.bsc.dataclay.communication.grpc.messages.logicmodule,LogicmoduleMessages.GetAccountListRequest.new AbstractParser() {...},10,0,0,0,2,0,2,0,2,0
dataclay,es.bsc.dataclay.communication.grpc.messages.logicmodule,LogicmoduleMessages.PerformSetAccountsResponse.new AbstractParser() {...},10,0,0,0,2,0,2,0,2,0
dataclay,es.bsc.dataclay.communication.grpc.messages.logicmodule,LogicmoduleMessages.GetInterfaceInfoResponse,480,0,56,0,0,0,68,0,39,0
dataclay,es.bsc.dataclay.communication.grpc.messages.logicmodule,LogicmoduleMessages.GetInfoOfClassesInNamespaceResponse.new AbstractParser() {...},10,0,0,0,2,0,2,0,2,0
dataclay,es.bsc.dataclay.communication.grpc.messages.logicmodule,LogicmoduleMessages.GetPropertyIDRequest,750,0,89,0,215,0,92,0,45,0
dataclay,es.bsc.dataclay.communication.grpc.messages.logicmodule,LogicmoduleMessages.GetObjectsMetaDataInfoOfClassForNMRequest.new AbstractParser() {...},10,0,0,0,0,0,2,0,2,0
dataclay,es.bsc.dataclay.communication.grpc.messages.logicmodule,LogicmoduleMessages.GetContractIDOfDataClayProviderRequest.Builder,437,0,52,0,0,0,62,0,36,0
dataclay,es.bsc.dataclay.communication.grpc.messages.logicmodule,LogicmoduleMessages.GetBabelStubsResponse.Builder,386,0,46,0,0,0,57,0,34,0
dataclay,es.bsc.dataclay.communication.grpc.messages.logicmodule,LogicmoduleMessages.GetContractsOfApplicantWithProvResponse.new AbstractParser() {...},10,0,0,0,2,0,2,0,2,0
dataclay,es.bsc.dataclay.communication.grpc.messages.logicmodule,LogicmoduleMessages.SynchronizeFederatedObjectRequest.Builder,666,0,74,0,0,0,86,0,49,0
dataclay,es.bsc.dataclay.communication.grpc.messages.logicmodule,LogicmoduleMessages.GetDataContractIDsOfApplicantResponse.Builder,542,0,68,0,0,0,80,0,46,0
dataclay,es.bsc.dataclay.communication.grpc.messages.logicmodule,LogicmoduleMessages.NewClassRequest,737,0,88,0,198,0,95,0,49,0
dataclay,es.bsc.dataclay.communication.grpc.messages.logicmodule,LogicmoduleMessages.RemoveImplementationRequest.new AbstractParser() {...},10,0,0,0,2,0,2,0,2,0
dataclay,es.bsc.dataclay.communication.grpc.messages.logicmodule,LogicmoduleMessages.SetObjectReadOnlyRequest,471,0,46,0,0,0,62,0,38,0
dataclay,es.bsc.dataclay.communication.grpc.messages.logicmodule,LogicmoduleMessages.NewInterfaceRequest.Builder,535,0,62,0,0,0,72,0,41,0
dataclay,es.bsc.dataclay.communication.grpc.messages.logicmodule,LogicmoduleMessages.GetClassInfoResponse.Builder,437,0,52,0,133,0,62,0,36,0
dataclay,es.bsc.dataclay.communication.grpc.messages.logicmodule,LogicmoduleMessages.ExecuteImplementationRequest.Builder,927,0,102,0,0,0,112,0,61,0
dataclay,es.bsc.dataclay.communication.grpc.messages.logicmodule,LogicmoduleMessages.ObjectExistsInDataClayRequest.Builder,246,0,20,0,0,0,37,0,27,0
dataclay,es.bsc.dataclay.communication.grpc.messages.logicmodule,LogicmoduleMessages.GetContractsOfApplicantWithProvRequest.Builder,535,0,62,0,167,0,72,0,41,0
dataclay,es.bsc.dataclay.communication.grpc.messages.logicmodule,LogicmoduleMessages.GetContractIDOfDataClayProviderResponse,480,0,56,0,0,0,68,0,39,0
dataclay,es.bsc.dataclay.communication.grpc.messages.logicmodule,LogicmoduleMessages.RemoveClassRequest,660,0,78,0,189,0,84,0,43,0
dataclay,es.bsc.dataclay.communication.grpc.messages.logicmodule,LogicmoduleMessages.SetDataSetIDFromGarbageCollectorRequest.new AbstractParser() {...},10,0,0,0,0,0,2,0,2,0
dataclay,es.bsc.dataclay.communication.grpc.messages.logicmodule,LogicmoduleMessages.GetImportedClassesInfoInNamespaceRequest,570,0,67,0,163,0,76,0,41,0
dataclay,es.bsc.dataclay.communication.grpc.messages.logicmodule,LogicmoduleMessages.RegisterToPublicContractOfNamespaceResponse.new AbstractParser() {...},10,0,0,0,2,0,2,0,2,0
dataclay,es.bsc.dataclay.communication.grpc.messages.logicmodule,LogicmoduleMessages.ImportContractRequest.Builder,633,0,72,0,201,0,82,0,46,0
dataclay,es.bsc.dataclay.communication.grpc.messages.logicmodule,LogicmoduleMessages.MoveObjectResponse.new AbstractParser() {...},10,0,0,0,0,0,2,0,2,0
dataclay,es.bsc.dataclay.communication.grpc.messages.logicmodule,LogicmoduleMessages.ImportContractRequest.new AbstractParser() {...},10,0,0,0,2,0,2,0,2,0
dataclay,es.bsc.dataclay.communication.grpc.messages.logicmodule,LogicmoduleMessages.MoveObjectRequest.new AbstractParser() {...},10,0,0,0,0,0,2,0,2,0
dataclay,es.bsc.dataclay.communication.grpc.messages.logicmodule,LogicmoduleMessages.GetImportedClassesInfoInNamespaceResponse.ImportedClassesDefaultEntryHolder,8,0,0,0,3,0,1,0,1,0
dataclay,es.bsc.dataclay.communication.grpc.messages.logicmodule,LogicmoduleMessages.RegisterToPublicDataContractRequest,570,0,67,0,0,0,76,0,41,0
dataclay,es.bsc.dataclay.communication.grpc.messages.logicmodule,LogicmoduleMessages.MoveObjectRequest,698,0,75,0,0,0,83,0,43,0
dataclay,es.bsc.dataclay.communication.grpc.messages.logicmodule,LogicmoduleMessages.GetClassesInNamespaceResponse,606,0,69,0,0,0,79,0,43,0
dataclay,es.bsc.dataclay.communication.grpc.messages.logicmodule,LogicmoduleMessages.GetDataContractInfoOfApplicantWithProvRequest,570,0,67,0,0,0,76,0,41,0
dataclay,es.bsc.dataclay.communication.grpc.messages.logicmodule,LogicmoduleMessages.NewContractResponse,480,0,56,0,137,0,68,0,39,0
dataclay,es.bsc.dataclay.communication.grpc.messages.logicmodule,LogicmoduleMessages.GetStubsResponse.new AbstractParser() {...},10,0,0,0,0,0,2,0,2,0
dataclay,es.bsc.dataclay.communication.grpc.messages.logicmodule,LogicmoduleMessages.RegisterToPublicContractRequest,570,0,67,0,163,0,76,0,41,0
dataclay,es.bsc.dataclay.communication.grpc.messages.logicmodule,LogicmoduleMessages.GetContractIDsOfApplicantResponse.new AbstractParser() {...},10,0,0,0,2,0,2,0,2,0
dataclay,es.bsc.dataclay.communication.grpc.messages.logicmodule,LogicmoduleMessages.NewSessionRequest.new AbstractParser() {...},10,0,0,0,2,0,2,0,2,0
dataclay,es.bsc.dataclay.communication.grpc.messages.logicmodule,LogicmoduleMessages.SetDataSetIDRequest,561,0,57,0,0,0,70,0,40,0
dataclay,es.bsc.dataclay.communication.grpc.messages.logicmodule,LogicmoduleMessages.ExistsActiveEnvironmentsForSLRequest.Builder,246,0,20,0,0,0,37,0,27,0
dataclay,es.bsc.dataclay.communication.grpc.messages.logicmodule,LogicmoduleMessages.GetExtDataClayInfoResponse,489,0,66,0,0,0,74,0,40,0
dataclay,es.bsc.dataclay.communication.grpc.messages.logicmodule,LogicmoduleMessages.GetContractIDsOfProviderResponse.new AbstractParser() {...},10,0,0,0,2,0,2,0,2,0
dataclay,es.bsc.dataclay.communication.grpc.messages.logicmodule,LogicmoduleMessages.PerformSetAccountsRequest,570,0,67,0,163,0,76,0,41,0
dataclay,es.bsc.dataclay.communication.grpc.messages.logicmodule,LogicmoduleMessages.SetObjectReadOnlyRequest.new AbstractParser() {...},10,0,0,0,0,0,2,0,2,0
dataclay,es.bsc.dataclay.communication.grpc.messages.logicmodule,LogicmoduleMessages.GetObjectFromAliasResponse.Builder,633,0,72,0,0,0,82,0,46,0
dataclay,es.bsc.dataclay.communication.grpc.messages.logicmodule,LogicmoduleMessages.GetClassNameAndNamespaceForDSResponse.Builder,535,0,62,0,0,0,72,0,41,0
dataclay,es.bsc.dataclay.communication.grpc.messages.logicmodule,LogicmoduleMessages.GetObjectInfoRequest.Builder,344,0,30,0,0,0,47,0,32,0
dataclay,es.bsc.dataclay.communication.grpc.messages.logicmodule,LogicmoduleMessages.RegisterObjectsRequest.Builder,781,0,84,0,0,0,94,0,52,0
dataclay,es.bsc.dataclay.communication.grpc.messages.logicmodule,LogicmoduleMessages.RegisterToPublicContractOfNamespaceRequest.Builder,535,0,62,0,167,0,72,0,41,0
dataclay,es.bsc.dataclay.communication.grpc.messages.logicmodule,LogicmoduleMessages.MetadataInfo.Builder,853,0,76,0,0,0,98,0,60,0
dataclay,es.bsc.dataclay.communication.grpc.messages.logicmodule,LogicmoduleMessages.GetContractIDsOfProviderResponse,582,0,68,0,157,0,80,0,45,0
dataclay,es.bsc.dataclay.communication.grpc.messages.logicmodule,LogicmoduleMessages.GetExternalDataclayIDRequest.Builder,279,0,22,0,0,0,41,0,30,0
dataclay,es.bsc.dataclay.communication.grpc.messages.logicmodule,LogicmoduleMessages.GetExternalDataclayIDRequest,427,0,42,0,0,0,59,0,37,0
dataclay,es.bsc.dataclay.communication.grpc.messages.logicmodule,LogicmoduleMessages.RegisterObjectForGCRequest.new AbstractParser() {...},10,0,0,0,0,0,2,0,2,0
dataclay,es.bsc.dataclay.communication.grpc.messages.logicmodule,LogicmoduleMessages.RemoveOperationRequest.Builder,731,0,82,0,235,0,92,0,51,0
dataclay,es.bsc.dataclay.communication.grpc.messages.logicmodule,LogicmoduleMessages.UnregisterStorageLocationRequest,381,0,35,0,115,0,54,0,36,0
dataclay,es.bsc.dataclay.communication.grpc.messages.logicmodule,LogicmoduleMessages.RegisterObjectsResponse,516,0,58,0,0,0,71,0,41,0
dataclay,es.bsc.dataclay.communication.grpc.messages.logicmodule,LogicmoduleMessages.GetObjectsMetaDataInfoOfClassForNMRequest.Builder,246,0,20,0,0,0,37,0,27,0
dataclay,es.bsc.dataclay.communication.grpc.messages.logicmodule,LogicmoduleMessages.GetContractIDsOfProviderRequest,570,0,67,0,163,0,76,0,41,0
dataclay,es.bsc.dataclay.communication.grpc.messages.logicmodule,LogicmoduleMessages.RegisterExternalDataClayRequest.Builder,279,0,22,0,0,0,41,0,30,0
dataclay,es.bsc.dataclay.communication.grpc.messages.logicmodule,LogicmoduleMessages.MetadataInfo,914,0,99,0,0,0,102,0,49,0
dataclay,es.bsc.dataclay.communication.grpc.messages.logicmodule,LogicmoduleMessages.GetObjectDataSetIDRequest,471,0,46,0,141,0,62,0,38,0
dataclay,es.bsc.dataclay.communication.grpc.messages.logicmodule,LogicmoduleMessages.ImportContractRequest,660,0,78,0,189,0,84,0,43,0
dataclay,es.bsc.dataclay.communication.grpc.messages.logicmodule,LogicmoduleMessages.RegisterToPublicDataContractRequest.new AbstractParser() {...},10,0,0,0,0,0,2,0,2,0
dataclay,es.bsc.dataclay.communication.grpc.messages.logicmodule,LogicmoduleMessages.GetObjectFromAliasRequest.new AbstractParser() {...},10,0,0,0,0,0,2,0,2,0
dataclay,es.bsc.dataclay.communication.grpc.messages.logicmodule,LogicmoduleMessages.NewDataContractRequest.Builder,535,0,62,0,0,0,72,0,41,0
dataclay,es.bsc.dataclay.communication.grpc.messages.logicmodule,LogicmoduleMessages.GetNamespacesResponse.Builder,521,0,56,0,149,0,69,0,41,0
dataclay,es.bsc.dataclay.communication.grpc.messages.logicmodule,LogicmoduleMessages.GetMetadataByOIDResponse,489,0,66,0,0,0,74,0,40,0
dataclay,es.bsc.dataclay.communication.grpc.messages.logicmodule,LogicmoduleMessages,3949,0,0,0,3,0,4,0,4,0
dataclay,es.bsc.dataclay.communication.grpc.messages.logicmodule,LogicmoduleMessages.RegisterToPublicDataContractRequest.Builder,535,0,62,0,0,0,72,0,41,0
dataclay,es.bsc.dataclay.communication.grpc.messages.logicmodule,LogicmoduleMessages.GetObjectsMetaDataInfoOfClassForNMResponse.new AbstractParser() {...},10,0,0,0,0,0,2,0,2,0
dataclay,es.bsc.dataclay.communication.grpc.messages.logicmodule,LogicmoduleMessages.NotifyStorageLocationShutdownRequest.new AbstractParser() {...},10,0,0,0,0,0,2,0,2,0
dataclay,es.bsc.dataclay.communication.grpc.messages.logicmodule,LogicmoduleMessages.GetAccountListResponse.Builder,521,0,56,0,149,0,69,0,41,0
dataclay,es.bsc.dataclay.communication.grpc.messages.logicmodule,LogicmoduleMessages.GetNamespacesResponse,516,0,58,0,137,0,71,0,41,0
dataclay,es.bsc.dataclay.communication.grpc.messages.logicmodule,LogicmoduleMessages.GetExecutionEnvironmentInfoResponse,489,0,66,0,0,0,74,0,40,0
dataclay,es.bsc.dataclay.communication.grpc.messages.logicmodule,LogicmoduleMessages.GetStubsResponse.StubsDefaultEntryHolder,8,0,0,0,0,0,1,0,1,0
dataclay,es.bsc.dataclay.communication.grpc.messages.logicmodule,LogicmoduleMessages.RemoveDataSetRequest.Builder,535,0,62,0,167,0,72,0,41,0
dataclay,es.bsc.dataclay.communication.grpc.messages.logicmodule,LogicmoduleMessages.GetContractIDsOfProviderRequest.new AbstractParser() {...},10,0,0,0,2,0,2,0,2,0
dataclay,es.bsc.dataclay.communication.grpc.messages.logicmodule,LogicmoduleMessages.NotifyExecutionEnvironmentShutdownRequest.Builder,246,0,20,0,0,0,37,0,27,0
dataclay,es.bsc.dataclay.communication.grpc.messages.logicmodule,LogicmoduleMessages.GetClassIDResponse.new AbstractParser() {...},10,0,0,0,2,0,2,0,2,0
dataclay,es.bsc.dataclay.communication.grpc.messages.logicmodule,LogicmoduleMessages.GetNamespaceLangRequest,570,0,67,0,163,0,76,0,41,0
dataclay,es.bsc.dataclay.communication.grpc.messages.logicmodule,LogicmoduleMessages.GetClassIDFromImportResponse.Builder,437,0,52,0,133,0,62,0,36,0
dataclay,es.bsc.dataclay.communication.grpc.messages.logicmodule,LogicmoduleMessages.AddAliasRequest,471,0,46,0,0,0,62,0,38,0
dataclay,es.bsc.dataclay.communication.grpc.messages.logicmodule,LogicmoduleMessages.GetAccountIDResponse,480,0,56,0,137,0,68,0,39,0
dataclay,es.bsc.dataclay.communication.grpc.messages.logicmodule,LogicmoduleMessages.NewNamespaceRequest.Builder,535,0,62,0,167,0,72,0,41,0
dataclay,es.bsc.dataclay.communication.grpc.messages.logicmodule,LogicmoduleMessages.GetClassesInNamespaceResponse.new AbstractParser() {...},10,0,0,0,0,0,2,0,2,0
dataclay,es.bsc.dataclay.communication.grpc.messages.logicmodule,LogicmoduleMessages.RegisterECARequest.Builder,535,0,62,0,0,0,72,0,41,0
dataclay,es.bsc.dataclay.communication.grpc.messages.logicmodule,LogicmoduleMessages.AutoRegisterEEResponse.Builder,437,0,52,0,133,0,62,0,36,0
dataclay,es.bsc.dataclay.communication.grpc.messages.logicmodule,LogicmoduleMessages.RemoveInterfaceRequest.Builder,633,0,72,0,0,0,82,0,46,0
dataclay,es.bsc.dataclay.communication.grpc.messages.logicmodule,LogicmoduleMessages.PerformSetAccountsRequest.new AbstractParser() {...},10,0,0,0,2,0,2,0,2,0
dataclay,es.bsc.dataclay.communication.grpc.messages.logicmodule,LogicmoduleMessages.GetNamespaceLangResponse.Builder,402,0,48,0,118,0,60,0,36,0
dataclay,es.bsc.dataclay.communication.grpc.messages.logicmodule,LogicmoduleMessages.PerformSetOperationsRequest.Builder,535,0,62,0,167,0,72,0,41,0
dataclay,es.bsc.dataclay.communication.grpc.messages.logicmodule,LogicmoduleMessages.GetStorageLocationInfoRequest.new AbstractParser() {...},10,0,0,0,0,0,2,0,2,0
dataclay,es.bsc.dataclay.communication.grpc.messages.logicmodule,LogicmoduleMessages.GetDataSetIDRequest,570,0,67,0,163,0,76,0,41,0
dataclay,es.bsc.dataclay.communication.grpc.messages.logicmodule,LogicmoduleMessages.GetDataContractIDsOfApplicantResponse.new AbstractParser() {...},10,0,0,0,0,0,2,0,2,0
dataclay,es.bsc.dataclay.communication.grpc.messages.logicmodule,LogicmoduleMessages.GetObjectInfoRequest,471,0,46,0,0,0,62,0,38,0
dataclay,es.bsc.dataclay.communication.grpc.messages.logicmodule,LogicmoduleMessages.GetAllExecutionEnvironmentsInfoResponse,582,0,68,0,0,0,80,0,45,0
dataclay,es.bsc.dataclay.communication.grpc.messages.logicmodule,LogicmoduleMessages.GetDataContractInfoOfApplicantWithProvResponse.Builder,437,0,52,0,0,0,62,0,36,0
dataclay,es.bsc.dataclay.communication.grpc.messages.logicmodule,LogicmoduleMessages.GetObjectsMetaDataInfoOfClassForNMResponse,582,0,68,0,0,0,80,0,45,0
dataclay,es.bsc.dataclay.communication.grpc.messages.logicmodule,LogicmoduleMessages.AutoRegisterEEResponse,480,0,56,0,137,0,68,0,39,0
dataclay,es.bsc.dataclay.communication.grpc.messages.logicmodule,LogicmoduleMessages.PublishAddressRequest,427,0,42,0,127,0,59,0,37,0
dataclay,es.bsc.dataclay.communication.grpc.messages.logicmodule,LogicmoduleMessages.GetExtDataClayInfoResponse.Builder,530,0,74,0,0,0,77,0,40,0
dataclay,es.bsc.dataclay.communication.grpc.messages.logicmodule,LogicmoduleMessages.RegisterToPublicContractOfNamespaceRequest.new AbstractParser() {...},10,0,0,0,2,0,2,0,2,0
dataclay,es.bsc.dataclay.communication.grpc.messages.logicmodule,LogicmoduleMessages.ExistsActiveEnvironmentsForSLRequest,381,0,35,0,0,0,54,0,36,0
dataclay,es.bsc.dataclay.communication.grpc.messages.logicmodule,LogicmoduleMessages.SynchronizeFederatedObjectRequest,707,0,85,0,0,0,89,0,44,0
dataclay,es.bsc.dataclay.communication.grpc.messages.logicmodule,LogicmoduleMessages.GetPropertyIDResponse.new AbstractParser() {...},10,0,0,0,2,0,2,0,2,0
dataclay,es.bsc.dataclay.communication.grpc.messages.logicmodule,LogicmoduleMessages.GetInfoOfClassesInNamespaceResponse.Builder,542,0,68,0,151,0,80,0,46,0
dataclay,es.bsc.dataclay.communication.grpc.messages.logicmodule,LogicmoduleMessages.ExecuteMethodOnTargetRequest.new AbstractParser() {...},10,0,0,0,0,0,2,0,2,0
dataclay,es.bsc.dataclay.communication.grpc.messages.logicmodule,LogicmoduleMessages.GetClassNameForDSRequest.new AbstractParser() {...},10,0,0,0,0,0,2,0,2,0
dataclay,es.bsc.dataclay.communication.grpc.messages.logicmodule,LogicmoduleMessages.GetClassNameForDSRequest.Builder,246,0,20,0,0,0,37,0,27,0
dataclay,es.bsc.dataclay.communication.grpc.messages.logicmodule,LogicmoduleMessages.GetClassNameAndNamespaceForDSResponse,570,0,67,0,0,0,76,0,41,0
dataclay,es.bsc.dataclay.communication.grpc.messages.logicmodule,LogicmoduleMessages.GetBabelStubsRequest,606,0,69,0,0,0,79,0,43,0
dataclay,es.bsc.dataclay.communication.grpc.messages.logicmodule,LogicmoduleMessages.GetObjectInfoRequest.new AbstractParser() {...},10,0,0,0,0,0,2,0,2,0
dataclay,es.bsc.dataclay.communication.grpc.messages.logicmodule,LogicmoduleMessages.GetMetadataByOIDForDSRequest.Builder,246,0,20,0,0,0,37,0,27,0
dataclay,es.bsc.dataclay.communication.grpc.messages.logicmodule,LogicmoduleMessages.GetClassIDRequest.Builder,633,0,72,0,201,0,82,0,46,0
dataclay,es.bsc.dataclay.communication.grpc.messages.logicmodule,LogicmoduleMessages.GetImportedClassesInfoInNamespaceRequest.new AbstractParser() {...},10,0,0,0,2,0,2,0,2,0
dataclay,es.bsc.dataclay.communication.grpc.messages.logicmodule,LogicmoduleMessages.GetPublicDataSetsResponse.Builder,521,0,56,0,149,0,69,0,41,0
dataclay,es.bsc.dataclay.communication.grpc.messages.logicmodule,LogicmoduleMessages.NewClassResponse,582,0,68,0,157,0,80,0,45,0
dataclay,es.bsc.dataclay.communication.grpc.messages.logicmodule,LogicmoduleMessages.SetDataSetIDRequest.new AbstractParser() {...},10,0,0,0,0,0,2,0,2,0
dataclay,es.bsc.dataclay.communication.grpc.messages.logicmodule,LogicmoduleMessages.NewContractRequest.new AbstractParser() {...},10,0,0,0,2,0,2,0,2,0
dataclay,es.bsc.dataclay.communication.grpc.messages.logicmodule,LogicmoduleMessages.GetClassInfoRequest.new AbstractParser() {...},10,0,0,0,2,0,2,0,2,0
dataclay,es.bsc.dataclay.communication.grpc.messages.logicmodule,LogicmoduleMessages.AutoRegisterSLRequest.new AbstractParser() {...},10,0,0,0,2,0,2,0,2,0
dataclay,es.bsc.dataclay.communication.grpc.messages.logicmodule,LogicmoduleMessages.NewContractRequest,570,0,67,0,163,0,76,0,41,0
dataclay,es.bsc.dataclay.communication.grpc.messages.logicmodule,LogicmoduleMessages.GetAccountDataSetsResponse.new AbstractParser() {...},10,0,0,0,2,0,2,0,2,0
dataclay,es.bsc.dataclay.communication.grpc.messages.logicmodule,LogicmoduleMessages.RemoveDataSetRequest.new AbstractParser() {...},10,0,0,0,2,0,2,0,2,0
dataclay,es.bsc.dataclay.communication.grpc.messages.logicmodule,LogicmoduleMessages.GetBabelStubsResponse,443,0,52,0,0,0,65,0,38,0
dataclay,es.bsc.dataclay.communication.grpc.messages.logicmodule,LogicmoduleMessages.GetStorageLocationInfoResponse,489,0,66,0,0,0,74,0,40,0
dataclay,es.bsc.dataclay.communication.grpc.messages.logicmodule,LogicmoduleMessages.GetPublicDataSetsRequest.new AbstractParser() {...},10,0,0,0,2,0,2,0,2,0
dataclay,es.bsc.dataclay.communication.grpc.messages.logicmodule,LogicmoduleMessages.NewClassResponse.NewClassesDefaultEntryHolder,8,0,0,0,3,0,1,0,1,0
dataclay,es.bsc.dataclay.communication.grpc.messages.logicmodule,LogicmoduleMessages.GetClassInfoRequest.Builder,633,0,72,0,201,0,82,0,46,0
dataclay,es.bsc.dataclay.communication.grpc.messages.logicmodule,LogicmoduleMessages.NewSessionResponse,480,0,56,0,137,0,68,0,39,0
dataclay,es.bsc.dataclay.communication.grpc.messages.logicmodule,LogicmoduleMessages.NotifyExecutionEnvironmentShutdownRequest,381,0,35,0,0,0,54,0,36,0
dataclay,es.bsc.dataclay.communication.grpc.messages.logicmodule,LogicmoduleMessages.GetDataContractIDsOfProviderRequest.new AbstractParser() {...},10,0,0,0,0,0,2,0,2,0
dataclay,es.bsc.dataclay.communication.grpc.messages.logicmodule,LogicmoduleMessages.AddAliasRequest.Builder,344,0,30,0,0,0,47,0,32,0
dataclay,es.bsc.dataclay.communication.grpc.messages.logicmodule,LogicmoduleMessages.GetAccountIDResponse.new AbstractParser() {...},10,0,0,0,2,0,2,0,2,0
dataclay,es.bsc.dataclay.communication.grpc.messages.logicmodule,LogicmoduleMessages.ExecuteImplementationResponse,489,0,66,0,0,0,74,0,40,0
dataclay,es.bsc.dataclay.communication.grpc.messages.logicmodule,LogicmoduleMessages.ExecuteImplementationRequest.new AbstractParser() {...},10,0,0,0,0,0,2,0,2,0
dataclay,es.bsc.dataclay.communication.grpc.messages.logicmodule,LogicmoduleMessages.GetAllExecutionEnvironmentsInfoResponse.ExecEnvsDefaultEntryHolder,8,0,0,0,0,0,1,0,1,0
dataclay,es.bsc.dataclay.communication.grpc.messages.logicmodule,LogicmoduleMessages.ExecuteMethodOnTargetRequest.Builder,731,0,82,0,0,0,92,0,51,0
dataclay,es.bsc.dataclay.communication.grpc.messages.logicmodule,LogicmoduleMessages.GetContractIDOfDataClayProviderResponse.new AbstractParser() {...},10,0,0,0,0,0,2,0,2,0
dataclay,es.bsc.dataclay.communication.grpc.messages.logicmodule,LogicmoduleMessages.RemoveClassRequest.Builder,633,0,72,0,201,0,82,0,46,0
dataclay,es.bsc.dataclay.communication.grpc.messages.logicmodule,LogicmoduleMessages.GetContractIDOfDataClayProviderRequest.new AbstractParser() {...},10,0,0,0,0,0,2,0,2,0
dataclay,es.bsc.dataclay.communication.grpc.messages.logicmodule,LogicmoduleMessages.RegisterObjectForGCRequest,480,0,56,0,0,0,68,0,39,0
dataclay,es.bsc.dataclay.communication.grpc.messages.logicmodule,LogicmoduleMessages.RegisterToPublicContractOfNamespaceResponse,480,0,56,0,137,0,68,0,39,0
dataclay,es.bsc.dataclay.communication.grpc.messages.logicmodule,LogicmoduleMessages.ExecuteMethodOnTargetRequest,750,0,89,0,0,0,92,0,45,0
dataclay,es.bsc.dataclay.communication.grpc.messages.logicmodule,LogicmoduleMessages.GetPropertyIDResponse.Builder,437,0,52,0,133,0,62,0,36,0
dataclay,es.bsc.dataclay.communication.grpc.messages.logicmodule,LogicmoduleMessages.NewClassRequest.Builder,703,0,84,0,204,0,98,0,56,0
dataclay,es.bsc.dataclay.communication.grpc.messages.logicmodule,LogicmoduleMessages.UnregisterObjectsRequest.new AbstractParser() {...},10,0,0,0,0,0,2,0,2,0
dataclay,es.bsc.dataclay.communication.grpc.messages.logicmodule,LogicmoduleMessages.DeleteAliasRequest.new AbstractParser() {...},10,0,0,0,0,0,2,0,2,0
dataclay,es.bsc.dataclay.communication.grpc.messages.logicmodule,LogicmoduleMessages.GetObjectsMetaDataInfoOfClassForNMResponse.MdataInfoDefaultEntryHolder,8,0,0,0,0,0,1,0,1,0
dataclay,es.bsc.dataclay.communication.grpc.messages.logicmodule,LogicmoduleMessages.GetStorageLocationInfoResponse.Builder,530,0,74,0,0,0,77,0,40,0
dataclay,es.bsc.dataclay.communication.grpc.messages.logicmodule,LogicmoduleMessages.GetDataContractIDsOfProviderResponse.new AbstractParser() {...},10,0,0,0,0,0,2,0,2,0
dataclay,es.bsc.dataclay.communication.grpc.messages.logicmodule,LogicmoduleMessages.NewDataContractResponse.new AbstractParser() {...},10,0,0,0,0,0,2,0,2,0
dataclay,es.bsc.dataclay.communication.grpc.messages.logicmodule,LogicmoduleMessages.AutoRegisterEERequest.Builder,538,0,48,0,179,0,69,0,45,0
dataclay,es.bsc.dataclay.communication.grpc.messages.logicmodule,LogicmoduleMessages.NewNamespaceResponse,480,0,56,0,137,0,68,0,39,0
dataclay,es.bsc.dataclay.communication.grpc.messages.logicmodule,LogicmoduleMessages.GetDataContractIDsOfApplicantResponse,582,0,68,0,0,0,80,0,45,0
dataclay,es.bsc.dataclay.communication.grpc.messages.logicmodule,LogicmoduleMessages.NewAccountNoAdminRequest,381,0,35,0,115,0,54,0,36,0
dataclay,es.bsc.dataclay.communication.grpc.messages.logicmodule,LogicmoduleMessages.ImportModelsFromExternalDataClayRequest.Builder,344,0,30,0,0,0,47,0,32,0
dataclay,es.bsc.dataclay.communication.grpc.messages.logicmodule,LogicmoduleMessages.CheckDataSetIsPublicResponse,437,0,52,0,124,0,65,0,38,0
dataclay,es.bsc.dataclay.communication.grpc.messages.logicmodule,LogicmoduleMessages.GetClassNameAndNamespaceForDSRequest.Builder,246,0,20,0,0,0,37,0,27,0
dataclay,es.bsc.dataclay.communication.grpc.messages.logicmodule,LogicmoduleMessages.RemoveImplementationRequest,750,0,89,0,215,0,92,0,45,0
dataclay,es.bsc.dataclay.communication.grpc.messages.logicmodule,LogicmoduleMessages.GetMetadataByOIDRequest.Builder,344,0,30,0,0,0,47,0,32,0
dataclay,es.bsc.dataclay.communication.grpc.messages.logicmodule,LogicmoduleMessages.DeleteAliasResponse.Builder,437,0,52,0,0,0,62,0,36,0
dataclay,es.bsc.dataclay.communication.grpc.messages.logicmodule,LogicmoduleMessages.GetImportedClassesInfoInNamespaceRequest.Builder,535,0,62,0,167,0,72,0,41,0
dataclay,es.bsc.dataclay.communication.grpc.messages.logicmodule,LogicmoduleMessages.GetObjectDataSetIDResponse.new AbstractParser() {...},10,0,0,0,2,0,2,0,2,0
dataclay,es.bsc.dataclay.communication.grpc.messages.logicmodule,LogicmoduleMessages.NewDataSetRequest.new AbstractParser() {...},10,0,0,0,2,0,2,0,2,0
dataclay,es.bsc.dataclay.communication.grpc.messages.logicmodule,LogicmoduleMessages.NewDataContractResponse,480,0,56,0,0,0,68,0,39,0
dataclay,es.bsc.dataclay.communication.grpc.messages.logicmodule,LogicmoduleMessages.GetInfoOfClassesInNamespaceRequest.Builder,535,0,62,0,167,0,72,0,41,0
dataclay,es.bsc.dataclay.communication.grpc.messages.logicmodule,LogicmoduleMessages.UnregisterObjectsRequest.Builder,330,0,24,0,0,0,44,0,32,0
dataclay,es.bsc.dataclay.communication.grpc.messages.logicmodule,LogicmoduleMessages.GetStorageLocationIDResponse.Builder,437,0,52,0,0,0,62,0,36,0
dataclay,es.bsc.dataclay.communication.grpc.messages.logicmodule,LogicmoduleMessages.RemoveOperationRequest,750,0,89,0,215,0,92,0,45,0
dataclay,es.bsc.dataclay.communication.grpc.messages.logicmodule,LogicmoduleMessages.RemoveImplementationRequest.Builder,731,0,82,0,235,0,92,0,51,0
dataclay,es.bsc.dataclay.communication.grpc.messages.logicmodule,LogicmoduleMessages.GetObjectFromAliasRequest.Builder,344,0,30,0,0,0,47,0,32,0
dataclay,es.bsc.dataclay.communication.grpc.messages.logicmodule,LogicmoduleMessages.PerformSetOperationsResponse.new AbstractParser() {...},10,0,0,0,2,0,2,0,2,0
dataclay,es.bsc.dataclay.communication.grpc.messages.logicmodule,LogicmoduleMessages.NewNamespaceRequest,570,0,67,0,163,0,76,0,41,0
dataclay,es.bsc.dataclay.communication.grpc.messages.logicmodule,LogicmoduleMessages.GetNamespacesRequest,480,0,56,0,137,0,68,0,39,0
dataclay,es.bsc.dataclay.communication.grpc.messages.logicmodule,LogicmoduleMessages.GetExecutionEnvironmentInfoRequest.new AbstractParser() {...},10,0,0,0,0,0,2,0,2,0
dataclay,es.bsc.dataclay.communication.grpc.messages.logicmodule,LogicmoduleMessages.RemoveNamespaceRequest.new AbstractParser() {...},10,0,0,0,2,0,2,0,2,0
dataclay,es.bsc.dataclay.communication.grpc.messages.logicmodule,LogicmoduleMessages.PerformSetOperationsResponse.Builder,437,0,52,0,133,0,62,0,36,0
dataclay,es.bsc.dataclay.communication.grpc.messages.logicmodule,LogicmoduleMessages.RemoveOperationRequest.new AbstractParser() {...},10,0,0,0,2,0,2,0,2,0
dataclay,es.bsc.dataclay.communication.grpc.messages.logicmodule,LogicmoduleMessages.MoveObjectRequest.Builder,573,0,52,0,0,0,71,0,45,0
dataclay,es.bsc.dataclay.communication.grpc.messages.logicmodule,LogicmoduleMessages.RegisterToPublicContractRequest.Builder,535,0,62,0,167,0,72,0,41,0
dataclay,es.bsc.dataclay.communication.grpc.messages.logicmodule,LogicmoduleMessages.GetStubsRequest.Builder,682,0,72,0,0,0,87,0,51,0
dataclay,es.bsc.dataclay.communication.grpc.messages.logicmodule,LogicmoduleMessages.GetExternalDataclayIDRequest.new AbstractParser() {...},10,0,0,0,0,0,2,0,2,0
dataclay,es.bsc.dataclay.communication.grpc.messages.logicmodule,LogicmoduleMessages.GetDataContractIDsOfProviderResponse,582,0,68,0,0,0,80,0,45,0
dataclay,es.bsc.dataclay.communication.grpc.messages.logicmodule,LogicmoduleMessages.GetDataContractIDsOfApplicantResponse.DatacontractsDefaultEntryHolder,8,0,0,0,0,0,1,0,1,0
dataclay,es.bsc.dataclay.communication.grpc.messages.logicmodule,LogicmoduleMessages.GetAccountListResponse.new AbstractParser() {...},10,0,0,0,2,0,2,0,2,0
dataclay,es.bsc.dataclay.communication.grpc.messages.logicmodule,LogicmoduleMessages.GetNamespaceIDResponse,480,0,56,0,137,0,68,0,39,0
dataclay,es.bsc.dataclay.communication.grpc.messages.logicmodule,LogicmoduleMessages.ExecuteImplementationRequest,930,0,111,0,0,0,108,0,49,0
dataclay,es.bsc.dataclay.communication.grpc.messages.logicmodule,LogicmoduleMessages.GetClassNameAndNamespaceForDSRequest,381,0,35,0,0,0,54,0,36,0
dataclay,es.bsc.dataclay.communication.grpc.messages.logicmodule,LogicmoduleMessages.GetNamespaceIDRequest,570,0,67,0,163,0,76,0,41,0
dataclay,es.bsc.dataclay.communication.grpc.messages.logicmodule,LogicmoduleMessages.GetClassesInNamespaceRequest.new AbstractParser() {...},10,0,0,0,0,0,2,0,2,0
dataclay,es.bsc.dataclay.communication.grpc.messages.logicmodule,LogicmoduleMessages.GetStorageLocationInfoRequest.Builder,279,0,22,0,0,0,41,0,30,0
dataclay,es.bsc.dataclay.communication.grpc.messages.logicmodule,LogicmoduleMessages.ObjectExistsInDataClayResponse,437,0,52,0,0,0,65,0,38,0
dataclay,es.bsc.dataclay.communication.grpc.messages.logicmodule,LogicmoduleMessages.CheckDataSetIsPublicRequest.Builder,246,0,20,0,81,0,37,0,27,0
dataclay,es.bsc.dataclay.communication.grpc.messages.logicmodule,LogicmoduleMessages.SetDataSetIDFromGarbageCollectorRequest.Builder,344,0,30,0,0,0,47,0,32,0
dataclay,es.bsc.dataclay.communication.grpc.messages.logicmodule,LogicmoduleMessages.GetStubsRequest.new AbstractParser() {...},10,0,0,0,0,0,2,0,2,0
dataclay,es.bsc.dataclay.communication.grpc.messages.logicmodule,LogicmoduleMessages.GetContractsOfApplicantWithProvRequest.new AbstractParser() {...},10,0,0,0,2,0,2,0,2,0
dataclay,es.bsc.dataclay.communication.grpc.messages.logicmodule,LogicmoduleMessages.NotifyExecutionEnvironmentShutdownRequest.new AbstractParser() {...},10,0,0,0,0,0,2,0,2,0
dataclay,es.bsc.dataclay.communication.grpc.messages.logicmodule,LogicmoduleMessages.ExecuteImplementationResponse.new AbstractParser() {...},10,0,0,0,0,0,2,0,2,0
dataclay,es.bsc.dataclay.communication.grpc.messages.logicmodule,LogicmoduleMessages.GetExecutionEnvironmentInfoResponse.new AbstractParser() {...},10,0,0,0,0,0,2,0,2,0
dataclay,es.bsc.dataclay.communication.grpc.messages.logicmodule,LogicmoduleMessages.GetMetadataByOIDRequest,471,0,46,0,0,0,62,0,38,0
dataclay,es.bsc.dataclay.communication.grpc.messages.logicmodule,LogicmoduleMessages.ActivateTracingRequest,337,0,31,0,0,0,51,0,35,0
dataclay,es.bsc.dataclay.communication.grpc.messages.logicmodule,LogicmoduleMessages.GetAccountIDRequest.new AbstractParser() {...},10,0,0,0,2,0,2,0,2,0
dataclay,es.bsc.dataclay.communication.grpc.messages.logicmodule,LogicmoduleMessages.NewSessionResponse.Builder,437,0,52,0,133,0,62,0,36,0
dataclay,es.bsc.dataclay.communication.grpc.messages.logicmodule,LogicmoduleMessages.RegisterExternalDataClayResponse.Builder,437,0,52,0,0,0,62,0,36,0
dataclay,es.bsc.dataclay.communication.grpc.messages.logicmodule,LogicmoduleMessages.GetExternalDataclayIDResponse,480,0,56,0,0,0,68,0,39,0
dataclay,es.bsc.dataclay.communication.grpc.messages.logicmodule,LogicmoduleMessages.GetObjectFromAliasRequest,471,0,46,0,0,0,62,0,38,0
dataclay,es.bsc.dataclay.communication.grpc.messages.logicmodule,LogicmoduleMessages.GetContractsOfApplicantWithProvResponse,582,0,68,0,157,0,80,0,45,0
dataclay,es.bsc.dataclay.communication.grpc.messages.logicmodule,LogicmoduleMessages.GetPropertyIDRequest.Builder,731,0,82,0,235,0,92,0,51,0
dataclay,es.bsc.dataclay.communication.grpc.messages.logicmodule,LogicmoduleMessages.GetAccountIDResponse.Builder,437,0,52,0,133,0,62,0,36,0
dataclay,es.bsc.dataclay.communication.grpc.messages.logicmodule,LogicmoduleMessages.GetContractIDsOfProviderRequest.Builder,535,0,62,0,167,0,72,0,41,0
dataclay,es.bsc.dataclay.communication.grpc.messages.logicmodule,LogicmoduleMessages.NewAccountResponse,480,0,56,0,137,0,68,0,39,0
dataclay,es.bsc.dataclay.communication.grpc.messages.logicmodule,LogicmoduleMessages.GetNamespacesResponse.new AbstractParser() {...},10,0,0,0,2,0,2,0,2,0
dataclay,es.bsc.dataclay.communication.grpc.messages.logicmodule,LogicmoduleMessages.GetExtDataClayInfoRequest.new AbstractParser() {...},10,0,0,0,0,0,2,0,2,0
dataclay,es.bsc.dataclay.communication.grpc.messages.logicmodule,LogicmoduleMessages.GetAccountDataSetsRequest.new AbstractParser() {...},10,0,0,0,2,0,2,0,2,0
dataclay,es.bsc.dataclay.communication.grpc.messages.logicmodule,LogicmoduleMessages.GetMetadataByOIDForDSRequest.new AbstractParser() {...},10,0,0,0,0,0,2,0,2,0
dataclay,es.bsc.dataclay.communication.grpc.messages.logicmodule,LogicmoduleMessages.GetObjectFromAliasResponse,660,0,78,0,0,0,84,0,43,0
dataclay,es.bsc.dataclay.communication.grpc.messages.logicmodule,LogicmoduleMessages.AdviseEventRequest.Builder,246,0,20,0,0,0,37,0,27,0
dataclay,es.bsc.dataclay.communication.grpc.messages.logicmodule,LogicmoduleMessages.IsPrefetchingEnabledResponse.Builder,372,0,44,0,0,0,56,0,34,0
dataclay,es.bsc.dataclay.communication.grpc.messages.logicmodule,LogicmoduleMessages.GetContractIDsOfApplicantRequest,480,0,56,0,137,0,68,0,39,0
dataclay,es.bsc.dataclay.communication.grpc.messages.logicmodule,LogicmoduleMessages.RegisterToPublicContractRequest.new AbstractParser() {...},10,0,0,0,2,0,2,0,2,0
dataclay,es.bsc.dataclay.communication.grpc.messages.logicmodule,LogicmoduleMessages.GetInfoOfSessionForDSResponse.Builder,654,0,68,0,194,0,83,0,49,0
dataclay,es.bsc.dataclay.communication.grpc.messages.logicmodule,LogicmoduleMessages.GetInterfaceInfoRequest.Builder,535,0,62,0,0,0,72,0,41,0
dataclay,es.bsc.dataclay.communication.grpc.messages.logicmodule,LogicmoduleMessages.NewAccountResponse.Builder,437,0,52,0,133,0,62,0,36,0
dataclay,es.bsc.dataclay.communication.grpc.messages.logicmodule,LogicmoduleMessages.GetClassInfoRequest,660,0,78,0,189,0,84,0,43,0
dataclay,es.bsc.dataclay.communication.grpc.messages.logicmodule,LogicmoduleMessages.NotifyStorageLocationShutdownRequest.Builder,246,0,20,0,0,0,37,0,27,0
dataclay,es.bsc.dataclay.communication.grpc.messages.logicmodule,LogicmoduleMessages.UnregisterStorageLocationRequest.Builder,246,0,20,0,81,0,37,0,27,0
dataclay,es.bsc.dataclay.communication.grpc.messages.logicmodule,LogicmoduleMessages.GetObjectInfoResponse.Builder,535,0,62,0,0,0,72,0,41,0
dataclay,es.bsc.dataclay.communication.grpc.messages.logicmodule,LogicmoduleMessages.GetPublicDataSetsRequest,480,0,56,0,137,0,68,0,39,0
dataclay,es.bsc.dataclay.communication.grpc.messages.logicmodule,LogicmoduleMessages.GetNamespaceLangRequest.Builder,535,0,62,0,167,0,72,0,41,0
dataclay,es.bsc.dataclay.communication.grpc.messages.logicmodule,LogicmoduleMessages.GetOperationIDRequest,750,0,89,0,215,0,92,0,45,0
dataclay,es.bsc.dataclay.communication.grpc.messages.logicmodule,LogicmoduleMessages.PerformSetAccountsRequest.Builder,535,0,62,0,167,0,72,0,41,0
dataclay,es.bsc.dataclay.communication.grpc.messages.logicmodule,LogicmoduleMessages.GetExtDataClayInfoResponse.new AbstractParser() {...},10,0,0,0,0,0,2,0,2,0
dataclay,es.bsc.dataclay.communication.grpc.messages.logicmodule,LogicmoduleMessages.SetObjectReadOnlyRequest.Builder,344,0,30,0,0,0,47,0,32,0
dataclay,es.bsc.dataclay.communication.grpc.messages.logicmodule,LogicmoduleMessages.NotifyRegistrationOfExternalDataClayResponse.new AbstractParser() {...},10,0,0,0,0,0,2,0,2,0
dataclay,es.bsc.dataclay.communication.grpc.messages.logicmodule,LogicmoduleMessages.ExistsActiveEnvironmentsForSLRequest.new AbstractParser() {...},10,0,0,0,0,0,2,0,2,0
dataclay,es.bsc.dataclay.communication.grpc.messages.logicmodule,LogicmoduleMessages.NewDataContractRequest.new AbstractParser() {...},10,0,0,0,0,0,2,0,2,0
dataclay,es.bsc.dataclay.communication.grpc.messages.logicmodule,LogicmoduleMessages.GetContractIDsOfApplicantResponse,582,0,68,0,157,0,80,0,45,0
dataclay,es.bsc.dataclay.communication.grpc.messages.logicmodule,LogicmoduleMessages.ExistsActiveEnvironmentsForSLResponse.new AbstractParser() {...},10,0,0,0,0,0,2,0,2,0
dataclay,es.bsc.dataclay.communication.grpc.messages.logicmodule,LogicmoduleMessages.GetStorageLocationInfoRequest,428,0,42,0,0,0,59,0,37,0
dataclay,es.bsc.dataclay.communication.grpc.messages.logicmodule,LogicmoduleMessages.GetMetadataByOIDResponse.Builder,530,0,74,0,0,0,77,0,40,0
dataclay,es.bsc.dataclay.communication.grpc.messages.logicmodule,LogicmoduleMessages.ExecuteMethodOnTargetResponse.Builder,530,0,74,0,0,0,77,0,40,0
dataclay,es.bsc.dataclay.communication.grpc.messages.logicmodule,LogicmoduleMessages.GetClassIDRequest.new AbstractParser() {...},10,0,0,0,2,0,2,0,2,0
dataclay,es.bsc.dataclay.communication.grpc.messages.logicmodule,LogicmoduleMessages.GetObjectDataSetIDResponse.Builder,437,0,52,0,133,0,62,0,36,0
dataclay,es.bsc.dataclay.communication.grpc.messages.logicmodule,LogicmoduleMessages.GetClassIDFromImportRequest.Builder,633,0,72,0,201,0,82,0,46,0
dataclay,es.bsc.dataclay.communication.grpc.messages.logicmodule,LogicmoduleMessages.AdviseEventRequest.new AbstractParser() {...},10,0,0,0,0,0,2,0,2,0
dataclay,es.bsc.dataclay.communication.grpc.messages.logicmodule,LogicmoduleMessages.RegisterExternalDataClayOverrideAuthorityRequest.new AbstractParser() {...},10,0,0,0,0,0,2,0,2,0
dataclay,es.bsc.dataclay.communication.grpc.messages.logicmodule,LogicmoduleMessages.PerformSetAccountsResponse,480,0,56,0,137,0,68,0,39,0
dataclay,es.bsc.dataclay.communication.grpc.messages.logicmodule,LogicmoduleMessages.GetStorageLocationIDResponse.new AbstractParser() {...},10,0,0,0,0,0,2,0,2,0
dataclay,es.bsc.dataclay.communication.grpc.messages.logicmodule,LogicmoduleMessages.GetClassIDResponse,480,0,56,0,137,0,68,0,39,0
dataclay,es.bsc.dataclay.communication.grpc.messages.logicmodule,LogicmoduleMessages.GetAccountIDRequest.Builder,246,0,20,0,81,0,37,0,27,0
dataclay,es.bsc.dataclay.communication.grpc.messages.logicmodule,LogicmoduleMessages.NotifyRegistrationOfExternalDataClayResponse,480,0,56,0,0,0,68,0,39,0
dataclay,es.bsc.dataclay.communication.grpc.messages.logicmodule,LogicmoduleMessages.RegisterExternalDataClayOverrideAuthorityRequest.Builder,666,0,74,0,0,0,86,0,49,0
dataclay,es.bsc.dataclay.communication.grpc.messages.logicmodule,LogicmoduleMessages.GetImportedClassesInfoInNamespaceResponse.Builder,542,0,68,0,151,0,80,0,46,0
dataclay,es.bsc.dataclay.communication.grpc.messages.logicmodule,LogicmoduleMessages.NewSessionRequest.Builder,959,0,96,0,285,0,114,0,66,0
dataclay,es.bsc.dataclay.communication.grpc.messages.logicmodule,LogicmoduleMessages.GetContractIDsOfProviderResponse.ContractsDefaultEntryHolder,8,0,0,0,3,0,1,0,1,0
dataclay,es.bsc.dataclay.communication.grpc.messages.logicmodule,LogicmoduleMessages.GetContractIDsOfProviderResponse.Builder,542,0,68,0,151,0,80,0,46,0
dataclay,es.bsc.dataclay.communication.grpc.messages.logicmodule,LogicmoduleMessages.NewClassRequest.new AbstractParser() {...},10,0,0,0,2,0,2,0,2,0
dataclay,es.bsc.dataclay.communication.grpc.messages.logicmodule,LogicmoduleMessages.GetAccountIDRequest,381,0,35,0,115,0,54,0,36,0
dataclay,es.bsc.dataclay.communication.grpc.messages.logicmodule,LogicmoduleMessages.NewDataContractRequest,570,0,67,0,92,0,76,0,41,0
dataclay,es.bsc.dataclay.communication.grpc.messages.logicmodule,LogicmoduleMessages.GetImportedClassesInfoInNamespaceResponse,582,0,68,0,157,0,80,0,45,0
dataclay,es.bsc.dataclay.communication.grpc.messages.logicmodule,LogicmoduleMessages.UnregisterExecutionEnvironmentRequest.Builder,246,0,20,0,81,0,37,0,27,0
dataclay,es.bsc.dataclay.communication.grpc.messages.logicmodule,LogicmoduleMessages.GetNamespaceLangRequest.new AbstractParser() {...},10,0,0,0,2,0,2,0,2,0
dataclay,es.bsc.dataclay.communication.grpc.messages.logicmodule,LogicmoduleMessages.RegisterObjectsResponse.new AbstractParser() {...},10,0,0,0,0,0,2,0,2,0
dataclay,es.bsc.dataclay.communication.grpc.messages.logicmodule,LogicmoduleMessages.GetObjectDataSetIDRequest.new AbstractParser() {...},10,0,0,0,2,0,2,0,2,0
dataclay,es.bsc.dataclay.communication.grpc.messages.logicmodule,LogicmoduleMessages.UnregisterObjectsRequest,417,0,37,0,0,0,57,0,38,0
dataclay,es.bsc.dataclay.communication.grpc.messages.logicmodule,LogicmoduleMessages.NewAccountRequest,570,0,67,0,163,0,76,0,41,0
dataclay,es.bsc.dataclay.communication.grpc.messages.logicmodule,LogicmoduleMessages.GetClassNameForDSRequest,381,0,35,0,0,0,54,0,36,0
dataclay,es.bsc.dataclay.communication.grpc.messages.logicmodule,LogicmoduleMessages.PerformSetOperationsRequest.new AbstractParser() {...},10,0,0,0,2,0,2,0,2,0
dataclay,es.bsc.dataclay.communication.grpc.messages.logicmodule,LogicmoduleMessages.GetAccountDataSetsRequest.Builder,437,0,52,0,133,0,62,0,36,0
dataclay,es.bsc.dataclay.communication.grpc.messages.logicmodule,LogicmoduleMessages.NewAccountNoAdminRequest.new AbstractParser() {...},10,0,0,0,2,0,2,0,2,0
dataclay,es.bsc.dataclay.communication.grpc.messages.logicmodule,LogicmoduleMessages.GetClassNameAndNamespaceForDSRequest.new AbstractParser() {...},10,0,0,0,0,0,2,0,2,0
dataclay,es.bsc.dataclay.communication.grpc.messages.logicmodule,LogicmoduleMessages.RegisterECARequest,570,0,67,0,0,0,76,0,41,0
dataclay,es.bsc.dataclay.communication.grpc.messages.logicmodule,LogicmoduleMessages.NewAccountRequest.new AbstractParser() {...},10,0,0,0,2,0,2,0,2,0
dataclay,es.bsc.dataclay.communication.grpc.messages.logicmodule,LogicmoduleMessages.ImportInterfaceRequest,750,0,89,0,215,0,92,0,45,0
dataclay,es.bsc.dataclay.communication.grpc.messages.logicmodule,LogicmoduleMessages.GetNamespaceIDRequest.Builder,535,0,62,0,167,0,72,0,41,0
dataclay,es.bsc.dataclay.communication.grpc.messages.logicmodule,LogicmoduleMessages.GetMetadataByOIDForDSResponse,489,0,66,0,0,0,74,0,40,0
dataclay,es.bsc.dataclay.communication.grpc.messages.logicmodule,LogicmoduleMessages.GetOperationIDResponse.new AbstractParser() {...},10,0,0,0,2,0,2,0,2,0
dataclay,es.bsc.dataclay.communication.grpc.messages.logicmodule,LogicmoduleMessages.GetObjectsMetaDataInfoOfClassForNMResponse.Builder,542,0,68,0,0,0,80,0,46,0
dataclay,es.bsc.dataclay.communication.grpc.messages.logicmodule,LogicmoduleMessages.GetClassIDFromImportRequest.new AbstractParser() {...},10,0,0,0,2,0,2,0,2,0
dataclay,es.bsc.dataclay.communication.grpc.messages.logicmodule,LogicmoduleMessages.ExistsActiveEnvironmentsForSLResponse,437,0,52,0,0,0,65,0,38,0
dataclay,es.bsc.dataclay.communication.grpc.messages.logicmodule,LogicmoduleMessages.NewDataSetResponse.Builder,437,0,52,0,133,0,62,0,36,0
dataclay,es.bsc.dataclay.communication.grpc.messages.logicmodule,LogicmoduleMessages.GetAccountListResponse,516,0,58,0,137,0,71,0,41,0
dataclay,es.bsc.dataclay.communication.grpc.messages.logicmodule,LogicmoduleMessages.NewInterfaceRequest.new AbstractParser() {...},10,0,0,0,0,0,2,0,2,0
dataclay,es.bsc.dataclay.communication.grpc.messages.logicmodule,LogicmoduleMessages.ImportInterfaceRequest.Builder,731,0,82,0,235,0,92,0,51,0
dataclay,es.bsc.dataclay.communication.grpc.messages.logicmodule,LogicmoduleMessages.NewAccountRequest.Builder,535,0,62,0,167,0,72,0,41,0
dataclay,es.bsc.dataclay.communication.grpc.messages.logicmodule,LogicmoduleMessages.GetAccountDataSetsRequest,480,0,56,0,137,0,68,0,39,0
dataclay,es.bsc.dataclay.communication.grpc.messages.logicmodule,LogicmoduleMessages.PerformSetOperationsResponse,480,0,56,0,137,0,68,0,39,0
dataclay,es.bsc.dataclay.communication.grpc.messages.logicmodule,LogicmoduleMessages.ObjectExistsInDataClayRequest,381,0,35,0,0,0,54,0,36,0
dataclay,es.bsc.dataclay.communication.grpc.messages.logicmodule,LogicmoduleMessages.NotifyRegistrationOfExternalDataClayRequest.Builder,377,0,32,0,0,0,51,0,35,0
dataclay,es.bsc.dataclay.communication.grpc.messages.logicmodule,LogicmoduleMessages.GetImportedClassesInfoInNamespaceResponse.new AbstractParser() {...},10,0,0,0,2,0,2,0,2,0
[...]
dataclay,es.bsc.dataclay.communication.grpc.messages.common,CommonMessages.ImmutableParamOrReturn.new AbstractParser() {...},10,0,0,0,2,0,2,0,2,0
dataclay,es.bsc.dataclay.communication.grpc.messages.common,CommonMessages.ExecutionEnvironmentInfo.new AbstractParser() {...},10,0,0,0,2,0,2,0,2,0
dataclay,es.bsc.dataclay.communication.grpc.messages.common,CommonMessages.FederatedObjectInfo,687,0,70,0,193,0,81,0,44,0
dataclay,es.bsc.dataclay.communication.grpc.messages.common,CommonMessages.GetTracesResponse,582,0,68,0,157,0,80,0,45,0
dataclay,es.bsc.dataclay.communication.grpc.messages.common,CommonMessages.ParamOrReturn.new AbstractParser() {...},10,0,0,0,2,0,2,0,2,0
dataclay,es.bsc.dataclay.communication.grpc.messages.common,CommonMessages.StorageLocationInfo,607,0,64,0,179,0,75,0,41,0
dataclay,es.bsc.dataclay.communication.grpc.messages.common,CommonMessages.ObjectWithDataParamOrReturn.new AbstractParser() {...},10,0,0,0,2,0,2,0,2,0
dataclay,es.bsc.dataclay.communication.grpc.messages.common,CommonMessages.PersistentObjectInDB,443,0,52,0,124,0,65,0,38,0
dataclay,es.bsc.dataclay.communication.grpc.messages.common,CommonMessages.SerializedParametersOrReturn.LangParamsDefaultEntryHolder,9,0,0,0,5,0,1,0,1,0
dataclay,es.bsc.dataclay.communication.grpc.messages.common,CommonMessages.Langs,61,62,10,0,18,10,14,2,8,2
dataclay,es.bsc.dataclay.communication.grpc.messages.common,CommonMessages.PersistentObjectInDB.new AbstractParser() {...},10,0,0,0,2,0,2,0,2,0
dataclay,es.bsc.dataclay.communication.grpc.messages.common,CommonMessages.RegistrationInfo,741,0,79,0,219,0,86,0,44,0
dataclay,es.bsc.dataclay.communication.grpc.messages.common,CommonMessages.DataClayObjectMetaData,1373,0,144,0,366,0,148,0,70,0
dataclay,es.bsc.dataclay.communication.grpc.messages.common,CommonMessages.GetTracesResponse.new AbstractParser() {...},10,0,0,0,2,0,2,0,2,0
dataclay,es.bsc.dataclay.communication.grpc.messages.common,CommonMessages.SerializedParametersOrReturn.ImmParamsDefaultEntryHolder,9,0,0,0,5,0,1,0,1,0
dataclay,es.bsc.dataclay.communication.grpc.messages.common,CommonMessages.Langs.new Internal.EnumLiteMap() {...},3,3,0,0,1,1,1,1,1,1
dataclay,es.bsc.dataclay.communication.grpc.messages.common,CommonMessages.FederatedObjectInfo.Builder,624,0,54,0,199,0,74,0,47,0
dataclay,es.bsc.dataclay.communication.grpc.messages.common,CommonMessages.Credential.new AbstractParser() {...},10,0,0,0,2,0,2,0,2,0
dataclay,es.bsc.dataclay.communication.grpc.messages.common,CommonMessages.DataClayInstance,676,0,72,0,183,0,81,0,43,0
dataclay,es.bsc.dataclay.communication.grpc.messages.common,CommonMessages.LanguageParamOrReturn,443,0,52,0,124,0,65,0,38,0
dataclay,es.bsc.dataclay.communication.grpc.messages.common,CommonMessages.DataClayInstance.Builder,574,0,44,0,169,0,67,0,45,0
dataclay,es.bsc.dataclay.communication.grpc.messages.common,CommonMessages.ImmutableParamOrReturn,344,0,31,0,102,0,51,0,35,0
dataclay,es.bsc.dataclay.communication.grpc.messages.common,CommonMessages.DataClayObjectMetaData.new AbstractParser() {...},10,0,0,0,2,0,2,0,2,0
dataclay,es.bsc.dataclay.communication.grpc.messages.common,CommonMessages.SerializedParametersOrReturn.Builder,808,0,70,0,231,0,117,0,79,0
dataclay,es.bsc.dataclay.communication.grpc.messages.common,CommonMessages.RegistrationInfo.Builder,638,0,60,0,217,0,77,0,47,0
dataclay,es.bsc.dataclay.communication.grpc.messages.common,CommonMessages.ObjectWithDataParamOrReturn,623,0,74,0,176,0,81,0,42,0
dataclay,es.bsc.dataclay.communication.grpc.messages.common,CommonMessages.ImmutableParamOrReturn.Builder,195,0,14,0,61,0,32,0,25,0
dataclay,es.bsc.dataclay.communication.grpc.messages.common,CommonMessages.MetaDataInfo.Builder,853,0,76,0,278,0,98,0,60,0
dataclay,es.bsc.dataclay.communication.grpc.messages.common,CommonMessages.DataClayObjectMetaData.Builder,1263,0,112,0,385,0,157,0,99,0
dataclay,es.bsc.dataclay.communication.grpc.messages.common,CommonMessages.FederatedObjectInfo.new AbstractParser() {...},10,0,0,0,2,0,2,0,2,0
dataclay,es.bsc.dataclay.communication.grpc.messages.common,CommonMessages.SerializedParametersOrReturn.VolatileParamsDefaultEntryHolder,9,0,0,0,5,0,1,0,1,0
dataclay,es.bsc.dataclay.communication.grpc.messages.common,CommonMessages.GetNumObjectsResponse,436,0,52,0,123,0,65,0,38,0
dataclay,es.bsc.dataclay.communication.grpc.messages.common,CommonMessages.PersistentParamOrReturn,651,0,68,0,193,0,78,0,42,0
dataclay,es.bsc.dataclay.communication.grpc.messages.common,CommonMessages.Credential.Builder,246,0,20,0,81,0,37,0,27,0
dataclay,es.bsc.dataclay.communication.grpc.messages.common,CommonMessages.RegistrationInfo.new AbstractParser() {...},10,0,0,0,2,0,2,0,2,0
dataclay,es.bsc.dataclay.communication.grpc.messages.common,CommonMessages.SerializedParametersOrReturn.PersParamsDefaultEntryHolder,9,0,0,0,5,0,1,0,1,0
dataclay,es.bsc.dataclay.communication.grpc.messages.common,CommonMessages.Credential,381,0,35,0,115,0,54,0,36,0
dataclay,es.bsc.dataclay.communication.grpc.messages.common,CommonMessages.DataClayObjectMetaData.HintsDefaultEntryHolder,9,0,0,0,4,0,1,0,1,0
dataclay,es.bsc.dataclay.communication.grpc.messages.common,CommonMessages.GetNumObjectsResponse.Builder,372,0,44,0,110,0,56,0,34,0
dataclay,es.bsc.dataclay.communication.grpc.messages.common,CommonMessages.MetaDataInfo.new AbstractParser() {...},10,0,0,0,2,0,2,0,2,0
dataclay,es.bsc.dataclay.communication.grpc.messages.common,CommonMessages.ExceptionInfo,444,0,45,0,128,0,61,0,37,0
dataclay,es.bsc.dataclay.communication.grpc.messages.common,CommonMessages.EmptyMessage.new AbstractParser() {...},10,0,0,0,2,0,2,0,2,0
dataclay,es.bsc.dataclay.exceptions.logicmodule.contractmgr,AccountAlreadyRegisteredInContract,0,17,0,0,0,2,0,1,0,1
dataclay,es.bsc.dataclay.exceptions.logicmodule.contractmgr,ContractNotExistException,0,15,0,0,0,2,0,1,0,1
dataclay,es.bsc.dataclay.exceptions.logicmodule.contractmgr,ContractNotActiveException,0,15,0,0,0,2,0,1,0,1
dataclay,es.bsc.dataclay.exceptions.logicmodule.contractmgr,AccountNotRegisteredInContract,0,17,0,0,0,2,0,1,0,1
dataclay,es.bsc.dataclay.exceptions.logicmodule.contractmgr,InterfaceNotInContractException,0,17,0,0,0,2,0,1,0,1
dataclay,es.bsc.dataclay.exceptions.logicmodule.contractmgr,ContractNotPublicException,0,15,0,0,0,2,0,1,0,1
dataclay,es.bsc.dataclay.util.events.type,PersistedObjEventType,135,0,8,0,41,0,19,0,15,0
dataclay,es.bsc.dataclay.util.events.type,UpdatedObjEventType,125,0,8,0,40,0,18,0,14,0
dataclay,es.bsc.dataclay.util.events.type,EventType,20,0,0,0,9,0,5,0,5,0
dataclay,es.bsc.dataclay.util.events.type,DeletedObjEventType,125,0,8,0,40,0,18,0,14,0
dataclay,es.bsc.dataclay.logic.classmgr.bytecode.pysrc.codeutils,SourceContainer,237,0,10,0,46,0,15,0,10,0
dataclay,es.bsc.dataclay.logic.classmgr.bytecode.pysrc.codeutils,LineFactory,173,0,8,0,31,0,10,0,6,0
dataclay,es.bsc.dataclay.util.events.listeners,ECA,165,0,18,0,53,0,31,0,22,0
dataclay,es.bsc.dataclay.paraver,ParaverValuesGenerator,195,0,12,0,34,0,9,0,3,0
dataclay,storage,StorageObject,102,0,0,0,28,0,26,0,26,0
dataclay,storage,StorageItf,219,0,6,0,67,0,16,0,13,0
dataclay,storage,StorageException,11,0,0,0,6,0,3,0,3,0
dataclay,es.bsc.dataclay.logic.server,LogicModuleSrv.new Thread() {...},21,0,2,0,8,0,3,0,2,0
dataclay,es.bsc.dataclay.logic.server,LogicModuleSrv,196,0,4,0,55,0,14,0,12,0
dataclay,es.bsc.dataclay.exceptions.metadataservice,ObjectAlreadyRegisteredException,35,0,0,0,4,0,2,0,2,0
dataclay,es.bsc.dataclay.exceptions.metadataservice,ObjectNotRegisteredException,29,0,0,0,4,0,2,0,2,0
dataclay,es.bsc.dataclay.exceptions.metadataservice,MultipleAliasesException,19,0,0,0,2,0,1,0,1,0
dataclay,es.bsc.dataclay.exceptions.metadataservice,StorageLocationNotExistException,47,0,0,0,6,0,3,0,3,0
dataclay,es.bsc.dataclay.exceptions.metadataservice,ExecutionEnvironmentNotExistException,62,0,0,0,8,0,4,0,4,0
dataclay,es.bsc.dataclay.exceptions.metadataservice,AliasAlreadyInUseException,15,0,0,0,2,0,1,0,1,0
dataclay,es.bsc.dataclay.exceptions.metadataservice,ExecutionEnvironmentAlreadyExistsException,16,0,0,0,3,0,1,0,1,0
dataclay,es.bsc.dataclay.exceptions.metadataservice,ObjectHasReplicas,16,0,0,0,2,0,1,0,1,0
dataclay,es.bsc.dataclay.exceptions.metadataservice,ExternalDataClayNotRegisteredException,50,0,0,0,6,0,3,0,3,0
dataclay,es.bsc.dataclay.exceptions.metadataservice,StorageLocationAlreadyExistsException,16,0,0,0,2,0,1,0,1,0
dataclay,es.bsc.dataclay.exceptions.logicmodule.datacontractmgr,DataContractNotActiveException,15,0,0,0,2,0,1,0,1,0
dataclay,es.bsc.dataclay.exceptions.logicmodule.datacontractmgr,AccountHasNoDataContractWithProvider,0,17,0,0,0,2,0,1,0,1
dataclay,es.bsc.dataclay.exceptions.logicmodule.datacontractmgr,DataContractNotPublicException,15,0,0,0,2,0,1,0,1,0
dataclay,es.bsc.dataclay.exceptions.logicmodule.datacontractmgr,DataContractNotExistException,15,0,0,0,2,0,1,0,1,0
dataclay,es.bsc.dataclay.exceptions.logicmodule.datacontractmgr,AccountAlreadyHasADataContractWithProvider,0,17,0,0,0,2,0,1,0,1
dataclay,es.bsc.dataclay.serialization.lib,LanguageParamOrReturn,104,0,0,0,27,0,12,0,12,0
dataclay,es.bsc.dataclay.serialization.lib,SerializedParametersOrReturn,300,0,14,0,60,0,24,0,17,0
dataclay,es.bsc.dataclay.serialization.lib,DataClayDeserializationLib,677,30,52,2,170,9,39,2,12,2
dataclay,es.bsc.dataclay.serialization.lib,ObjectWithDataParamOrReturn,189,0,0,0,46,0,17,0,17,0
dataclay,es.bsc.dataclay.serialization.lib,DataClaySerializationLib,640,44,64,2,158,11,42,2,9,2
dataclay,es.bsc.dataclay.serialization.lib,SerializationLibUtils,178,0,12,0,41,0,12,0,6,0
dataclay,es.bsc.dataclay.serialization.lib,ImmutableParamOrReturn,68,0,0,0,21,0,10,0,10,0
dataclay,es.bsc.dataclay.serialization.lib,PersistentParamOrReturn,145,0,0,0,39,0,15,0,15,0
dataclay,es.bsc.dataclay.logic.datacontractmgr,DataContractManagerDB,253,599,26,34,82,165,23,21,2,12
dataclay,es.bsc.dataclay.logic.datacontractmgr,DataContractManager,51,271,8,22,14,61,9,20,2,12
dataclay,es.bsc.dataclay.logic.datacontractmgr,DataContractManagerSQLStatements.SqlStatements,22,150,2,4,4,25,2,7,1,5
dataclay,es.bsc.dataclay.logic.classmgr.bytecode.java.methods,ConstructorMethodTransformer,239,0,34,0,50,0,23,0,6,0
dataclay,es.bsc.dataclay.logic.classmgr.bytecode.java.methods,DataClayStubMethodTransformer,201,0,10,0,58,0,10,0,5,0
dataclay,es.bsc.dataclay.logic.classmgr.bytecode.java.methods,DataClayExecutionMethodTransformer,764,0,44,0,198,0,30,0,8,0
dataclay,es.bsc.dataclay.logic.classmgr.bytecode.java.methods,DataClayMethodTransformer,232,0,22,0,51,0,18,0,7,0
dataclay,es.bsc.dataclay.util.management.datasetmgr,DataSet,17,38,0,0,6,16,1,8,1,8
dataclay,es.bsc.dataclay.serialization.es.bsc.dataclay.util.ids,ExecutionEnvironmentIDWrapper,66,0,4,0,20,0,12,0,10,0
dataclay,es.bsc.dataclay.serialization.es.bsc.dataclay.util.ids,DataClayInstanceIDWrapper,66,0,4,0,20,0,12,0,10,0
dataclay,es.bsc.dataclay.serialization.es.bsc.dataclay.util.ids,ObjectIDWrapper,66,0,4,0,20,0,12,0,10,0
dataclay,es.bsc.dataclay.util.events,EventMessageStateOuter.EventState,107,0,6,0,19,0,9,0,6,0
dataclay,es.bsc.dataclay.util.events,EventMessageStateOuter,8,0,2,0,4,0,2,0,1,0
dataclay,es.bsc.dataclay.util.events,EventTypeOuter.EventTypeEnum,123,0,8,0,26,0,12,0,8,0
dataclay,es.bsc.dataclay.util.events,EventTypeOuter,8,0,2,0,4,0,2,0,1,0
dataclay,es.bsc.dataclay.util.filtering,Condition.ConditionValueType,220,0,4,0,13,0,6,0,4,0
dataclay,es.bsc.dataclay.util.filtering,ASTParser.ASTOperand,164,0,8,0,13,0,8,0,4,0
dataclay,es.bsc.dataclay.util.filtering,ConditionParser,259,0,28,0,54,0,21,0,7,0
dataclay,es.bsc.dataclay.util.filtering,ASTParser.ASTListOp,109,0,8,0,13,0,8,0,4,0
dataclay,es.bsc.dataclay.util.filtering,Condition.ConditionOp,182,0,4,0,13,0,8,0,6,0
dataclay,es.bsc.dataclay.util.filtering,Condition,416,0,67,0,89,0,50,0,9,0
dataclay,es.bsc.dataclay.util.filtering,ASTParser,350,0,55,0,72,0,42,0,6,0
dataclay,es.bsc.dataclay.util.filtering,DataClayPredicate,171,0,21,0,32,0,20,0,7,0
dataclay,es.bsc.dataclay.util.filtering,ASTParser.ASTKeyword,153,0,8,0,13,0,8,0,4,0
dataclay,es.bsc.dataclay.util.filtering,ASTUtil.new TypeReference() {...},3,0,0,0,1,0,1,0,1,0
dataclay,es.bsc.dataclay.util.filtering,ASTParser.ValueType,209,0,4,0,12,0,6,0,4,0
dataclay,es.bsc.dataclay.util.filtering,ASTUtil,75,0,0,0,19,0,4,0,4,0
dataclay,es.bsc.dataclay.util.info,VersionInfo,60,0,4,0,20,0,13,0,11,0
dataclay,es.bsc.dataclay.util.info,EnrichmentInfo,56,0,0,0,24,0,12,0,12,0
dataclay,com.ibm.wala.model.java.lang,Thread,10,0,0,0,3,0,3,0,3,0
dataclay,com.ibm.wala.model.java.lang,System,224,0,36,0,48,0,20,0,2,0
dataclay,es.bsc.dataclay.tool,GetCurrentDataClayID,29,0,0,0,10,0,2,0,2,0
dataclay,es.bsc.dataclay.tool,AccessNamespace,287,0,20,0,63,0,12,0,2,0
dataclay,es.bsc.dataclay.tool,NewModelContract,283,0,24,0,66,0,14,0,2,0
dataclay,es.bsc.dataclay.tool,Util.ERRCODE,51,0,0,0,6,0,2,0,2,0
dataclay,es.bsc.dataclay.tool,Util.DATASETTYPES,77,0,6,0,14,0,7,0,4,0
dataclay,es.bsc.dataclay.tool,NewDataContract,167,0,12,0,41,0,8,0,2,0
dataclay,es.bsc.dataclay.tool,Util,54,0,6,0,16,0,8,0,5,0
dataclay,es.bsc.dataclay.tool,GetNamespaces,82,0,6,0,24,0,5,0,2,0
dataclay,es.bsc.dataclay.tool,AccessDataclayModel,97,0,8,0,26,0,6,0,2,0
dataclay,es.bsc.dataclay.tool,NewDataset,169,0,12,0,42,0,8,0,2,0
dataclay,es.bsc.dataclay.tool,Util.LANGS,91,0,10,0,19,0,10,0,5,0
dataclay,es.bsc.dataclay.tool,GetNamespaceLang,91,0,6,0,23,0,5,0,2,0
dataclay,es.bsc.dataclay.tool,NewModel,461,0,38,0,103,0,23,0,4,0
dataclay,es.bsc.dataclay.tool,GetBackends,126,0,10,0,31,0,8,0,3,0
dataclay,es.bsc.dataclay.tool,WaitForDataClayToBeAlive,67,0,8,0,22,0,6,0,2,0
dataclay,es.bsc.dataclay.tool,ImportModelsFromExternalDataClay,64,0,2,0,16,0,3,0,2,0
dataclay,es.bsc.dataclay.tool,GetDatasets,131,0,8,0,30,0,6,0,2,0
dataclay,es.bsc.dataclay.tool,WaitForBackends,114,0,10,0,29,0,7,0,2,0
dataclay,es.bsc.dataclay.tool,NewAccount,77,0,4,0,18,0,4,0,2,0
dataclay,es.bsc.dataclay.tool,GetStubs,138,0,12,0,34,0,8,0,2,0
dataclay,es.bsc.dataclay.tool,NewNamespace,146,0,10,0,34,0,7,0,2,0
dataclay,es.bsc.dataclay.tool,NewDataClayInstance,53,0,2,0,14,0,3,0,2,0
dataclay,es.bsc.dataclay.tool,GetExternalDataClayID,76,0,4,0,17,0,4,0,2,0
dataclay,es.bsc.dataclay.logic.classmgr.bytecode.java.constants,ByteCodeMethods,894,0,0,0,70,0,1,0,1,0
dataclay,es.bsc.dataclay.logic.classmgr.bytecode.java.constants,ByteCodeTypes,232,0,0,0,77,0,1,0,1,0
dataclay,es.bsc.dataclay.util.replication,SequentialConsistency,31,0,0,0,7,0,4,0,4,0
dataclay,es.bsc.dataclay.util.replication,Replication,25,0,0,0,4,0,3,0,3,0
dataclay,es.bsc.dataclay.dbhandler,Utils,28,0,0,0,7,0,5,0,5,0
dataclay,es.bsc.dataclay.dbhandler,DBHandlerConf,0,3,0,0,0,1,0,1,0,1
dataclay,es.bsc.dataclay.dbhandler,DBHandlerFactory.DBHandlerType,0,34,0,0,0,4,0,1,0,1
dataclay,es.bsc.dataclay.dbhandler,DBHandlerFactory,85,0,5,0,19,0,5,0,2,0
dataclay,es.bsc.dataclay.communication.grpc.services.dataservice,DataServiceService,2075,0,68,0,680,0,83,0,49,0
dataclay,es.bsc.dataclay.communication.grpc.services.dataservice,DataServiceServer,175,0,18,0,49,0,14,0,5,0
dataclay,es.bsc.dataclay.util.configs,CfgAdminEnvLoader,41,0,8,0,8,0,6,0,2,0
dataclay,es.bsc.dataclay.util.configs,CfgLogic,33,0,0,0,12,0,6,0,6,0
dataclay,es.bsc.dataclay.util.configs,CfgDataServiceEnvLoader,199,0,9,0,42,0,9,0,4,0
dataclay,es.bsc.dataclay.util.configs,CfgLogicEnvLoader.ConfigLogicProperties,54,0,0,0,6,0,1,0,1,0
dataclay,es.bsc.dataclay.util.configs,CfgLogicEnvLoader,114,0,10,0,24,0,8,0,3,0
dataclay,es.bsc.dataclay.util.configs,CfgDataService,42,0,0,0,16,0,6,0,6,0
dataclay,es.bsc.dataclay.util.configs,CfgDataServiceEnvLoader.ConfigDataServiceProperties,88,0,0,0,14,0,4,0,4,0
dataclay,es.bsc.dataclay.util.yaml,CommonYAML,0,9,0,0,0,2,0,1,0,1
dataclay,es.bsc.dataclay.util.yaml,CustomRepresenter,3,49,3,7,1,12,3,4,0,2
dataclay,es.bsc.dataclay.util.yaml,CustomRepresenter.RepresentID,0,29,0,0,0,3,0,2,0,2
dataclay,es.bsc.dataclay.util.structs,MemoryCache,56,60,2,0,24,16,8,6,7,6
dataclay,es.bsc.dataclay.util.structs,LruCache,27,35,0,0,8,9,6,5,6,5
dataclay,es.bsc.dataclay.util.structs,Tuple,25,58,3,3,4,14,5,7,2,7
dataclay,es.bsc.dataclay.util.structs,LruCacheByDate.new Runnable() {...},10,0,0,0,3,0,2,0,2,0
dataclay,es.bsc.dataclay.util.structs,CacheLinkedHashMap,0,18,0,2,0,4,0,3,0,2
dataclay,es.bsc.dataclay.util.structs,LruCacheByDate,130,0,6,0,37,0,16,0,13,0
dataclay,es.bsc.dataclay.util.structs,Triple,110,0,8,0,23,0,15,0,11,0
dataclay,es.bsc.dataclay.logic.classmgr.bytecode.java.switches,DataClaySwitchByImplementationID,320,0,34,0,67,0,19,0,2,0
dataclay,es.bsc.dataclay.util.management.namespacemgr,ImportedInterface,368,234,34,20,68,76,29,33,3,32
dataclay,es.bsc.dataclay.util.management.namespacemgr,Namespace,54,200,4,0,12,52,5,22,3,22
dataclay,es.bsc.dataclay.serialization.buffer,JavaByteBuffer,404,433,20,34,105,109,37,53,26,37
dataclay,es.bsc.dataclay.serialization.buffer,HeapNettyBuffer,746,0,52,0,182,0,91,0,65,0
dataclay,es.bsc.dataclay.serialization.buffer,DataClayByteArray,52,0,0,0,13,0,6,0,6,0
dataclay,es.bsc.dataclay.serialization.buffer,DirectNettyBuffer,146,597,5,49,43,138,23,68,20,44
dataclay,es.bsc.dataclay.serialization.buffer,GrpcByteBuffer,93,0,0,0,61,0,61,0,61,0
dataclay,es.bsc.dataclay.dataservice.server,DataServiceSrv,295,0,10,0,82,0,14,0,9,0
dataclay,es.bsc.dataclay.dataservice.server,DataServiceSrv.new Thread() {...},21,0,2,0,8,0,3,0,2,0
dataclay,es.bsc.dataclay.util.management.classmgr.features,MemoryFeature,71,0,6,0,20,0,13,0,10,0
dataclay,es.bsc.dataclay.util.management.classmgr.features,Feature.FeatureType,5,93,1,1,1,17,1,5,0,5
dataclay,es.bsc.dataclay.util.management.classmgr.features,CPUFeature,71,0,6,0,20,0,13,0,10,0
dataclay,es.bsc.dataclay.util.management.classmgr.features,QualitativeFeature,3,4,0,0,2,2,1,1,1,1
dataclay,es.bsc.dataclay.util.management.classmgr.features,ArchitectureFeature,57,0,6,0,19,0,12,0,9,0
dataclay,es.bsc.dataclay.util.management.classmgr.features,LanguageFeature,61,32,10,4,16,10,14,4,7,4
dataclay,es.bsc.dataclay.util.management.classmgr.features,Feature,8,15,1,1,3,7,2,3,1,3
dataclay,es.bsc.dataclay.util.management.classmgr.features,QuantitativeFeature,7,0,0,0,4,0,2,0,2,0
dataclay,es.bsc.dataclay.dbhandler.sql.common,ConnectionWrapper,277,0,0,0,74,0,55,0,55,0
dataclay,es.bsc.dataclay.dbhandler.sql.common,SQLArray,93,168,8,20,15,31,17,12,9,6
dataclay,es.bsc.dataclay.dbhandler.sql.common,SQLConnectionWrapper,274,0,0,0,74,0,55,0,55,0
dataclay,es.bsc.dataclay.dbhandler.sql.common,PreparedStatementWrapper,616,0,2,0,184,0,113,0,112,0
dataclay,es.bsc.dataclay.dbhandler.sql.common,SQLResultSetWrapper,999,102,1,5,282,27,182,17,181,15
dataclay,es.bsc.dataclay.api,DataClay,1460,0,168,0,370,0,123,0,38,0
dataclay,es.bsc.dataclay.api,DataClay.new Thread() {...},96,0,6,0,14,0,5,0,2,0
dataclay,es.bsc.dataclay.api,CallbackEvent.EventType,24,0,0,0,3,0,1,0,1,0
dataclay,es.bsc.dataclay.api,CallbackEvent,103,0,10,0,38,0,19,0,14,0
dataclay,es.bsc.dataclay.api,DataClayException,11,0,0,0,6,0,3,0,3,0
dataclay,es.bsc.dataclay.api,CallbackHandler,3,0,0,0,1,0,1,0,1,0
dataclay,es.bsc.dataclay.exceptions.dbhandler,DbObjectAlreadyExistException,17,0,0,0,3,0,1,0,1,0
dataclay,es.bsc.dataclay.exceptions.dbhandler,DbObjectNotExistException,23,0,0,0,5,0,2,0,2,0
dataclay,es.bsc.dataclay.exceptions.dbhandler,DbHandlerException,13,0,0,0,4,0,2,0,2,0
dataclay,es.bsc.dataclay.commonruntime,ClientManagementLib.new Thread() {...},20,0,2,0,9,0,3,0,2,0
dataclay,es.bsc.dataclay.commonruntime,DataClayRuntime,3124,46,312,0,671,13,246,2,90,2
dataclay,es.bsc.dataclay.commonruntime,DataServiceRuntime,1306,0,142,0,291,0,111,0,40,0
dataclay,es.bsc.dataclay.commonruntime,ClientRuntime.new ThreadFactory() {...},12,6,0,0,4,1,1,1,1,1
dataclay,es.bsc.dataclay.commonruntime,RuntimeUtils,71,0,12,0,19,0,11,0,5,0
dataclay,es.bsc.dataclay.commonruntime,ClientRuntime,609,27,54,0,142,7,47,2,20,2
dataclay,es.bsc.dataclay.commonruntime,DataServiceRuntime.new ThreadFactory() {...},28,0,0,0,5,0,2,0,2,0
dataclay,es.bsc.dataclay.commonruntime,ClientManagementLib,3200,0,70,0,522,0,111,0,76,0
