GROUP,PACKAGE,CLASS,INSTRUCTION_MISSED,INSTRUCTION_COVERED,BRANCH_MISSED,BRANCH_COVERED,LINE_MISSED,LINE_COVERED,COMPLEXITY_MISSED,COMPLEXITY_COVERED,METHOD_MISSED,METHOD_COVERED
dataclay,es.bsc.dataclay.heap,DataClayIDFactory,1148,0,80,0,302,0,82,0,42,0
dataclay,es.bsc.dataclay.heap,ClientHeapManager,8,4,0,0,5,2,3,1,3,1
dataclay,es.bsc.dataclay.heap,LockerPool,182,15,26,0,40,5,17,2,4,2
dataclay,es.bsc.dataclay.heap,ExecutionEnvironmentHeapManager,897,0,94,0,183,0,59,0,12,0
dataclay,es.bsc.dataclay.heap,HeapManager,174,17,24,0,41,6,19,2,7,2
dataclay,es.bsc.dataclay.util.ids,StorageLocationID,21,12,2,0,9,6,4,2,3,2
dataclay,es.bsc.dataclay.util.ids,ImplementationID,12,21,1,1,5,10,3,3,2,3
dataclay,es.bsc.dataclay.util.ids,InterfaceID,21,12,2,0,9,6,4,2,3,2
dataclay,es.bsc.dataclay.util.ids,CredentialID,21,12,2,0,9,6,4,2,3,2
dataclay,es.bsc.dataclay.util.ids,ID,4,57,2,2,2,17,2,8,0,8
dataclay,es.bsc.dataclay.util.ids,NamespaceID,21,12,2,0,9,6,4,2,3,2
dataclay,es.bsc.dataclay.util.ids,ECAID,33,0,2,0,15,0,6,0,5,0
dataclay,es.bsc.dataclay.util.ids,DataClayInstanceID,21,12,2,0,9,6,4,2,3,2
dataclay,es.bsc.dataclay.util.ids,AccountID,21,12,2,0,9,6,4,2,3,2
dataclay,es.bsc.dataclay.util.ids,ResourceID,33,0,2,0,15,0,6,0,5,0
dataclay,es.bsc.dataclay.util.ids,SessionID,21,12,2,0,9,6,4,2,3,2
dataclay,es.bsc.dataclay.util.ids,DataContractID,21,12,2,0,9,6,4,2,3,2
dataclay,es.bsc.dataclay.util.ids,ContractID,21,12,2,0,9,6,4,2,3,2
dataclay,es.bsc.dataclay.util.ids,EventObjsMeetConditionID,33,0,2,0,15,0,6,0,5,0
dataclay,es.bsc.dataclay.util.ids,MetaClassID,21,12,2,0,9,6,4,2,3,2
dataclay,es.bsc.dataclay.util.ids,QualitativeRegistryID,33,0,2,0,15,0,6,0,5,0
dataclay,es.bsc.dataclay.util.ids,ExecutionEnvironmentID,21,12,2,0,9,6,4,2,3,2
dataclay,es.bsc.dataclay.util.ids,PropertyID,4,29,1,1,1,14,1,5,0,5
dataclay,es.bsc.dataclay.util.ids,EventMessageID,33,0,2,0,15,0,6,0,5,0
dataclay,es.bsc.dataclay.util.ids,OperationID,12,21,1,1,5,10,3,3,2,3
dataclay,es.bsc.dataclay.util.ids,DataSetID,21,12,2,0,9,6,4,2,3,2
dataclay,es.bsc.dataclay.util.ids,ObjectID,13,20,2,0,5,10,2,4,1,4
dataclay,es.bsc.dataclay.exceptions.logicmodule.classmgr,OperationDepInfoAlreadyRegisteredException,15,0,0,0,2,0,1,0,1,0
dataclay,es.bsc.dataclay.exceptions.logicmodule.classmgr,PropertyAlreadyInClassException,0,19,0,0,0,3,0,1,0,1
dataclay,es.bsc.dataclay.exceptions.logicmodule.classmgr,SetterOrGetterOperationsCannotBeRemoved,17,0,0,0,3,0,1,0,1,0
dataclay,es.bsc.dataclay.exceptions.logicmodule.classmgr,ImplementationNotExistException,44,0,0,0,4,0,2,0,2,0
dataclay,es.bsc.dataclay.exceptions.logicmodule.classmgr,PropertyNotExistException,17,19,0,0,2,2,1,1,1,1
dataclay,es.bsc.dataclay.exceptions.logicmodule.classmgr,AnnotationDepInfoAlreadyRegisteredException,15,0,0,0,2,0,1,0,1,0
dataclay,es.bsc.dataclay.exceptions.logicmodule.classmgr,UnsupportedLanguage,21,0,0,0,3,0,1,0,1,0
dataclay,es.bsc.dataclay.exceptions.logicmodule.classmgr,TypeDepInfoAlreadyRegisteredException,15,0,0,0,2,0,1,0,1,0
dataclay,es.bsc.dataclay.exceptions.logicmodule.classmgr,ClassInIncludesException,19,0,0,0,3,0,1,0,1,0
dataclay,es.bsc.dataclay.exceptions.logicmodule.classmgr,OperationNotInClassException,0,21,0,0,0,3,0,1,0,1
dataclay,es.bsc.dataclay.exceptions.logicmodule.classmgr,PropertyNotInClassException,0,21,0,0,0,3,0,1,0,1
dataclay,es.bsc.dataclay.exceptions.logicmodule.classmgr,ClassDepInfoAlreadyRegisteredException,15,0,0,0,2,0,1,0,1,0
dataclay,es.bsc.dataclay.exceptions.logicmodule.classmgr,ClassNotExistsException,32,0,0,0,4,0,2,0,2,0
dataclay,es.bsc.dataclay.exceptions.logicmodule.classmgr,NoMoreImplementationsInOperationException,21,0,0,0,4,0,1,0,1,0
dataclay,es.bsc.dataclay.exceptions.logicmodule.classmgr,OperationNotExistException,0,36,0,0,0,4,0,2,0,2
dataclay,es.bsc.dataclay.exceptions.logicmodule.classmgr,PropertyDepInfoAlreadyRegisteredException,15,0,0,0,2,0,1,0,1,0
dataclay,es.bsc.dataclay.exceptions.logicmodule.classmgr,OperationAlreadyInClassException,6,25,0,0,2,5,2,1,2,1
dataclay,es.bsc.dataclay.logic.notificationmgr,NotificationManager.Notifier,203,0,22,0,49,0,13,0,2,0
dataclay,es.bsc.dataclay.logic.notificationmgr,NotificationManager.Notifier.WorkerThread,54,0,0,0,10,0,3,0,3,0
dataclay,es.bsc.dataclay.logic.notificationmgr,NotificationManagerDB,577,0,46,0,208,0,36,0,13,0
dataclay,es.bsc.dataclay.logic.notificationmgr,NotificationManagerPriorityQueue,119,0,14,0,33,0,12,0,5,0
dataclay,es.bsc.dataclay.logic.notificationmgr,NotificationMgrSQLStatements,8,0,2,0,4,0,2,0,1,0
dataclay,es.bsc.dataclay.logic.notificationmgr,NotificationMgrSQLStatements.SqlStatements,155,0,2,0,22,0,5,0,4,0
dataclay,es.bsc.dataclay.logic.notificationmgr,NotificationManager,146,0,4,0,46,0,11,0,9,0
dataclay,es.bsc.dataclay.extrae,DataClayExtrae,431,0,28,0,119,0,32,0,18,0
dataclay,es.bsc.dataclay.extrae,ExtraeAspects,47,0,0,0,11,0,5,0,5,0
dataclay,es.bsc.dataclay.extrae,ExtraeValuesGenerator,195,0,12,0,34,0,9,0,3,0
dataclay,es.bsc.dataclay.extrae,DataClayExtraeWrapper,18,0,0,0,4,0,2,0,2,0
dataclay,es.bsc.dataclay.util.management.interfacemgr,Interface,48,162,8,8,5,58,10,29,2,29
dataclay,es.bsc.dataclay.communication.grpc.generated.dataservice,DataServiceGrpc.DataServiceImplBase,535,0,0,0,223,0,46,0,46,0
dataclay,es.bsc.dataclay.communication.grpc.generated.dataservice,DataServiceGrpc.DataServiceBlockingStub,411,0,0,0,93,0,47,0,47,0
dataclay,es.bsc.dataclay.communication.grpc.generated.dataservice,DataServiceGrpc.DataServiceMethodDescriptorSupplier,12,0,0,0,4,0,2,0,2,0
dataclay,es.bsc.dataclay.communication.grpc.generated.dataservice,DataServiceGrpc.MethodHandlers,332,0,45,0,97,0,47,0,3,0
dataclay,es.bsc.dataclay.communication.grpc.generated.dataservice,DataServiceGrpc,1937,0,180,0,717,0,138,0,48,0
dataclay,es.bsc.dataclay.communication.grpc.generated.dataservice,DataServiceGrpc.DataServiceStub,455,0,0,0,137,0,47,0,47,0
dataclay,es.bsc.dataclay.communication.grpc.generated.dataservice,DataServiceGrpc.DataServiceFutureStub,411,0,0,0,93,0,47,0,47,0
dataclay,es.bsc.dataclay.communication.grpc.generated.dataservice,DataServiceGrpc.DataServiceBaseDescriptorSupplier,10,0,0,0,3,0,3,0,3,0
dataclay,es.bsc.dataclay.communication.grpc.generated.dataservice,DataServiceGrpcService,31,0,0,0,12,0,4,0,4,0
dataclay,es.bsc.dataclay.communication.grpc.generated.dataservice,DataServiceGrpc.DataServiceFileDescriptorSupplier,3,0,0,0,1,0,1,0,1,0
dataclay,es.bsc.dataclay.dbhandler.sql,DataServiceDBSQLStatements,0,8,1,1,0,4,1,1,0,1
dataclay,es.bsc.dataclay.dbhandler.sql,SQLHandler,257,237,31,21,78,88,29,12,4,11
dataclay,es.bsc.dataclay.dbhandler.sql,DataServiceDBSQLStatements.SqlStatements,0,95,0,2,0,16,0,5,0,4
dataclay,es.bsc.dataclay.logic.classmgr.bytecode.java.merger,DataClayClassMerger,126,0,10,0,25,0,9,0,4,0
dataclay,es.bsc.dataclay.logic.classmgr.bytecode.java.merger,ByteCodeMerger,250,0,14,0,47,0,8,0,1,0
dataclay,es.bsc.dataclay.communication.grpc.messages.logicmodule,LogicmoduleMessages.NewSessionResponse.new AbstractParser() {...},10,0,0,0,2,0,2,0,2,0
dataclay,es.bsc.dataclay.communication.grpc.messages.logicmodule,LogicmoduleMessages.GetDataSetIDRequest.new AbstractParser() {...},10,0,0,0,2,0,2,0,2,0
dataclay,es.bsc.dataclay.communication.grpc.messages.logicmodule,LogicmoduleMessages.NotifyStorageLocationShutdownRequest,390,0,45,0,0,0,60,0,37,0
dataclay,es.bsc.dataclay.communication.grpc.messages.logicmodule,LogicmoduleMessages.GetExecutionEnvironmentsNamesResponse.Builder,521,0,56,0,0,0,69,0,41,0
dataclay,es.bsc.dataclay.communication.grpc.messages.logicmodule,LogicmoduleMessages.NewAccountNoAdminRequest.Builder,246,0,20,0,81,0,37,0,27,0
dataclay,es.bsc.dataclay.communication.grpc.messages.logicmodule,LogicmoduleMessages.CheckObjectFederatedWithDataClayInstanceResponse.new AbstractParser() {...},10,0,0,0,0,0,2,0,2,0
dataclay,es.bsc.dataclay.communication.grpc.messages.logicmodule,LogicmoduleMessages.GetDataContractInfoOfApplicantWithProvRequest.Builder,721,0,106,0,0,0,102,0,49,0
dataclay,es.bsc.dataclay.communication.grpc.messages.logicmodule,LogicmoduleMessages.GetNamespaceIDResponse.Builder,530,0,74,0,151,0,77,0,40,0
dataclay,es.bsc.dataclay.communication.grpc.messages.logicmodule,LogicmoduleMessages.ActivateTracingRequest.new AbstractParser() {...},10,0,0,0,0,0,2,0,2,0
dataclay,es.bsc.dataclay.communication.grpc.messages.logicmodule,LogicmoduleMessages.GetExternalSourceDataClayOfObjectResponse.new AbstractParser() {...},10,0,0,0,0,0,2,0,2,0
dataclay,es.bsc.dataclay.communication.grpc.messages.logicmodule,LogicmoduleMessages.GetBabelStubsRequest.Builder,1002,0,132,0,0,0,126,0,60,0
dataclay,es.bsc.dataclay.communication.grpc.messages.logicmodule,LogicmoduleMessages.ImportModelsFromExternalDataClayRequest,480,0,56,0,0,0,68,0,39,0
dataclay,es.bsc.dataclay.communication.grpc.messages.logicmodule,LogicmoduleMessages.GetContractIDOfDataClayProviderResponse.Builder,530,0,74,0,0,0,77,0,40,0
dataclay,es.bsc.dataclay.communication.grpc.messages.logicmodule,LogicmoduleMessages.FederateAllObjectsRequest,489,0,66,0,0,0,74,0,40,0
dataclay,es.bsc.dataclay.communication.grpc.messages.logicmodule,LogicmoduleMessages.GetNamespaceLangResponse.new AbstractParser() {...},10,0,0,0,2,0,2,0,2,0
dataclay,es.bsc.dataclay.communication.grpc.messages.logicmodule,LogicmoduleMessages.UnregisterExecutionEnvironmentRequest.new AbstractParser() {...},10,0,0,0,2,0,2,0,2,0
dataclay,es.bsc.dataclay.communication.grpc.messages.logicmodule,LogicmoduleMessages.SetObjectReadWriteRequest,489,0,66,0,0,0,74,0,40,0
dataclay,es.bsc.dataclay.communication.grpc.messages.logicmodule,LogicmoduleMessages.GetInterfaceInfoRequest.new AbstractParser() {...},10,0,0,0,0,0,2,0,2,0
dataclay,es.bsc.dataclay.communication.grpc.messages.logicmodule,LogicmoduleMessages.PerformSetOperationsRequest,579,0,77,0,159,0,82,0,42,0
dataclay,es.bsc.dataclay.communication.grpc.messages.logicmodule,LogicmoduleMessages.IsPrefetchingEnabledResponse.new AbstractParser() {...},10,0,0,0,0,0,2,0,2,0
dataclay,es.bsc.dataclay.communication.grpc.messages.logicmodule,LogicmoduleMessages.GetAccountDataSetsResponse.Builder,521,0,56,0,149,0,69,0,41,0
dataclay,es.bsc.dataclay.communication.grpc.messages.logicmodule,LogicmoduleMessages.GetContractsOfApplicantWithProvResponse.ContractsDefaultEntryHolder,8,0,0,0,0,0,1,0,1,0
dataclay,es.bsc.dataclay.communication.grpc.messages.logicmodule,LogicmoduleMessages.GetNamespaceLangResponse,455,0,54,0,126,0,67,0,39,0
dataclay,es.bsc.dataclay.communication.grpc.messages.logicmodule,LogicmoduleMessages.GetStubsRequest,674,0,88,0,0,0,93,0,47,0
dataclay,es.bsc.dataclay.communication.grpc.messages.logicmodule,LogicmoduleMessages.GetExtDataClayInfoRequest,390,0,45,0,0,0,60,0,37,0
dataclay,es.bsc.dataclay.communication.grpc.messages.logicmodule,LogicmoduleMessages.GetMetadataByOIDForDSResponse.new AbstractParser() {...},10,0,0,0,0,0,2,0,2,0
dataclay,es.bsc.dataclay.communication.grpc.messages.logicmodule,LogicmoduleMessages.NewVersionRequest.new AbstractParser() {...},10,0,0,0,0,0,2,0,2,0
dataclay,es.bsc.dataclay.communication.grpc.messages.logicmodule,LogicmoduleMessages.GetNamespacesRequest.Builder,530,0,74,0,151,0,77,0,40,0
dataclay,es.bsc.dataclay.communication.grpc.messages.logicmodule,LogicmoduleMessages.RegisterObjectResponse.new AbstractParser() {...},10,0,0,0,0,0,2,0,2,0
dataclay,es.bsc.dataclay.communication.grpc.messages.logicmodule,LogicmoduleMessages.NewClassIDResponse.Builder,530,0,74,0,151,0,77,0,40,0
dataclay,es.bsc.dataclay.communication.grpc.messages.logicmodule,LogicmoduleMessages.AutoRegisterEERequest,681,0,83,0,190,0,88,0,44,0
dataclay,es.bsc.dataclay.communication.grpc.messages.logicmodule,LogicmoduleMessages.RemoveNamespaceRequest,579,0,77,0,159,0,82,0,42,0
dataclay,es.bsc.dataclay.communication.grpc.messages.logicmodule,LogicmoduleMessages.CloseSessionRequest,390,0,45,0,0,0,60,0,37,0
dataclay,es.bsc.dataclay.communication.grpc.messages.logicmodule,LogicmoduleMessages.GetPublicDataSetsRequest.Builder,530,0,74,0,151,0,77,0,40,0
dataclay,es.bsc.dataclay.communication.grpc.messages.logicmodule,LogicmoduleMessages.PublishAddressRequest.Builder,279,0,22,0,92,0,41,0,30,0
dataclay,es.bsc.dataclay.communication.grpc.messages.logicmodule,LogicmoduleMessages.RemoveDataSetRequest,579,0,77,0,159,0,82,0,42,0
dataclay,es.bsc.dataclay.communication.grpc.messages.logicmodule,LogicmoduleMessages.NewContractResponse.Builder,530,0,74,0,151,0,77,0,40,0
dataclay,es.bsc.dataclay.communication.grpc.messages.logicmodule,LogicmoduleMessages.AdviseEventRequest,381,0,35,0,0,0,54,0,36,0
dataclay,es.bsc.dataclay.communication.grpc.messages.logicmodule,LogicmoduleMessages.GetMetadataByOIDResponse.new AbstractParser() {...},10,0,0,0,0,0,2,0,2,0
dataclay,es.bsc.dataclay.communication.grpc.messages.logicmodule,LogicmoduleMessages.NewInterfaceRequest,579,0,77,0,0,0,82,0,42,0
dataclay,es.bsc.dataclay.communication.grpc.messages.logicmodule,LogicmoduleMessages.GetStorageLocationForDSRequest.Builder,339,0,42,0,0,0,52,0,31,0
dataclay,es.bsc.dataclay.communication.grpc.messages.logicmodule,LogicmoduleMessages.GetExtDataClayInfoRequest.Builder,339,0,42,0,0,0,52,0,31,0
dataclay,es.bsc.dataclay.communication.grpc.messages.logicmodule,LogicmoduleMessages.ObjectExistsInDataClayResponse.new AbstractParser() {...},10,0,0,0,0,0,2,0,2,0
dataclay,es.bsc.dataclay.communication.grpc.messages.logicmodule,LogicmoduleMessages.NewClassResponse.new AbstractParser() {...},10,0,0,0,2,0,2,0,2,0
dataclay,es.bsc.dataclay.communication.grpc.messages.logicmodule,LogicmoduleMessages.GetPropertyIDResponse,489,0,66,0,133,0,74,0,40,0
dataclay,es.bsc.dataclay.communication.grpc.messages.logicmodule,LogicmoduleMessages.RegisterObjectForGCRequest.Builder,530,0,74,0,0,0,77,0,40,0
dataclay,es.bsc.dataclay.communication.grpc.messages.logicmodule,LogicmoduleMessages.NotifyRegistrationOfExternalDataClayRequest.new AbstractParser() {...},10,0,0,0,0,0,2,0,2,0
dataclay,es.bsc.dataclay.communication.grpc.messages.logicmodule,LogicmoduleMessages.UnfederateAllObjectsWithAllDCsRequest.Builder,339,0,42,0,0,0,52,0,31,0
dataclay,es.bsc.dataclay.communication.grpc.messages.logicmodule,LogicmoduleMessages.GetStorageLocationIDResponse,489,0,66,0,0,0,74,0,40,0
dataclay,es.bsc.dataclay.communication.grpc.messages.logicmodule,LogicmoduleMessages.CheckDataSetIsPublicRequest.new AbstractParser() {...},10,0,0,0,2,0,2,0,2,0
dataclay,es.bsc.dataclay.communication.grpc.messages.logicmodule,LogicmoduleMessages.NewNamespaceResponse.Builder,530,0,74,0,151,0,77,0,40,0
dataclay,es.bsc.dataclay.communication.grpc.messages.logicmodule,LogicmoduleMessages.GetClassIDRequest,678,0,98,0,181,0,96,0,45,0
dataclay,es.bsc.dataclay.communication.grpc.messages.logicmodule,LogicmoduleMessages.RegisterExternalDataClayRequest,427,0,42,0,0,0,59,0,37,0
dataclay,es.bsc.dataclay.communication.grpc.messages.logicmodule,LogicmoduleMessages.ExecuteMethodOnTargetResponse.new AbstractParser() {...},10,0,0,0,0,0,2,0,2,0
dataclay,es.bsc.dataclay.communication.grpc.messages.logicmodule,LogicmoduleMessages.NewSessionRequest,891,0,122,0,219,0,119,0,55,0
dataclay,es.bsc.dataclay.communication.grpc.messages.logicmodule,LogicmoduleMessages.GetInfoOfClassesInNamespaceResponse.ClassesInfoDefaultEntryHolder,8,0,0,0,3,0,1,0,1,0
dataclay,es.bsc.dataclay.communication.grpc.messages.logicmodule,LogicmoduleMessages.GetBabelStubsResponse.new AbstractParser() {...},10,0,0,0,0,0,2,0,2,0
dataclay,es.bsc.dataclay.communication.grpc.messages.logicmodule,LogicmoduleMessages.FederateObjectRequest.new AbstractParser() {...},10,0,0,0,0,0,2,0,2,0
dataclay,es.bsc.dataclay.communication.grpc.messages.logicmodule,LogicmoduleMessages.GetExternalSourceDataClayOfObjectResponse.Builder,530,0,74,0,0,0,77,0,40,0
dataclay,es.bsc.dataclay.communication.grpc.messages.logicmodule,LogicmoduleMessages.GetStorageLocationForDSResponse.Builder,437,0,52,0,0,0,62,0,36,0
dataclay,es.bsc.dataclay.communication.grpc.messages.logicmodule,LogicmoduleMessages.NewVersionRequest.Builder,721,0,106,0,0,0,102,0,49,0
dataclay,es.bsc.dataclay.communication.grpc.messages.logicmodule,LogicmoduleMessages.GetClassInfoResponse.new AbstractParser() {...},10,0,0,0,2,0,2,0,2,0
dataclay,es.bsc.dataclay.communication.grpc.messages.logicmodule,LogicmoduleMessages.GetPublicDataSetsResponse.new AbstractParser() {...},10,0,0,0,2,0,2,0,2,0
dataclay,es.bsc.dataclay.communication.grpc.messages.logicmodule,LogicmoduleMessages.GetDataContractInfoOfApplicantWithProvRequest.new AbstractParser() {...},10,0,0,0,0,0,2,0,2,0
dataclay,es.bsc.dataclay.communication.grpc.messages.logicmodule,LogicmoduleMessages.GetStorageLocationIDRequest.new AbstractParser() {...},10,0,0,0,0,0,2,0,2,0
dataclay,es.bsc.dataclay.communication.grpc.messages.logicmodule,LogicmoduleMessages.GetInfoOfSessionForDSRequest,390,0,45,0,111,0,60,0,37,0
dataclay,es.bsc.dataclay.communication.grpc.messages.logicmodule,LogicmoduleMessages.IsPrefetchingEnabledResponse,437,0,52,0,0,0,65,0,38,0
dataclay,es.bsc.dataclay.communication.grpc.messages.logicmodule,LogicmoduleMessages.RegisterObjectRequest,644,0,86,0,0,0,89,0,44,0
dataclay,es.bsc.dataclay.communication.grpc.messages.logicmodule,LogicmoduleMessages.GetObjectFromAliasResponse.new AbstractParser() {...},10,0,0,0,0,0,2,0,2,0
dataclay,es.bsc.dataclay.communication.grpc.messages.logicmodule,LogicmoduleMessages.GetOperationIDResponse,489,0,66,0,133,0,74,0,40,0
dataclay,es.bsc.dataclay.communication.grpc.messages.logicmodule,LogicmoduleMessages.GetNamespaceIDResponse.new AbstractParser() {...},10,0,0,0,2,0,2,0,2,0
dataclay,es.bsc.dataclay.communication.grpc.messages.logicmodule,LogicmoduleMessages.GetExecutionEnvironmentsInfoRequest.Builder,435,0,50,0,0,0,64,0,39,0
dataclay,es.bsc.dataclay.communication.grpc.messages.logicmodule,LogicmoduleMessages.DeleteAliasRequest.Builder,437,0,52,0,0,0,62,0,36,0
dataclay,es.bsc.dataclay.communication.grpc.messages.logicmodule,LogicmoduleMessages.NewClassResponse.Builder,542,0,68,0,151,0,80,0,46,0
dataclay,es.bsc.dataclay.communication.grpc.messages.logicmodule,LogicmoduleMessages.RegisterExternalDataClayRequest.new AbstractParser() {...},10,0,0,0,0,0,2,0,2,0
dataclay,es.bsc.dataclay.communication.grpc.messages.logicmodule,LogicmoduleMessages.GetDataSetIDRequest.Builder,628,0,84,0,185,0,87,0,45,0
dataclay,es.bsc.dataclay.communication.grpc.messages.logicmodule,LogicmoduleMessages.NewClassIDRequest.Builder,894,0,116,0,256,0,123,0,65,0
dataclay,es.bsc.dataclay.communication.grpc.messages.logicmodule,LogicmoduleMessages.GetDataContractInfoOfApplicantWithProvResponse.new AbstractParser() {...},10,0,0,0,0,0,2,0,2,0
dataclay,es.bsc.dataclay.communication.grpc.messages.logicmodule,LogicmoduleMessages.GetStubsResponse.Builder,542,0,68,0,0,0,80,0,46,0
dataclay,es.bsc.dataclay.communication.grpc.messages.logicmodule,LogicmoduleMessages.NewDataSetResponse,489,0,66,0,133,0,74,0,40,0
dataclay,es.bsc.dataclay.communication.grpc.messages.logicmodule,LogicmoduleMessages.GetObjectDataSetIDRequest.Builder,530,0,74,0,151,0,77,0,40,0
dataclay,es.bsc.dataclay.communication.grpc.messages.logicmodule,LogicmoduleMessages.GetInfoOfClassesInNamespaceResponse,582,0,68,0,157,0,80,0,45,0
dataclay,es.bsc.dataclay.communication.grpc.messages.logicmodule,LogicmoduleMessages.NewDataContractResponse.Builder,530,0,74,0,0,0,77,0,40,0
dataclay,es.bsc.dataclay.communication.grpc.messages.logicmodule,LogicmoduleMessages.NewDataSetRequest.Builder,628,0,84,0,185,0,87,0,45,0
dataclay,es.bsc.dataclay.communication.grpc.messages.logicmodule,LogicmoduleMessages.UnfederateObjectRequest,635,0,94,0,0,0,93,0,44,0
dataclay,es.bsc.dataclay.communication.grpc.messages.logicmodule,LogicmoduleMessages.GetClassesInNamespaceRequest.Builder,246,0,20,0,0,0,37,0,27,0
dataclay,es.bsc.dataclay.communication.grpc.messages.logicmodule,LogicmoduleMessages.NewClassRequest.NewClassesDefaultEntryHolder,8,0,0,0,3,0,1,0,1,0
dataclay,es.bsc.dataclay.communication.grpc.messages.logicmodule,LogicmoduleMessages.ImportModelsFromExternalDataClayRequest.new AbstractParser() {...},10,0,0,0,0,0,2,0,2,0
dataclay,es.bsc.dataclay.communication.grpc.messages.logicmodule,LogicmoduleMessages.GetClassIDResponse.Builder,530,0,74,0,151,0,77,0,40,0
dataclay,es.bsc.dataclay.communication.grpc.messages.logicmodule,LogicmoduleMessages.RegisterToPublicContractOfNamespaceResponse.Builder,530,0,74,0,0,0,77,0,40,0
dataclay,es.bsc.dataclay.communication.grpc.messages.logicmodule,LogicmoduleMessages.GetContractIDsOfApplicantResponse.Builder,542,0,68,0,0,0,80,0,46,0
dataclay,es.bsc.dataclay.communication.grpc.messages.logicmodule,LogicmoduleMessages.NotifyRegistrationOfExternalDataClayResponse.Builder,530,0,74,0,0,0,77,0,40,0
dataclay,es.bsc.dataclay.communication.grpc.messages.logicmodule,LogicmoduleMessages.NewClassIDRequest.NewClassesDefaultEntryHolder,8,0,0,0,3,0,1,0,1,0
dataclay,es.bsc.dataclay.communication.grpc.messages.logicmodule,LogicmoduleMessages.GetExecutionEnvironmentsNamesRequest.new AbstractParser() {...},10,0,0,0,0,0,2,0,2,0
dataclay,es.bsc.dataclay.communication.grpc.messages.logicmodule,LogicmoduleMessages.DeleteAliasRequest,480,0,56,0,0,0,68,0,39,0
dataclay,es.bsc.dataclay.communication.grpc.messages.logicmodule,LogicmoduleMessages.NewContractResponse.new AbstractParser() {...},10,0,0,0,2,0,2,0,2,0
dataclay,es.bsc.dataclay.communication.grpc.messages.logicmodule,LogicmoduleMessages.GetContractIDsOfApplicantRequest.Builder,530,0,74,0,0,0,77,0,40,0
dataclay,es.bsc.dataclay.communication.grpc.messages.logicmodule,LogicmoduleMessages.UnfederateAllObjectsRequest.new AbstractParser() {...},10,0,0,0,0,0,2,0,2,0
dataclay,es.bsc.dataclay.communication.grpc.messages.logicmodule,LogicmoduleMessages.CheckObjectFederatedRequest,390,0,45,0,0,0,60,0,37,0
dataclay,es.bsc.dataclay.communication.grpc.messages.logicmodule,LogicmoduleMessages.GetMetadataByOIDForDSRequest,390,0,45,0,0,0,60,0,37,0
dataclay,es.bsc.dataclay.communication.grpc.messages.logicmodule,LogicmoduleMessages.GetOperationIDRequest.new AbstractParser() {...},10,0,0,0,2,0,2,0,2,0
dataclay,es.bsc.dataclay.communication.grpc.messages.logicmodule,LogicmoduleMessages.RegisterExternalDataClayResponse,489,0,66,0,0,0,74,0,40,0
dataclay,es.bsc.dataclay.communication.grpc.messages.logicmodule,LogicmoduleMessages.GetClassesInNamespaceRequest,381,0,35,0,0,0,54,0,36,0
dataclay,es.bsc.dataclay.communication.grpc.messages.logicmodule,LogicmoduleMessages.GetInterfaceInfoResponse.new AbstractParser() {...},10,0,0,0,0,0,2,0,2,0
dataclay,es.bsc.dataclay.communication.grpc.messages.logicmodule,LogicmoduleMessages.GetClassNameForDSResponse,480,0,56,0,0,0,68,0,39,0
dataclay,es.bsc.dataclay.communication.grpc.messages.logicmodule,LogicmoduleMessages.GetDataContractIDsOfProviderRequest,588,0,87,0,0,0,88,0,43,0
dataclay,es.bsc.dataclay.communication.grpc.messages.logicmodule,LogicmoduleMessages.GetDataContractIDsOfProviderRequest.Builder,721,0,106,0,0,0,102,0,49,0
dataclay,es.bsc.dataclay.communication.grpc.messages.logicmodule,LogicmoduleMessages.GetClassNameAndNamespaceForDSResponse.new AbstractParser() {...},10,0,0,0,0,0,2,0,2,0
dataclay,es.bsc.dataclay.communication.grpc.messages.logicmodule,LogicmoduleMessages.UnfederateObjectWithAllDCsRequest.Builder,563,0,76,0,0,0,81,0,43,0
dataclay,es.bsc.dataclay.communication.grpc.messages.logicmodule,LogicmoduleMessages.GetContractsOfApplicantWithProvRequest,588,0,87,0,0,0,88,0,43,0
dataclay,es.bsc.dataclay.communication.grpc.messages.logicmodule,LogicmoduleMessages.SynchronizeFederatedObjectRequest.new AbstractParser() {...},10,0,0,0,0,0,2,0,2,0
dataclay,es.bsc.dataclay.communication.grpc.messages.logicmodule,LogicmoduleMessages.GetContractIDsOfApplicantResponse.ContractsDefaultEntryHolder,8,0,0,0,0,0,1,0,1,0
dataclay,es.bsc.dataclay.communication.grpc.messages.logicmodule,LogicmoduleMessages.GetObjectsMetaDataInfoOfClassForNMRequest,390,0,45,0,0,0,60,0,37,0
dataclay,es.bsc.dataclay.communication.grpc.messages.logicmodule,LogicmoduleMessages.MigrateFederatedObjectsRequest,588,0,87,0,0,0,88,0,43,0
dataclay,es.bsc.dataclay.communication.grpc.messages.logicmodule,LogicmoduleMessages.NewInterfaceResponse.new AbstractParser() {...},10,0,0,0,0,0,2,0,2,0
dataclay,es.bsc.dataclay.communication.grpc.messages.logicmodule,LogicmoduleMessages.PerformSetAccountsResponse.new AbstractParser() {...},10,0,0,0,2,0,2,0,2,0
dataclay,es.bsc.dataclay.communication.grpc.messages.logicmodule,LogicmoduleMessages.GetInterfaceInfoResponse,480,0,56,0,0,0,68,0,39,0
dataclay,es.bsc.dataclay.communication.grpc.messages.logicmodule,LogicmoduleMessages.GetPropertyIDRequest,768,0,109,0,207,0,104,0,47,0
dataclay,es.bsc.dataclay.communication.grpc.messages.logicmodule,LogicmoduleMessages.GetObjectsMetaDataInfoOfClassForNMRequest.new AbstractParser() {...},10,0,0,0,0,0,2,0,2,0
dataclay,es.bsc.dataclay.communication.grpc.messages.logicmodule,LogicmoduleMessages.RemoveImplementationRequest.new AbstractParser() {...},10,0,0,0,2,0,2,0,2,0
dataclay,es.bsc.dataclay.communication.grpc.messages.logicmodule,LogicmoduleMessages.GetExecutionEnvironmentForDSResponse.new AbstractParser() {...},10,0,0,0,0,0,2,0,2,0
dataclay,es.bsc.dataclay.communication.grpc.messages.logicmodule,LogicmoduleMessages.SetObjectReadOnlyRequest,489,0,66,0,0,0,74,0,40,0
dataclay,es.bsc.dataclay.communication.grpc.messages.logicmodule,LogicmoduleMessages.NewInterfaceRequest.Builder,628,0,84,0,0,0,87,0,45,0
dataclay,es.bsc.dataclay.communication.grpc.messages.logicmodule,LogicmoduleMessages.ExecuteImplementationRequest.Builder,1485,0,234,0,0,0,202,0,85,0
dataclay,es.bsc.dataclay.communication.grpc.messages.logicmodule,LogicmoduleMessages.ObjectExistsInDataClayRequest.Builder,339,0,42,0,0,0,52,0,31,0
dataclay,es.bsc.dataclay.communication.grpc.messages.logicmodule,LogicmoduleMessages.NotifyFederatedObjectsRequest.FederatedObjectsDefaultEntryHolder,8,0,0,0,0,0,1,0,1,0
dataclay,es.bsc.dataclay.communication.grpc.messages.logicmodule,LogicmoduleMessages.GetContractsOfApplicantWithProvRequest.Builder,721,0,106,0,0,0,102,0,49,0
dataclay,es.bsc.dataclay.communication.grpc.messages.logicmodule,LogicmoduleMessages.GetContractIDOfDataClayProviderResponse,489,0,66,0,0,0,74,0,40,0
dataclay,es.bsc.dataclay.communication.grpc.messages.logicmodule,LogicmoduleMessages.SetDataSetIDFromGarbageCollectorRequest.new AbstractParser() {...},10,0,0,0,0,0,2,0,2,0
dataclay,es.bsc.dataclay.communication.grpc.messages.logicmodule,LogicmoduleMessages.RegisterToPublicContractOfNamespaceResponse.new AbstractParser() {...},10,0,0,0,0,0,2,0,2,0
dataclay,es.bsc.dataclay.communication.grpc.messages.logicmodule,LogicmoduleMessages.ImportContractRequest.Builder,912,0,138,0,255,0,127,0,58,0
dataclay,es.bsc.dataclay.communication.grpc.messages.logicmodule,LogicmoduleMessages.MoveObjectResponse.new AbstractParser() {...},10,0,0,0,0,0,2,0,2,0
dataclay,es.bsc.dataclay.communication.grpc.messages.logicmodule,LogicmoduleMessages.MoveObjectRequest.new AbstractParser() {...},10,0,0,0,0,0,2,0,2,0
dataclay,es.bsc.dataclay.communication.grpc.messages.logicmodule,LogicmoduleMessages.RegisterToPublicDataContractRequest,588,0,87,0,0,0,88,0,43,0
dataclay,es.bsc.dataclay.communication.grpc.messages.logicmodule,LogicmoduleMessages.MoveObjectRequest,734,0,115,0,0,0,107,0,47,0
dataclay,es.bsc.dataclay.communication.grpc.messages.logicmodule,LogicmoduleMessages.UnfederateObjectRequest.new AbstractParser() {...},10,0,0,0,0,0,2,0,2,0
dataclay,es.bsc.dataclay.communication.grpc.messages.logicmodule,LogicmoduleMessages.FederateObjectRequest,635,0,94,0,0,0,93,0,44,0
dataclay,es.bsc.dataclay.communication.grpc.messages.logicmodule,LogicmoduleMessages.RegisterToPublicContractRequest,588,0,87,0,155,0,88,0,43,0
dataclay,es.bsc.dataclay.communication.grpc.messages.logicmodule,LogicmoduleMessages.NewSessionRequest.new AbstractParser() {...},10,0,0,0,2,0,2,0,2,0
dataclay,es.bsc.dataclay.communication.grpc.messages.logicmodule,LogicmoduleMessages.SetDataSetIDRequest,588,0,87,0,0,0,88,0,43,0
dataclay,es.bsc.dataclay.communication.grpc.messages.logicmodule,LogicmoduleMessages.ExistsActiveEnvironmentsForSLRequest.Builder,339,0,42,0,0,0,52,0,31,0
dataclay,es.bsc.dataclay.communication.grpc.messages.logicmodule,LogicmoduleMessages.GetExtDataClayInfoResponse,480,0,56,0,0,0,68,0,39,0
dataclay,es.bsc.dataclay.communication.grpc.messages.logicmodule,LogicmoduleMessages.GetContractIDsOfProviderResponse.new AbstractParser() {...},10,0,0,0,0,0,2,0,2,0
dataclay,es.bsc.dataclay.communication.grpc.messages.logicmodule,LogicmoduleMessages.GetExternalSourceDataClayOfObjectRequest.new AbstractParser() {...},10,0,0,0,0,0,2,0,2,0
dataclay,es.bsc.dataclay.communication.grpc.messages.logicmodule,LogicmoduleMessages.PerformSetAccountsRequest,579,0,77,0,159,0,82,0,42,0
dataclay,es.bsc.dataclay.communication.grpc.messages.logicmodule,LogicmoduleMessages.SetObjectReadOnlyRequest.new AbstractParser() {...},10,0,0,0,0,0,2,0,2,0
dataclay,es.bsc.dataclay.communication.grpc.messages.logicmodule,LogicmoduleMessages.GetClassNameAndNamespaceForDSResponse.Builder,535,0,62,0,0,0,72,0,41,0
dataclay,es.bsc.dataclay.communication.grpc.messages.logicmodule,LogicmoduleMessages.GetContractIDsOfProviderResponse,582,0,68,0,0,0,80,0,45,0
dataclay,es.bsc.dataclay.communication.grpc.messages.logicmodule,LogicmoduleMessages.GetExternalDataclayIDRequest.Builder,279,0,22,0,0,0,41,0,30,0
dataclay,es.bsc.dataclay.communication.grpc.messages.logicmodule,LogicmoduleMessages.UnfederateObjectRequest.Builder,754,0,108,0,0,0,106,0,52,0
dataclay,es.bsc.dataclay.communication.grpc.messages.logicmodule,LogicmoduleMessages.RegisterObjectForGCRequest.new AbstractParser() {...},10,0,0,0,0,0,2,0,2,0
dataclay,es.bsc.dataclay.communication.grpc.messages.logicmodule,LogicmoduleMessages.RemoveOperationRequest.Builder,917,0,126,0,271,0,122,0,59,0
dataclay,es.bsc.dataclay.communication.grpc.messages.logicmodule,LogicmoduleMessages.GetContractIDsOfProviderRequest,588,0,87,0,0,0,88,0,43,0
dataclay,es.bsc.dataclay.communication.grpc.messages.logicmodule,LogicmoduleMessages.RegisterExternalDataClayRequest.Builder,279,0,22,0,0,0,41,0,30,0
dataclay,es.bsc.dataclay.communication.grpc.messages.logicmodule,LogicmoduleMessages.RegisterToPublicDataContractRequest.new AbstractParser() {...},10,0,0,0,0,0,2,0,2,0
dataclay,es.bsc.dataclay.communication.grpc.messages.logicmodule,LogicmoduleMessages.GetNamespacesResponse.Builder,521,0,56,0,149,0,69,0,41,0
dataclay,es.bsc.dataclay.communication.grpc.messages.logicmodule,LogicmoduleMessages,4544,0,0,0,3,0,4,0,4,0
dataclay,es.bsc.dataclay.communication.grpc.messages.logicmodule,LogicmoduleMessages.NotifyStorageLocationShutdownRequest.new AbstractParser() {...},10,0,0,0,0,0,2,0,2,0
dataclay,es.bsc.dataclay.communication.grpc.messages.logicmodule,LogicmoduleMessages.GetStubsResponse.StubsDefaultEntryHolder,8,0,0,0,0,0,1,0,1,0
dataclay,es.bsc.dataclay.communication.grpc.messages.logicmodule,LogicmoduleMessages.GetContractIDsOfProviderRequest.new AbstractParser() {...},10,0,0,0,0,0,2,0,2,0
dataclay,es.bsc.dataclay.communication.grpc.messages.logicmodule,LogicmoduleMessages.GetStorageLocationForDSResponse.new AbstractParser() {...},10,0,0,0,0,0,2,0,2,0
dataclay,es.bsc.dataclay.communication.grpc.messages.logicmodule,LogicmoduleMessages.GetClassIDResponse.new AbstractParser() {...},10,0,0,0,2,0,2,0,2,0
dataclay,es.bsc.dataclay.communication.grpc.messages.logicmodule,LogicmoduleMessages.GetAccountIDResponse,489,0,66,0,133,0,74,0,40,0
dataclay,es.bsc.dataclay.communication.grpc.messages.logicmodule,LogicmoduleMessages.GetClassesInNamespaceResponse.new AbstractParser() {...},10,0,0,0,0,0,2,0,2,0
dataclay,es.bsc.dataclay.communication.grpc.messages.logicmodule,LogicmoduleMessages.GetExecutionEnvironmentForDSResponse,480,0,56,0,0,0,68,0,39,0
dataclay,es.bsc.dataclay.communication.grpc.messages.logicmodule,LogicmoduleMessages.AutoRegisterEEResponse.Builder,530,0,74,0,151,0,77,0,40,0
dataclay,es.bsc.dataclay.communication.grpc.messages.logicmodule,LogicmoduleMessages.RemoveInterfaceRequest.Builder,912,0,138,0,0,0,127,0,58,0
dataclay,es.bsc.dataclay.communication.grpc.messages.logicmodule,LogicmoduleMessages.GetDataContractIDsOfApplicantResponse.new AbstractParser() {...},10,0,0,0,0,0,2,0,2,0
dataclay,es.bsc.dataclay.communication.grpc.messages.logicmodule,LogicmoduleMessages.GetObjectInfoRequest,489,0,66,0,0,0,74,0,40,0
dataclay,es.bsc.dataclay.communication.grpc.messages.logicmodule,LogicmoduleMessages.GetObjectsMetaDataInfoOfClassForNMResponse,582,0,68,0,0,0,80,0,45,0
dataclay,es.bsc.dataclay.communication.grpc.messages.logicmodule,LogicmoduleMessages.NewClassIDResponse.new AbstractParser() {...},10,0,0,0,2,0,2,0,2,0
dataclay,es.bsc.dataclay.communication.grpc.messages.logicmodule,LogicmoduleMessages.GetExtDataClayInfoResponse.Builder,437,0,52,0,0,0,62,0,36,0
dataclay,es.bsc.dataclay.communication.grpc.messages.logicmodule,LogicmoduleMessages.RegisterToPublicContractOfNamespaceRequest.new AbstractParser() {...},10,0,0,0,2,0,2,0,2,0
dataclay,es.bsc.dataclay.communication.grpc.messages.logicmodule,LogicmoduleMessages.ExistsActiveEnvironmentsForSLRequest,390,0,45,0,0,0,60,0,37,0
dataclay,es.bsc.dataclay.communication.grpc.messages.logicmodule,LogicmoduleMessages.GetInfoOfClassesInNamespaceResponse.Builder,542,0,68,0,151,0,80,0,46,0
dataclay,es.bsc.dataclay.communication.grpc.messages.logicmodule,LogicmoduleMessages.RegisterObjectRequest.Builder,691,0,90,0,0,0,95,0,50,0
dataclay,es.bsc.dataclay.communication.grpc.messages.logicmodule,LogicmoduleMessages.ExecuteMethodOnTargetRequest.new AbstractParser() {...},10,0,0,0,0,0,2,0,2,0
dataclay,es.bsc.dataclay.communication.grpc.messages.logicmodule,LogicmoduleMessages.GetClassNameForDSRequest.Builder,339,0,42,0,0,0,52,0,31,0
dataclay,es.bsc.dataclay.communication.grpc.messages.logicmodule,LogicmoduleMessages.GetClassNameAndNamespaceForDSResponse,570,0,67,0,0,0,76,0,41,0
dataclay,es.bsc.dataclay.communication.grpc.messages.logicmodule,LogicmoduleMessages.GetExternalSourceDataClayOfObjectRequest,390,0,45,0,0,0,60,0,37,0
dataclay,es.bsc.dataclay.communication.grpc.messages.logicmodule,LogicmoduleMessages.GetImportedClassesInfoInNamespaceRequest.new AbstractParser() {...},10,0,0,0,2,0,2,0,2,0
dataclay,es.bsc.dataclay.communication.grpc.messages.logicmodule,LogicmoduleMessages.GetPublicDataSetsResponse.Builder,521,0,56,0,149,0,69,0,41,0
dataclay,es.bsc.dataclay.communication.grpc.messages.logicmodule,LogicmoduleMessages.SetDataSetIDRequest.new AbstractParser() {...},10,0,0,0,0,0,2,0,2,0
dataclay,es.bsc.dataclay.communication.grpc.messages.logicmodule,LogicmoduleMessages.CheckObjectFederatedRequest.new AbstractParser() {...},10,0,0,0,0,0,2,0,2,0
dataclay,es.bsc.dataclay.communication.grpc.messages.logicmodule,LogicmoduleMessages.NewContractRequest.new AbstractParser() {...},10,0,0,0,2,0,2,0,2,0
dataclay,es.bsc.dataclay.communication.grpc.messages.logicmodule,LogicmoduleMessages.GetClassInfoRequest.new AbstractParser() {...},10,0,0,0,2,0,2,0,2,0
dataclay,es.bsc.dataclay.communication.grpc.messages.logicmodule,LogicmoduleMessages.GetAccountDataSetsResponse.new AbstractParser() {...},10,0,0,0,2,0,2,0,2,0
dataclay,es.bsc.dataclay.communication.grpc.messages.logicmodule,LogicmoduleMessages.RemoveDataSetRequest.new AbstractParser() {...},10,0,0,0,2,0,2,0,2,0
dataclay,es.bsc.dataclay.communication.grpc.messages.logicmodule,LogicmoduleMessages.GetBabelStubsResponse,443,0,52,0,0,0,65,0,38,0
dataclay,es.bsc.dataclay.communication.grpc.messages.logicmodule,LogicmoduleMessages.NewClassResponse.NewClassesDefaultEntryHolder,8,0,0,0,3,0,1,0,1,0
dataclay,es.bsc.dataclay.communication.grpc.messages.logicmodule,LogicmoduleMessages.GetClassInfoRequest.Builder,819,0,116,0,237,0,112,0,54,0
dataclay,es.bsc.dataclay.communication.grpc.messages.logicmodule,LogicmoduleMessages.NotifyFederatedObjectsRequest.Builder,845,0,104,0,0,0,120,0,67,0
dataclay,es.bsc.dataclay.communication.grpc.messages.logicmodule,LogicmoduleMessages.NewSessionResponse,480,0,56,0,137,0,68,0,39,0
dataclay,es.bsc.dataclay.communication.grpc.messages.logicmodule,LogicmoduleMessages.NotifyExecutionEnvironmentShutdownRequest,390,0,45,0,0,0,60,0,37,0
dataclay,es.bsc.dataclay.communication.grpc.messages.logicmodule,LogicmoduleMessages.GetAccountIDResponse.new AbstractParser() {...},10,0,0,0,2,0,2,0,2,0
dataclay,es.bsc.dataclay.communication.grpc.messages.logicmodule,LogicmoduleMessages.ExecuteImplementationRequest.new AbstractParser() {...},10,0,0,0,0,0,2,0,2,0
dataclay,es.bsc.dataclay.communication.grpc.messages.logicmodule,LogicmoduleMessages.GetDataClaysObjectIsFederatedWithRequest.new AbstractParser() {...},10,0,0,0,0,0,2,0,2,0
dataclay,es.bsc.dataclay.communication.grpc.messages.logicmodule,LogicmoduleMessages.GetContractIDOfDataClayProviderResponse.new AbstractParser() {...},10,0,0,0,0,0,2,0,2,0
dataclay,es.bsc.dataclay.communication.grpc.messages.logicmodule,LogicmoduleMessages.GetContractIDOfDataClayProviderRequest.new AbstractParser() {...},10,0,0,0,0,0,2,0,2,0
dataclay,es.bsc.dataclay.communication.grpc.messages.logicmodule,LogicmoduleMessages.ExecuteMethodOnTargetRequest,777,0,119,0,0,0,110,0,48,0
dataclay,es.bsc.dataclay.communication.grpc.messages.logicmodule,LogicmoduleMessages.GetPropertyIDResponse.Builder,530,0,74,0,151,0,77,0,40,0
dataclay,es.bsc.dataclay.communication.grpc.messages.logicmodule,LogicmoduleMessages.NewClassRequest.Builder,796,0,106,0,222,0,113,0,60,0
dataclay,es.bsc.dataclay.communication.grpc.messages.logicmodule,LogicmoduleMessages.UnregisterObjectsRequest.new AbstractParser() {...},10,0,0,0,0,0,2,0,2,0
dataclay,es.bsc.dataclay.communication.grpc.messages.logicmodule,LogicmoduleMessages.DeleteAliasRequest.new AbstractParser() {...},10,0,0,0,0,0,2,0,2,0
dataclay,es.bsc.dataclay.communication.grpc.messages.logicmodule,LogicmoduleMessages.GetDataContractIDsOfProviderResponse.new AbstractParser() {...},10,0,0,0,0,0,2,0,2,0
dataclay,es.bsc.dataclay.communication.grpc.messages.logicmodule,LogicmoduleMessages.AutoRegisterEERequest.Builder,631,0,70,0,197,0,84,0,49,0
dataclay,es.bsc.dataclay.communication.grpc.messages.logicmodule,LogicmoduleMessages.GetDataContractIDsOfApplicantResponse,582,0,68,0,0,0,80,0,45,0
dataclay,es.bsc.dataclay.communication.grpc.messages.logicmodule,LogicmoduleMessages.NewAccountNoAdminRequest,381,0,35,0,115,0,54,0,36,0
dataclay,es.bsc.dataclay.communication.grpc.messages.logicmodule,LogicmoduleMessages.CheckDataSetIsPublicResponse,437,0,52,0,124,0,65,0,38,0
dataclay,es.bsc.dataclay.communication.grpc.messages.logicmodule,LogicmoduleMessages.NotifyFederatedObjectsRequest.ObjectsInfoDefaultEntryHolder,8,0,0,0,0,0,1,0,1,0
dataclay,es.bsc.dataclay.communication.grpc.messages.logicmodule,LogicmoduleMessages.GetClassNameAndNamespaceForDSRequest.Builder,339,0,42,0,0,0,52,0,31,0
dataclay,es.bsc.dataclay.communication.grpc.messages.logicmodule,LogicmoduleMessages.RemoveImplementationRequest,777,0,119,0,203,0,110,0,48,0
dataclay,es.bsc.dataclay.communication.grpc.messages.logicmodule,LogicmoduleMessages.NewDataSetRequest.new AbstractParser() {...},10,0,0,0,2,0,2,0,2,0
dataclay,es.bsc.dataclay.communication.grpc.messages.logicmodule,LogicmoduleMessages.UnregisterObjectsRequest.Builder,620,0,68,0,0,0,76,0,42,0
dataclay,es.bsc.dataclay.communication.grpc.messages.logicmodule,LogicmoduleMessages.GetStorageLocationIDResponse.Builder,530,0,74,0,0,0,77,0,40,0
dataclay,es.bsc.dataclay.communication.grpc.messages.logicmodule,LogicmoduleMessages.RemoveOperationRequest,768,0,109,0,207,0,104,0,47,0
dataclay,es.bsc.dataclay.communication.grpc.messages.logicmodule,LogicmoduleMessages.GetObjectFromAliasRequest.Builder,437,0,52,0,0,0,62,0,36,0
dataclay,es.bsc.dataclay.communication.grpc.messages.logicmodule,LogicmoduleMessages.PerformSetOperationsResponse.new AbstractParser() {...},10,0,0,0,2,0,2,0,2,0
dataclay,es.bsc.dataclay.communication.grpc.messages.logicmodule,LogicmoduleMessages.NewNamespaceRequest,579,0,77,0,159,0,82,0,42,0
dataclay,es.bsc.dataclay.communication.grpc.messages.logicmodule,LogicmoduleMessages.RemoveOperationRequest.new AbstractParser() {...},10,0,0,0,2,0,2,0,2,0
dataclay,es.bsc.dataclay.communication.grpc.messages.logicmodule,LogicmoduleMessages.MigrateFederatedObjectsRequest.new AbstractParser() {...},10,0,0,0,0,0,2,0,2,0
dataclay,es.bsc.dataclay.communication.grpc.messages.logicmodule,LogicmoduleMessages.GetAccountListResponse.new AbstractParser() {...},10,0,0,0,2,0,2,0,2,0
dataclay,es.bsc.dataclay.communication.grpc.messages.logicmodule,LogicmoduleMessages.GetClassNameAndNamespaceForDSRequest,390,0,45,0,0,0,60,0,37,0
dataclay,es.bsc.dataclay.communication.grpc.messages.logicmodule,LogicmoduleMessages.GetClassesInNamespaceRequest.new AbstractParser() {...},10,0,0,0,0,0,2,0,2,0
dataclay,es.bsc.dataclay.communication.grpc.messages.logicmodule,LogicmoduleMessages.ObjectExistsInDataClayResponse,437,0,52,0,0,0,65,0,38,0
dataclay,es.bsc.dataclay.communication.grpc.messages.logicmodule,LogicmoduleMessages.CheckDataSetIsPublicRequest.Builder,339,0,42,0,99,0,52,0,31,0
dataclay,es.bsc.dataclay.communication.grpc.messages.logicmodule,LogicmoduleMessages.SetDataSetIDFromGarbageCollectorRequest.Builder,530,0,74,0,0,0,77,0,40,0
dataclay,es.bsc.dataclay.communication.grpc.messages.logicmodule,LogicmoduleMessages.GetStubsRequest.new AbstractParser() {...},10,0,0,0,0,0,2,0,2,0
dataclay,es.bsc.dataclay.communication.grpc.messages.logicmodule,LogicmoduleMessages.GetContractsOfApplicantWithProvRequest.new AbstractParser() {...},10,0,0,0,0,0,2,0,2,0
dataclay,es.bsc.dataclay.communication.grpc.messages.logicmodule,LogicmoduleMessages.NotifyExecutionEnvironmentShutdownRequest.new AbstractParser() {...},10,0,0,0,0,0,2,0,2,0
dataclay,es.bsc.dataclay.communication.grpc.messages.logicmodule,LogicmoduleMessages.NewReplicaRequest,635,0,94,0,0,0,93,0,44,0
dataclay,es.bsc.dataclay.communication.grpc.messages.logicmodule,LogicmoduleMessages.NewSessionResponse.Builder,437,0,52,0,133,0,62,0,36,0
dataclay,es.bsc.dataclay.communication.grpc.messages.logicmodule,LogicmoduleMessages.GetExternalDataclayIDResponse,489,0,66,0,0,0,74,0,40,0
dataclay,es.bsc.dataclay.communication.grpc.messages.logicmodule,LogicmoduleMessages.GetObjectFromAliasRequest,480,0,56,0,0,0,68,0,39,0
dataclay,es.bsc.dataclay.communication.grpc.messages.logicmodule,LogicmoduleMessages.NewReplicaRequest.Builder,754,0,108,0,0,0,106,0,52,0
dataclay,es.bsc.dataclay.communication.grpc.messages.logicmodule,LogicmoduleMessages.GetAccountIDResponse.Builder,530,0,74,0,151,0,77,0,40,0
dataclay,es.bsc.dataclay.communication.grpc.messages.logicmodule,LogicmoduleMessages.GetContractIDsOfProviderRequest.Builder,721,0,106,0,0,0,102,0,49,0
dataclay,es.bsc.dataclay.communication.grpc.messages.logicmodule,LogicmoduleMessages.FederateAllObjectsRequest.new AbstractParser() {...},10,0,0,0,0,0,2,0,2,0
dataclay,es.bsc.dataclay.communication.grpc.messages.logicmodule,LogicmoduleMessages.GetNamespacesResponse.new AbstractParser() {...},10,0,0,0,2,0,2,0,2,0
dataclay,es.bsc.dataclay.communication.grpc.messages.logicmodule,LogicmoduleMessages.NewClassIDRequest,836,0,109,0,220,0,109,0,52,0
dataclay,es.bsc.dataclay.communication.grpc.messages.logicmodule,LogicmoduleMessages.GetAccountDataSetsRequest.new AbstractParser() {...},10,0,0,0,2,0,2,0,2,0
dataclay,es.bsc.dataclay.communication.grpc.messages.logicmodule,LogicmoduleMessages.GetStorageLocationForDSRequest.new AbstractParser() {...},10,0,0,0,0,0,2,0,2,0
dataclay,es.bsc.dataclay.communication.grpc.messages.logicmodule,LogicmoduleMessages.GetMetadataByOIDForDSRequest.new AbstractParser() {...},10,0,0,0,0,0,2,0,2,0
dataclay,es.bsc.dataclay.communication.grpc.messages.logicmodule,LogicmoduleMessages.AdviseEventRequest.Builder,246,0,20,0,0,0,37,0,27,0
dataclay,es.bsc.dataclay.communication.grpc.messages.logicmodule,LogicmoduleMessages.IsPrefetchingEnabledResponse.Builder,372,0,44,0,0,0,56,0,34,0
dataclay,es.bsc.dataclay.communication.grpc.messages.logicmodule,LogicmoduleMessages.RegisterToPublicContractRequest.new AbstractParser() {...},10,0,0,0,2,0,2,0,2,0
dataclay,es.bsc.dataclay.communication.grpc.messages.logicmodule,LogicmoduleMessages.GetInfoOfSessionForDSResponse.Builder,1037,0,134,0,285,0,130,0,63,0
dataclay,es.bsc.dataclay.communication.grpc.messages.logicmodule,LogicmoduleMessages.NewAccountResponse.Builder,530,0,74,0,151,0,77,0,40,0
dataclay,es.bsc.dataclay.communication.grpc.messages.logicmodule,LogicmoduleMessages.GetClassInfoRequest,678,0,98,0,181,0,96,0,45,0
dataclay,es.bsc.dataclay.communication.grpc.messages.logicmodule,LogicmoduleMessages.GetObjectInfoResponse.Builder,535,0,62,0,0,0,72,0,41,0
dataclay,es.bsc.dataclay.communication.grpc.messages.logicmodule,LogicmoduleMessages.GetPublicDataSetsRequest,489,0,66,0,133,0,74,0,40,0
dataclay,es.bsc.dataclay.communication.grpc.messages.logicmodule,LogicmoduleMessages.GetOperationIDRequest,768,0,109,0,207,0,104,0,47,0
dataclay,es.bsc.dataclay.communication.grpc.messages.logicmodule,LogicmoduleMessages.PerformSetAccountsRequest.Builder,628,0,84,0,185,0,87,0,45,0
dataclay,es.bsc.dataclay.communication.grpc.messages.logicmodule,LogicmoduleMessages.SetObjectReadOnlyRequest.Builder,530,0,74,0,0,0,77,0,40,0
dataclay,es.bsc.dataclay.communication.grpc.messages.logicmodule,LogicmoduleMessages.NotifyRegistrationOfExternalDataClayResponse.new AbstractParser() {...},10,0,0,0,0,0,2,0,2,0
dataclay,es.bsc.dataclay.communication.grpc.messages.logicmodule,LogicmoduleMessages.NewDataContractRequest.new AbstractParser() {...},10,0,0,0,0,0,2,0,2,0
dataclay,es.bsc.dataclay.communication.grpc.messages.logicmodule,LogicmoduleMessages.CheckObjectFederatedWithDataClayInstanceRequest,489,0,66,0,0,0,74,0,40,0
dataclay,es.bsc.dataclay.communication.grpc.messages.logicmodule,LogicmoduleMessages.ExistsActiveEnvironmentsForSLResponse.new AbstractParser() {...},10,0,0,0,0,0,2,0,2,0
dataclay,es.bsc.dataclay.communication.grpc.messages.logicmodule,LogicmoduleMessages.ExecuteMethodOnTargetResponse.Builder,530,0,74,0,0,0,77,0,40,0
dataclay,es.bsc.dataclay.communication.grpc.messages.logicmodule,LogicmoduleMessages.GetClassIDRequest.new AbstractParser() {...},10,0,0,0,2,0,2,0,2,0
dataclay,es.bsc.dataclay.communication.grpc.messages.logicmodule,LogicmoduleMessages.RegisterExternalDataClayOverrideAuthorityRequest.new AbstractParser() {...},10,0,0,0,0,0,2,0,2,0
dataclay,es.bsc.dataclay.communication.grpc.messages.logicmodule,LogicmoduleMessages.GetStorageLocationIDResponse.new AbstractParser() {...},10,0,0,0,0,0,2,0,2,0
dataclay,es.bsc.dataclay.communication.grpc.messages.logicmodule,LogicmoduleMessages.GetClassIDResponse,489,0,66,0,133,0,74,0,40,0
dataclay,es.bsc.dataclay.communication.grpc.messages.logicmodule,LogicmoduleMessages.GetAccountIDRequest.Builder,246,0,20,0,81,0,37,0,27,0
dataclay,es.bsc.dataclay.communication.grpc.messages.logicmodule,LogicmoduleMessages.RegisterObjectRequest.new AbstractParser() {...},10,0,0,0,0,0,2,0,2,0
dataclay,es.bsc.dataclay.communication.grpc.messages.logicmodule,LogicmoduleMessages.RegisterExternalDataClayOverrideAuthorityRequest.Builder,759,0,96,0,0,0,101,0,53,0
dataclay,es.bsc.dataclay.communication.grpc.messages.logicmodule,LogicmoduleMessages.UnfederateObjectWithAllDCsRequest,536,0,73,0,0,0,79,0,41,0
dataclay,es.bsc.dataclay.communication.grpc.messages.logicmodule,LogicmoduleMessages.NewReplicaResponse.new AbstractParser() {...},10,0,0,0,0,0,2,0,2,0
dataclay,es.bsc.dataclay.communication.grpc.messages.logicmodule,LogicmoduleMessages.GetImportedClassesInfoInNamespaceResponse.Builder,542,0,68,0,151,0,80,0,46,0
dataclay,es.bsc.dataclay.communication.grpc.messages.logicmodule,LogicmoduleMessages.NewSessionRequest.Builder,1725,0,228,0,467,0,208,0,94,0
dataclay,es.bsc.dataclay.communication.grpc.messages.logicmodule,LogicmoduleMessages.GetContractIDsOfProviderResponse.ContractsDefaultEntryHolder,8,0,0,0,0,0,1,0,1,0
dataclay,es.bsc.dataclay.communication.grpc.messages.logicmodule,LogicmoduleMessages.GetContractIDsOfProviderResponse.Builder,542,0,68,0,0,0,80,0,46,0
dataclay,es.bsc.dataclay.communication.grpc.messages.logicmodule,LogicmoduleMessages.NewClassRequest.new AbstractParser() {...},10,0,0,0,2,0,2,0,2,0
dataclay,es.bsc.dataclay.communication.grpc.messages.logicmodule,LogicmoduleMessages.NewDataContractRequest,579,0,77,0,0,0,82,0,42,0
dataclay,es.bsc.dataclay.communication.grpc.messages.logicmodule,LogicmoduleMessages.GetObjectDataSetIDRequest.new AbstractParser() {...},10,0,0,0,2,0,2,0,2,0
dataclay,es.bsc.dataclay.communication.grpc.messages.logicmodule,LogicmoduleMessages.UnfederateAllObjectsWithAllDCsRequest.new AbstractParser() {...},10,0,0,0,0,0,2,0,2,0
dataclay,es.bsc.dataclay.communication.grpc.messages.logicmodule,LogicmoduleMessages.UnregisterObjectsRequest,411,0,37,0,0,0,58,0,39,0
dataclay,es.bsc.dataclay.communication.grpc.messages.logicmodule,LogicmoduleMessages.NewAccountRequest,579,0,77,0,159,0,82,0,42,0
dataclay,es.bsc.dataclay.communication.grpc.messages.logicmodule,LogicmoduleMessages.GetClassNameForDSRequest,390,0,45,0,0,0,60,0,37,0
dataclay,es.bsc.dataclay.communication.grpc.messages.logicmodule,LogicmoduleMessages.PerformSetOperationsRequest.new AbstractParser() {...},10,0,0,0,2,0,2,0,2,0
dataclay,es.bsc.dataclay.communication.grpc.messages.logicmodule,LogicmoduleMessages.GetAccountDataSetsRequest.Builder,530,0,74,0,151,0,77,0,40,0
dataclay,es.bsc.dataclay.communication.grpc.messages.logicmodule,LogicmoduleMessages.NotifyFederatedObjectsRequest,894,0,108,0,0,0,112,0,55,0
dataclay,es.bsc.dataclay.communication.grpc.messages.logicmodule,LogicmoduleMessages.FederateObjectRequest.Builder,754,0,108,0,0,0,106,0,52,0
dataclay,es.bsc.dataclay.communication.grpc.messages.logicmodule,LogicmoduleMessages.RegisterECARequest,579,0,77,0,0,0,82,0,42,0
dataclay,es.bsc.dataclay.communication.grpc.messages.logicmodule,LogicmoduleMessages.NewAccountRequest.new AbstractParser() {...},10,0,0,0,2,0,2,0,2,0
dataclay,es.bsc.dataclay.communication.grpc.messages.logicmodule,LogicmoduleMessages.ImportInterfaceRequest,786,0,129,0,199,0,116,0,49,0
dataclay,es.bsc.dataclay.communication.grpc.messages.logicmodule,LogicmoduleMessages.GetNamespaceIDRequest.Builder,628,0,84,0,185,0,87,0,45,0
dataclay,es.bsc.dataclay.communication.grpc.messages.logicmodule,LogicmoduleMessages.GetMetadataByOIDForDSResponse,480,0,56,0,0,0,68,0,39,0
dataclay,es.bsc.dataclay.communication.grpc.messages.logicmodule,LogicmoduleMessages.GetExecutionEnvironmentForDSResponse.Builder,437,0,52,0,0,0,62,0,36,0
dataclay,es.bsc.dataclay.communication.grpc.messages.logicmodule,LogicmoduleMessages.GetObjectsMetaDataInfoOfClassForNMResponse.Builder,542,0,68,0,0,0,80,0,46,0
dataclay,es.bsc.dataclay.communication.grpc.messages.logicmodule,LogicmoduleMessages.ExistsActiveEnvironmentsForSLResponse,437,0,52,0,0,0,65,0,38,0
dataclay,es.bsc.dataclay.communication.grpc.messages.logicmodule,LogicmoduleMessages.NewDataSetResponse.Builder,530,0,74,0,151,0,77,0,40,0
dataclay,es.bsc.dataclay.communication.grpc.messages.logicmodule,LogicmoduleMessages.NewInterfaceRequest.new AbstractParser() {...},10,0,0,0,0,0,2,0,2,0
dataclay,es.bsc.dataclay.communication.grpc.messages.logicmodule,LogicmoduleMessages.GetAccountDataSetsRequest,489,0,66,0,133,0,74,0,40,0
dataclay,es.bsc.dataclay.communication.grpc.messages.logicmodule,LogicmoduleMessages.GetExecutionEnvironmentsNamesResponse.new AbstractParser() {...},10,0,0,0,0,0,2,0,2,0
dataclay,es.bsc.dataclay.communication.grpc.messages.logicmodule,LogicmoduleMessages.NotifyRegistrationOfExternalDataClayRequest.Builder,470,0,54,0,0,0,66,0,39,0
dataclay,es.bsc.dataclay.communication.grpc.messages.logicmodule,LogicmoduleMessages.GetImportedClassesInfoInNamespaceResponse.new AbstractParser() {...},10,0,0,0,2,0,2,0,2,0
dataclay,es.bsc.dataclay.communication.grpc.messages.logicmodule,LogicmoduleMessages.RegisterToPublicContractOfNamespaceRequest,588,0,87,0,155,0,88,0,43,0
dataclay,es.bsc.dataclay.communication.grpc.messages.logicmodule,LogicmoduleMessages.GetDataContractIDsOfProviderResponse.DatacontractsDefaultEntryHolder,8,0,0,0,0,0,1,0,1,0
dataclay,es.bsc.dataclay.communication.grpc.messages.logicmodule,LogicmoduleMessages.GetStubsResponse,582,0,68,0,0,0,80,0,45,0
dataclay,es.bsc.dataclay.communication.grpc.messages.logicmodule,LogicmoduleMessages.CheckDataSetIsPublicResponse.Builder,372,0,44,0,110,0,56,0,34,0
dataclay,es.bsc.dataclay.communication.grpc.messages.logicmodule,LogicmoduleMessages.RegisterExternalDataClayResponse.new AbstractParser() {...},10,0,0,0,0,0,2,0,2,0
dataclay,es.bsc.dataclay.communication.grpc.messages.logicmodule,LogicmoduleMessages.GetExecutionEnvironmentsNamesResponse,516,0,58,0,0,0,71,0,41,0
dataclay,es.bsc.dataclay.communication.grpc.messages.logicmodule,LogicmoduleMessages.CloseSessionRequest.Builder,339,0,42,0,0,0,52,0,31,0
dataclay,es.bsc.dataclay.communication.grpc.messages.logicmodule,LogicmoduleMessages.GetClassInfoResponse,480,0,56,0,137,0,68,0,39,0
dataclay,es.bsc.dataclay.communication.grpc.messages.logicmodule,LogicmoduleMessages.GetNamespaceIDRequest.new AbstractParser() {...},10,0,0,0,2,0,2,0,2,0
dataclay,es.bsc.dataclay.communication.grpc.messages.logicmodule,LogicmoduleMessages.GetAccountListRequest,489,0,66,0,133,0,74,0,40,0
dataclay,es.bsc.dataclay.communication.grpc.messages.logicmodule,LogicmoduleMessages.ExecuteImplementationResponse.Builder,530,0,74,0,0,0,77,0,40,0
dataclay,es.bsc.dataclay.communication.grpc.messages.logicmodule,LogicmoduleMessages.GetObjectDataSetIDResponse,489,0,66,0,133,0,74,0,40,0
dataclay,es.bsc.dataclay.communication.grpc.messages.logicmodule,LogicmoduleMessages.GetDataContractIDsOfApplicantRequest.new AbstractParser() {...},10,0,0,0,0,0,2,0,2,0
dataclay,es.bsc.dataclay.communication.grpc.messages.logicmodule,LogicmoduleMessages.SetDataSetIDRequest.Builder,721,0,106,0,0,0,102,0,49,0
dataclay,es.bsc.dataclay.communication.grpc.messages.logicmodule,LogicmoduleMessages.GetExecutionEnvironmentForDSRequest,390,0,45,0,0,0,60,0,37,0
dataclay,es.bsc.dataclay.communication.grpc.messages.logicmodule,LogicmoduleMessages.RegisterObjectResponse,489,0,66,0,0,0,74,0,40,0
dataclay,es.bsc.dataclay.communication.grpc.messages.logicmodule,LogicmoduleMessages.ImportInterfaceRequest.new AbstractParser() {...},10,0,0,0,2,0,2,0,2,0
dataclay,es.bsc.dataclay.communication.grpc.messages.logicmodule,LogicmoduleMessages.CheckObjectFederatedResponse.new AbstractParser() {...},10,0,0,0,0,0,2,0,2,0
dataclay,es.bsc.dataclay.communication.grpc.messages.logicmodule,LogicmoduleMessages.GetInfoOfSessionForDSRequest.Builder,339,0,42,0,99,0,52,0,31,0
dataclay,es.bsc.dataclay.communication.grpc.messages.logicmodule,LogicmoduleMessages.GetNamespacesRequest.new AbstractParser() {...},10,0,0,0,2,0,2,0,2,0
dataclay,es.bsc.dataclay.communication.grpc.messages.logicmodule,LogicmoduleMessages.GetContractsOfApplicantWithProvResponse.Builder,542,0,68,0,0,0,80,0,46,0
dataclay,es.bsc.dataclay.communication.grpc.messages.logicmodule,LogicmoduleMessages.GetInfoOfSessionForDSResponse,661,0,86,0,171,0,91,0,46,0
dataclay,es.bsc.dataclay.communication.grpc.messages.logicmodule,LogicmoduleMessages.CheckObjectFederatedWithDataClayInstanceResponse,437,0,52,0,0,0,65,0,38,0
dataclay,es.bsc.dataclay.communication.grpc.messages.logicmodule,LogicmoduleMessages.ObjectExistsInDataClayRequest.new AbstractParser() {...},10,0,0,0,0,0,2,0,2,0
dataclay,es.bsc.dataclay.communication.grpc.messages.logicmodule,LogicmoduleMessages.GetExecutionEnvironmentsInfoResponse.ExecEnvsDefaultEntryHolder,8,0,0,0,0,0,1,0,1,0
dataclay,es.bsc.dataclay.communication.grpc.messages.logicmodule,LogicmoduleMessages.NewInterfaceResponse.Builder,530,0,74,0,0,0,77,0,40,0
dataclay,es.bsc.dataclay.communication.grpc.messages.logicmodule,LogicmoduleMessages.GetDataContractIDsOfApplicantRequest.Builder,530,0,74,0,0,0,77,0,40,0
dataclay,es.bsc.dataclay.communication.grpc.messages.logicmodule,LogicmoduleMessages.GetInterfaceInfoResponse.Builder,437,0,52,0,0,0,62,0,36,0
dataclay,es.bsc.dataclay.communication.grpc.messages.logicmodule,LogicmoduleMessages.CloseSessionRequest.new AbstractParser() {...},10,0,0,0,0,0,2,0,2,0
dataclay,es.bsc.dataclay.communication.grpc.messages.logicmodule,LogicmoduleMessages.GetStorageLocationIDRequest.Builder,246,0,20,0,0,0,37,0,27,0
dataclay,es.bsc.dataclay.communication.grpc.messages.logicmodule,LogicmoduleMessages.NewVersionResponse.new AbstractParser() {...},10,0,0,0,0,0,2,0,2,0
dataclay,es.bsc.dataclay.communication.grpc.messages.logicmodule,LogicmoduleMessages.NewAccountResponse.new AbstractParser() {...},10,0,0,0,2,0,2,0,2,0
dataclay,es.bsc.dataclay.communication.grpc.messages.logicmodule,LogicmoduleMessages.AutoRegisterEERequest.new AbstractParser() {...},10,0,0,0,2,0,2,0,2,0
dataclay,es.bsc.dataclay.communication.grpc.messages.logicmodule,LogicmoduleMessages.GetContractIDOfDataClayProviderRequest,489,0,66,0,0,0,74,0,40,0
dataclay,es.bsc.dataclay.communication.grpc.messages.logicmodule,LogicmoduleMessages.AutoRegisterEEResponse.new AbstractParser() {...},10,0,0,0,2,0,2,0,2,0
dataclay,es.bsc.dataclay.communication.grpc.messages.logicmodule,LogicmoduleMessages.GetOperationIDResponse.Builder,530,0,74,0,151,0,77,0,40,0
dataclay,es.bsc.dataclay.communication.grpc.messages.logicmodule,LogicmoduleMessages.GetPropertyIDRequest.new AbstractParser() {...},10,0,0,0,2,0,2,0,2,0
dataclay,es.bsc.dataclay.communication.grpc.messages.logicmodule,LogicmoduleMessages.GetMetadataByOIDForDSResponse.Builder,437,0,52,0,0,0,62,0,36,0
dataclay,es.bsc.dataclay.communication.grpc.messages.logicmodule,LogicmoduleMessages.SetObjectReadWriteRequest.new AbstractParser() {...},10,0,0,0,0,0,2,0,2,0
dataclay,es.bsc.dataclay.communication.grpc.messages.logicmodule,LogicmoduleMessages.GetClassNameForDSResponse.new AbstractParser() {...},10,0,0,0,0,0,2,0,2,0
dataclay,es.bsc.dataclay.communication.grpc.messages.logicmodule,LogicmoduleMessages.NotifyRegistrationOfExternalDataClayRequest,526,0,63,0,0,0,73,0,40,0
dataclay,es.bsc.dataclay.communication.grpc.messages.logicmodule,LogicmoduleMessages.ActivateTracingRequest.Builder,181,0,12,0,0,0,31,0,25,0
dataclay,es.bsc.dataclay.communication.grpc.messages.logicmodule,LogicmoduleMessages.GetClassIDFromImportRequest,678,0,98,0,181,0,96,0,45,0
dataclay,es.bsc.dataclay.communication.grpc.messages.logicmodule,LogicmoduleMessages.GetDataContractIDsOfProviderResponse.Builder,542,0,68,0,0,0,80,0,46,0
dataclay,es.bsc.dataclay.communication.grpc.messages.logicmodule,LogicmoduleMessages.RemoveClassRequest.new AbstractParser() {...},10,0,0,0,2,0,2,0,2,0
dataclay,es.bsc.dataclay.communication.grpc.messages.logicmodule,LogicmoduleMessages.NewDataSetRequest,579,0,77,0,159,0,82,0,42,0
dataclay,es.bsc.dataclay.communication.grpc.messages.logicmodule,LogicmoduleMessages.GetPublicDataSetsResponse,516,0,58,0,137,0,71,0,41,0
dataclay,es.bsc.dataclay.communication.grpc.messages.logicmodule,LogicmoduleMessages.UnfederateAllObjectsRequest.Builder,530,0,74,0,0,0,77,0,40,0
dataclay,es.bsc.dataclay.communication.grpc.messages.logicmodule,LogicmoduleMessages.GetInfoOfSessionForDSRequest.new AbstractParser() {...},10,0,0,0,2,0,2,0,2,0
dataclay,es.bsc.dataclay.communication.grpc.messages.logicmodule,LogicmoduleMessages.GetClassNameForDSResponse.Builder,437,0,52,0,0,0,62,0,36,0
dataclay,es.bsc.dataclay.communication.grpc.messages.logicmodule,LogicmoduleMessages.GetInfoOfSessionForDSResponse.new AbstractParser() {...},10,0,0,0,2,0,2,0,2,0
dataclay,es.bsc.dataclay.communication.grpc.messages.logicmodule,LogicmoduleMessages.MoveObjectResponse,510,0,58,0,0,0,72,0,42,0
dataclay,es.bsc.dataclay.communication.grpc.messages.logicmodule,LogicmoduleMessages.NewContractRequest.Builder,628,0,84,0,185,0,87,0,45,0
dataclay,es.bsc.dataclay.communication.grpc.messages.logicmodule,LogicmoduleMessages.GetObjectInfoResponse.new AbstractParser() {...},10,0,0,0,0,0,2,0,2,0
dataclay,es.bsc.dataclay.communication.grpc.messages.logicmodule,LogicmoduleMessages.GetExecutionEnvironmentsInfoRequest,502,0,61,0,0,0,72,0,40,0
dataclay,es.bsc.dataclay.communication.grpc.messages.logicmodule,LogicmoduleMessages.SetDataSetIDFromGarbageCollectorRequest,489,0,66,0,0,0,74,0,40,0
dataclay,es.bsc.dataclay.communication.grpc.messages.logicmodule,LogicmoduleMessages.ExistsActiveEnvironmentsForSLResponse.Builder,372,0,44,0,0,0,56,0,34,0
dataclay,es.bsc.dataclay.communication.grpc.messages.logicmodule,LogicmoduleMessages.MoveObjectResponse.Builder,811,0,100,0,0,0,101,0,51,0
dataclay,es.bsc.dataclay.communication.grpc.messages.logicmodule,LogicmoduleMessages.GetContractIDsOfApplicantRequest.new AbstractParser() {...},10,0,0,0,0,0,2,0,2,0
dataclay,es.bsc.dataclay.communication.grpc.messages.logicmodule,LogicmoduleMessages.GetExternalDataclayIDResponse.Builder,530,0,74,0,0,0,77,0,40,0
dataclay,es.bsc.dataclay.communication.grpc.messages.logicmodule,LogicmoduleMessages.MigrateFederatedObjectsRequest.Builder,721,0,106,0,0,0,102,0,49,0
dataclay,es.bsc.dataclay.communication.grpc.messages.logicmodule,LogicmoduleMessages.RemoveInterfaceRequest,687,0,108,0,0,0,102,0,46,0
dataclay,es.bsc.dataclay.communication.grpc.messages.logicmodule,LogicmoduleMessages.GetExternalDataclayIDResponse.new AbstractParser() {...},10,0,0,0,0,0,2,0,2,0
dataclay,es.bsc.dataclay.communication.grpc.messages.logicmodule,LogicmoduleMessages.GetObjectInfoResponse,570,0,67,0,0,0,76,0,41,0
dataclay,es.bsc.dataclay.communication.grpc.messages.logicmodule,LogicmoduleMessages.GetDataContractInfoOfApplicantWithProvResponse,480,0,56,0,0,0,68,0,39,0
dataclay,es.bsc.dataclay.communication.grpc.messages.logicmodule,LogicmoduleMessages.GetInfoOfClassesInNamespaceRequest,588,0,87,0,155,0,88,0,43,0
dataclay,es.bsc.dataclay.communication.grpc.messages.logicmodule,LogicmoduleMessages.GetAccountDataSetsResponse,516,0,58,0,137,0,71,0,41,0
dataclay,es.bsc.dataclay.communication.grpc.messages.logicmodule,LogicmoduleMessages.GetClassIDFromImportResponse.new AbstractParser() {...},10,0,0,0,2,0,2,0,2,0
dataclay,es.bsc.dataclay.communication.grpc.messages.logicmodule,LogicmoduleMessages.AutoRegisterSLRequest,616,0,74,0,175,0,81,0,42,0
dataclay,es.bsc.dataclay.communication.grpc.messages.logicmodule,LogicmoduleMessages.SetObjectReadWriteRequest.Builder,530,0,74,0,0,0,77,0,40,0
dataclay,es.bsc.dataclay.communication.grpc.messages.logicmodule,LogicmoduleMessages.PerformSetAccountsResponse.Builder,437,0,52,0,133,0,62,0,36,0
dataclay,es.bsc.dataclay.communication.grpc.messages.logicmodule,LogicmoduleMessages.GetOperationIDRequest.Builder,917,0,126,0,271,0,122,0,59,0
dataclay,es.bsc.dataclay.communication.grpc.messages.logicmodule,LogicmoduleMessages.CheckDataSetIsPublicRequest,390,0,45,0,111,0,60,0,37,0
dataclay,es.bsc.dataclay.communication.grpc.messages.logicmodule,LogicmoduleMessages.GetDataContractIDsOfApplicantRequest,489,0,66,0,0,0,74,0,40,0
dataclay,es.bsc.dataclay.communication.grpc.messages.logicmodule,LogicmoduleMessages.GetDataClayIDResponse,489,0,66,0,0,0,74,0,40,0
dataclay,es.bsc.dataclay.communication.grpc.messages.logicmodule,LogicmoduleMessages.AddAliasRequest.new AbstractParser() {...},10,0,0,0,0,0,2,0,2,0
dataclay,es.bsc.dataclay.communication.grpc.messages.logicmodule,LogicmoduleMessages.ExecuteMethodOnTargetResponse,489,0,66,0,0,0,74,0,40,0
dataclay,es.bsc.dataclay.communication.grpc.messages.logicmodule,LogicmoduleMessages.GetDataClayIDResponse.new AbstractParser() {...},10,0,0,0,0,0,2,0,2,0
dataclay,es.bsc.dataclay.communication.grpc.messages.logicmodule,LogicmoduleMessages.GetDataClayIDResponse.Builder,530,0,74,0,0,0,77,0,40,0
dataclay,es.bsc.dataclay.communication.grpc.messages.logicmodule,LogicmoduleMessages.RemoveInterfaceRequest.new AbstractParser() {...},10,0,0,0,0,0,2,0,2,0
dataclay,es.bsc.dataclay.communication.grpc.messages.logicmodule,LogicmoduleMessages.GetInfoOfClassesInNamespaceRequest.new AbstractParser() {...},10,0,0,0,2,0,2,0,2,0
dataclay,es.bsc.dataclay.communication.grpc.messages.logicmodule,LogicmoduleMessages.GetStorageLocationIDRequest,381,0,35,0,0,0,54,0,36,0
dataclay,es.bsc.dataclay.communication.grpc.messages.logicmodule,LogicmoduleMessages.GetAccountListRequest.Builder,530,0,74,0,151,0,77,0,40,0
dataclay,es.bsc.dataclay.communication.grpc.messages.logicmodule,LogicmoduleMessages.AutoRegisterSLRequest.Builder,568,0,64,0,178,0,76,0,44,0
dataclay,es.bsc.dataclay.communication.grpc.messages.logicmodule,LogicmoduleMessages.RemoveNamespaceRequest.Builder,628,0,84,0,185,0,87,0,45,0
dataclay,es.bsc.dataclay.communication.grpc.messages.logicmodule,LogicmoduleMessages.UnregisterStorageLocationRequest.new AbstractParser() {...},10,0,0,0,2,0,2,0,2,0
dataclay,es.bsc.dataclay.communication.grpc.messages.logicmodule,LogicmoduleMessages.NewDataSetResponse.new AbstractParser() {...},10,0,0,0,2,0,2,0,2,0
dataclay,es.bsc.dataclay.communication.grpc.messages.logicmodule,LogicmoduleMessages.GetDataSetIDResponse.new AbstractParser() {...},10,0,0,0,2,0,2,0,2,0
dataclay,es.bsc.dataclay.communication.grpc.messages.logicmodule,LogicmoduleMessages.ObjectExistsInDataClayResponse.Builder,372,0,44,0,0,0,56,0,34,0
dataclay,es.bsc.dataclay.communication.grpc.messages.logicmodule,LogicmoduleMessages.ConsolidateVersionRequest,480,0,56,0,0,0,68,0,39,0
dataclay,es.bsc.dataclay.communication.grpc.messages.logicmodule,LogicmoduleMessages.NewNamespaceRequest.new AbstractParser() {...},10,0,0,0,2,0,2,0,2,0
dataclay,es.bsc.dataclay.communication.grpc.messages.logicmodule,LogicmoduleMessages.GetDataSetIDResponse.Builder,530,0,74,0,151,0,77,0,40,0
dataclay,es.bsc.dataclay.communication.grpc.messages.logicmodule,LogicmoduleMessages.NotifyUnfederatedObjectsRequest,510,0,58,0,0,0,72,0,42,0
dataclay,es.bsc.dataclay.communication.grpc.messages.logicmodule,LogicmoduleMessages.RegisterExternalDataClayOverrideAuthorityRequest,715,0,95,0,0,0,95,0,45,0
dataclay,es.bsc.dataclay.communication.grpc.messages.logicmodule,LogicmoduleMessages.RegisterECARequest.new AbstractParser() {...},10,0,0,0,0,0,2,0,2,0
dataclay,es.bsc.dataclay.communication.grpc.messages.logicmodule,LogicmoduleMessages.GetClassIDFromImportResponse,489,0,66,0,133,0,74,0,40,0
dataclay,es.bsc.dataclay.communication.grpc.messages.logicmodule,LogicmoduleMessages.PublishAddressRequest.new AbstractParser() {...},10,0,0,0,2,0,2,0,2,0
dataclay,es.bsc.dataclay.communication.grpc.messages.logicmodule,LogicmoduleMessages.GetInterfaceInfoRequest,588,0,87,0,0,0,88,0,43,0
dataclay,es.bsc.dataclay.communication.grpc.messages.logicmodule,LogicmoduleMessages.NewInterfaceResponse,489,0,66,0,0,0,74,0,40,0
dataclay,es.bsc.dataclay.communication.grpc.messages.logicmodule,LogicmoduleMessages.GetClassesInNamespaceResponse.Builder,619,0,66,0,0,0,79,0,46,0
dataclay,es.bsc.dataclay.communication.grpc.messages.logicmodule,LogicmoduleMessages.GetBabelStubsRequest.new AbstractParser() {...},10,0,0,0,0,0,2,0,2,0
dataclay,es.bsc.dataclay.communication.grpc.messages.logicmodule,LogicmoduleMessages.CheckDataSetIsPublicResponse.new AbstractParser() {...},10,0,0,0,2,0,2,0,2,0
dataclay,es.bsc.dataclay.communication.grpc.messages.logicmodule,LogicmoduleMessages.CheckObjectFederatedWithDataClayInstanceRequest.Builder,530,0,74,0,0,0,77,0,40,0
dataclay,es.bsc.dataclay.communication.grpc.messages.logicmodule,LogicmoduleMessages.GetMetadataByOIDRequest.new AbstractParser() {...},10,0,0,0,0,0,2,0,2,0
dataclay,es.bsc.dataclay.communication.grpc.messages.logicmodule,LogicmoduleMessages.GetDataSetIDResponse,489,0,66,0,133,0,74,0,40,0
dataclay,es.bsc.dataclay.communication.grpc.messages.logicmodule,LogicmoduleMessages.NewNamespaceResponse.new AbstractParser() {...},10,0,0,0,2,0,2,0,2,0
dataclay,es.bsc.dataclay.communication.grpc.messages.logicmodule,LogicmoduleMessages.UnregisterExecutionEnvironmentRequest,390,0,45,0,111,0,60,0,37,0
dataclay,es.bsc.dataclay.communication.grpc.messages.logicmodule,LogicmoduleMessages.NewReplicaRequest.new AbstractParser() {...},10,0,0,0,0,0,2,0,2,0
dataclay,es.bsc.dataclay.communication.grpc.messages.logicmodule,LogicmoduleMessages.GetAccountListRequest.new AbstractParser() {...},10,0,0,0,2,0,2,0,2,0
dataclay,es.bsc.dataclay.communication.grpc.messages.logicmodule,LogicmoduleMessages.GetExecutionEnvironmentsNamesRequest,554,0,75,0,0,0,81,0,42,0
dataclay,es.bsc.dataclay.communication.grpc.messages.logicmodule,LogicmoduleMessages.GetExecutionEnvironmentsNamesRequest.Builder,593,0,80,0,0,0,85,0,45,0
dataclay,es.bsc.dataclay.communication.grpc.messages.logicmodule,LogicmoduleMessages.GetInfoOfClassesInNamespaceResponse.new AbstractParser() {...},10,0,0,0,2,0,2,0,2,0
dataclay,es.bsc.dataclay.communication.grpc.messages.logicmodule,LogicmoduleMessages.GetContractIDOfDataClayProviderRequest.Builder,530,0,74,0,0,0,77,0,40,0
dataclay,es.bsc.dataclay.communication.grpc.messages.logicmodule,LogicmoduleMessages.GetBabelStubsResponse.Builder,386,0,46,0,0,0,57,0,34,0
dataclay,es.bsc.dataclay.communication.grpc.messages.logicmodule,LogicmoduleMessages.GetContractsOfApplicantWithProvResponse.new AbstractParser() {...},10,0,0,0,0,0,2,0,2,0
dataclay,es.bsc.dataclay.communication.grpc.messages.logicmodule,LogicmoduleMessages.SynchronizeFederatedObjectRequest.Builder,945,0,140,0,0,0,131,0,61,0
dataclay,es.bsc.dataclay.communication.grpc.messages.logicmodule,LogicmoduleMessages.GetDataContractIDsOfApplicantResponse.Builder,542,0,68,0,0,0,80,0,46,0
dataclay,es.bsc.dataclay.communication.grpc.messages.logicmodule,LogicmoduleMessages.NewClassRequest,746,0,98,0,194,0,101,0,50,0
dataclay,es.bsc.dataclay.communication.grpc.messages.logicmodule,LogicmoduleMessages.GetExternalSourceDataClayOfObjectRequest.Builder,339,0,42,0,0,0,52,0,31,0
dataclay,es.bsc.dataclay.communication.grpc.messages.logicmodule,LogicmoduleMessages.GetClassInfoResponse.Builder,437,0,52,0,133,0,62,0,36,0
dataclay,es.bsc.dataclay.communication.grpc.messages.logicmodule,LogicmoduleMessages.NewClassIDResponse,489,0,66,0,133,0,74,0,40,0
dataclay,es.bsc.dataclay.communication.grpc.messages.logicmodule,LogicmoduleMessages.RemoveClassRequest,678,0,98,0,181,0,96,0,45,0
dataclay,es.bsc.dataclay.communication.grpc.messages.logicmodule,LogicmoduleMessages.GetImportedClassesInfoInNamespaceRequest,588,0,87,0,155,0,88,0,43,0
dataclay,es.bsc.dataclay.communication.grpc.messages.logicmodule,LogicmoduleMessages.ImportContractRequest.new AbstractParser() {...},10,0,0,0,2,0,2,0,2,0
dataclay,es.bsc.dataclay.communication.grpc.messages.logicmodule,LogicmoduleMessages.GetImportedClassesInfoInNamespaceResponse.ImportedClassesDefaultEntryHolder,8,0,0,0,3,0,1,0,1,0
dataclay,es.bsc.dataclay.communication.grpc.messages.logicmodule,LogicmoduleMessages.CheckObjectFederatedResponse.Builder,372,0,44,0,0,0,56,0,34,0
dataclay,es.bsc.dataclay.communication.grpc.messages.logicmodule,LogicmoduleMessages.GetClassesInNamespaceResponse,606,0,69,0,0,0,79,0,43,0
dataclay,es.bsc.dataclay.communication.grpc.messages.logicmodule,LogicmoduleMessages.GetDataContractInfoOfApplicantWithProvRequest,588,0,87,0,0,0,88,0,43,0
dataclay,es.bsc.dataclay.communication.grpc.messages.logicmodule,LogicmoduleMessages.NewContractResponse,489,0,66,0,133,0,74,0,40,0
dataclay,es.bsc.dataclay.communication.grpc.messages.logicmodule,LogicmoduleMessages.GetStubsResponse.new AbstractParser() {...},10,0,0,0,0,0,2,0,2,0
dataclay,es.bsc.dataclay.communication.grpc.messages.logicmodule,LogicmoduleMessages.UnfederateAllObjectsRequest,489,0,66,0,0,0,74,0,40,0
dataclay,es.bsc.dataclay.communication.grpc.messages.logicmodule,LogicmoduleMessages.GetContractIDsOfApplicantResponse.new AbstractParser() {...},10,0,0,0,0,0,2,0,2,0
dataclay,es.bsc.dataclay.communication.grpc.messages.logicmodule,LogicmoduleMessages.GetDataClaysObjectIsFederatedWithResponse,510,0,58,0,0,0,72,0,42,0
dataclay,es.bsc.dataclay.communication.grpc.messages.logicmodule,LogicmoduleMessages.NewVersionRequest,588,0,87,0,0,0,88,0,43,0
dataclay,es.bsc.dataclay.communication.grpc.messages.logicmodule,LogicmoduleMessages.GetObjectFromAliasResponse.Builder,912,0,138,0,0,0,127,0,58,0
dataclay,es.bsc.dataclay.communication.grpc.messages.logicmodule,LogicmoduleMessages.GetObjectInfoRequest.Builder,530,0,74,0,0,0,77,0,40,0
dataclay,es.bsc.dataclay.communication.grpc.messages.logicmodule,LogicmoduleMessages.RegisterToPublicContractOfNamespaceRequest.Builder,721,0,106,0,203,0,102,0,49,0
dataclay,es.bsc.dataclay.communication.grpc.messages.logicmodule,LogicmoduleMessages.GetExternalDataclayIDRequest,427,0,42,0,0,0,59,0,37,0
dataclay,es.bsc.dataclay.communication.grpc.messages.logicmodule,LogicmoduleMessages.UnregisterStorageLocationRequest,390,0,45,0,111,0,60,0,37,0
dataclay,es.bsc.dataclay.communication.grpc.messages.logicmodule,LogicmoduleMessages.GetObjectsMetaDataInfoOfClassForNMRequest.Builder,339,0,42,0,0,0,52,0,31,0
dataclay,es.bsc.dataclay.communication.grpc.messages.logicmodule,LogicmoduleMessages.GetExecutionEnvironmentsInfoRequest.new AbstractParser() {...},10,0,0,0,0,0,2,0,2,0
dataclay,es.bsc.dataclay.communication.grpc.messages.logicmodule,LogicmoduleMessages.GetObjectDataSetIDRequest,489,0,66,0,133,0,74,0,40,0
dataclay,es.bsc.dataclay.communication.grpc.messages.logicmodule,LogicmoduleMessages.ImportContractRequest,687,0,108,0,177,0,102,0,46,0
dataclay,es.bsc.dataclay.communication.grpc.messages.logicmodule,LogicmoduleMessages.GetObjectFromAliasRequest.new AbstractParser() {...},10,0,0,0,0,0,2,0,2,0
dataclay,es.bsc.dataclay.communication.grpc.messages.logicmodule,LogicmoduleMessages.NewDataContractRequest.Builder,628,0,84,0,0,0,87,0,45,0
dataclay,es.bsc.dataclay.communication.grpc.messages.logicmodule,LogicmoduleMessages.GetMetadataByOIDResponse,480,0,56,0,0,0,68,0,39,0
dataclay,es.bsc.dataclay.communication.grpc.messages.logicmodule,LogicmoduleMessages.RegisterToPublicDataContractRequest.Builder,721,0,106,0,0,0,102,0,49,0
dataclay,es.bsc.dataclay.communication.grpc.messages.logicmodule,LogicmoduleMessages.GetObjectsMetaDataInfoOfClassForNMResponse.new AbstractParser() {...},10,0,0,0,0,0,2,0,2,0
dataclay,es.bsc.dataclay.communication.grpc.messages.logicmodule,LogicmoduleMessages.GetAccountListResponse.Builder,521,0,56,0,149,0,69,0,41,0
dataclay,es.bsc.dataclay.communication.grpc.messages.logicmodule,LogicmoduleMessages.GetNamespacesResponse,516,0,58,0,137,0,71,0,41,0
dataclay,es.bsc.dataclay.communication.grpc.messages.logicmodule,LogicmoduleMessages.RemoveDataSetRequest.Builder,628,0,84,0,185,0,87,0,45,0
dataclay,es.bsc.dataclay.communication.grpc.messages.logicmodule,LogicmoduleMessages.NotifyExecutionEnvironmentShutdownRequest.Builder,339,0,42,0,0,0,52,0,31,0
dataclay,es.bsc.dataclay.communication.grpc.messages.logicmodule,LogicmoduleMessages.GetDataClaysObjectIsFederatedWithRequest,390,0,45,0,0,0,60,0,37,0
dataclay,es.bsc.dataclay.communication.grpc.messages.logicmodule,LogicmoduleMessages.GetNamespaceLangRequest,579,0,77,0,159,0,82,0,42,0
dataclay,es.bsc.dataclay.communication.grpc.messages.logicmodule,LogicmoduleMessages.GetClassIDFromImportResponse.Builder,530,0,74,0,151,0,77,0,40,0
dataclay,es.bsc.dataclay.communication.grpc.messages.logicmodule,LogicmoduleMessages.AddAliasRequest,480,0,56,0,0,0,68,0,39,0
dataclay,es.bsc.dataclay.communication.grpc.messages.logicmodule,LogicmoduleMessages.NewNamespaceRequest.Builder,628,0,84,0,185,0,87,0,45,0
dataclay,es.bsc.dataclay.communication.grpc.messages.logicmodule,LogicmoduleMessages.RegisterECARequest.Builder,628,0,84,0,0,0,87,0,45,0
dataclay,es.bsc.dataclay.communication.grpc.messages.logicmodule,LogicmoduleMessages.PerformSetAccountsRequest.new AbstractParser() {...},10,0,0,0,2,0,2,0,2,0
dataclay,es.bsc.dataclay.communication.grpc.messages.logicmodule,LogicmoduleMessages.GetNamespaceLangResponse.Builder,402,0,48,0,118,0,60,0,36,0
dataclay,es.bsc.dataclay.communication.grpc.messages.logicmodule,LogicmoduleMessages.PerformSetOperationsRequest.Builder,628,0,84,0,185,0,87,0,45,0
dataclay,es.bsc.dataclay.communication.grpc.messages.logicmodule,LogicmoduleMessages.FederateAllObjectsRequest.Builder,530,0,74,0,0,0,77,0,40,0
dataclay,es.bsc.dataclay.communication.grpc.messages.logicmodule,LogicmoduleMessages.GetDataSetIDRequest,579,0,77,0,159,0,82,0,42,0
dataclay,es.bsc.dataclay.communication.grpc.messages.logicmodule,LogicmoduleMessages.GetDataContractInfoOfApplicantWithProvResponse.Builder,437,0,52,0,0,0,62,0,36,0
dataclay,es.bsc.dataclay.communication.grpc.messages.logicmodule,LogicmoduleMessages.AutoRegisterEEResponse,489,0,66,0,133,0,74,0,40,0
dataclay,es.bsc.dataclay.communication.grpc.messages.logicmodule,LogicmoduleMessages.PublishAddressRequest,427,0,42,0,127,0,59,0,37,0
dataclay,es.bsc.dataclay.communication.grpc.messages.logicmodule,LogicmoduleMessages.SynchronizeFederatedObjectRequest,734,0,115,0,0,0,107,0,47,0
dataclay,es.bsc.dataclay.communication.grpc.messages.logicmodule,LogicmoduleMessages.GetPropertyIDResponse.new AbstractParser() {...},10,0,0,0,2,0,2,0,2,0
dataclay,es.bsc.dataclay.communication.grpc.messages.logicmodule,LogicmoduleMessages.GetClassNameForDSRequest.new AbstractParser() {...},10,0,0,0,0,0,2,0,2,0
dataclay,es.bsc.dataclay.communication.grpc.messages.logicmodule,LogicmoduleMessages.GetBabelStubsRequest,609,0,79,0,0,0,86,0,45,0
dataclay,es.bsc.dataclay.communication.grpc.messages.logicmodule,LogicmoduleMessages.GetExecutionEnvironmentsInfoResponse.new AbstractParser() {...},10,0,0,0,0,0,2,0,2,0
dataclay,es.bsc.dataclay.communication.grpc.messages.logicmodule,LogicmoduleMessages.GetExecutionEnvironmentForDSRequest.Builder,339,0,42,0,0,0,52,0,31,0
dataclay,es.bsc.dataclay.communication.grpc.messages.logicmodule,LogicmoduleMessages.GetObjectInfoRequest.new AbstractParser() {...},10,0,0,0,0,0,2,0,2,0
dataclay,es.bsc.dataclay.communication.grpc.messages.logicmodule,LogicmoduleMessages.GetMetadataByOIDForDSRequest.Builder,339,0,42,0,0,0,52,0,31,0
dataclay,es.bsc.dataclay.communication.grpc.messages.logicmodule,LogicmoduleMessages.GetClassIDRequest.Builder,819,0,116,0,237,0,112,0,54,0
dataclay,es.bsc.dataclay.communication.grpc.messages.logicmodule,LogicmoduleMessages.GetExecutionEnvironmentsInfoResponse.Builder,542,0,68,0,0,0,80,0,46,0
dataclay,es.bsc.dataclay.communication.grpc.messages.logicmodule,LogicmoduleMessages.NewClassResponse,582,0,68,0,157,0,80,0,45,0
dataclay,es.bsc.dataclay.communication.grpc.messages.logicmodule,LogicmoduleMessages.ConsolidateVersionRequest.Builder,437,0,52,0,0,0,62,0,36,0
dataclay,es.bsc.dataclay.communication.grpc.messages.logicmodule,LogicmoduleMessages.RegisterObjectResponse.Builder,530,0,74,0,0,0,77,0,40,0
dataclay,es.bsc.dataclay.communication.grpc.messages.logicmodule,LogicmoduleMessages.AutoRegisterSLRequest.new AbstractParser() {...},10,0,0,0,2,0,2,0,2,0
dataclay,es.bsc.dataclay.communication.grpc.messages.logicmodule,LogicmoduleMessages.NewContractRequest,579,0,77,0,159,0,82,0,42,0
dataclay,es.bsc.dataclay.communication.grpc.messages.logicmodule,LogicmoduleMessages.NotifyFederatedObjectsRequest.new AbstractParser() {...},10,0,0,0,0,0,2,0,2,0
dataclay,es.bsc.dataclay.communication.grpc.messages.logicmodule,LogicmoduleMessages.CheckObjectFederatedRequest.Builder,339,0,42,0,0,0,52,0,31,0
dataclay,es.bsc.dataclay.communication.grpc.messages.logicmodule,LogicmoduleMessages.GetPublicDataSetsRequest.new AbstractParser() {...},10,0,0,0,2,0,2,0,2,0
dataclay,es.bsc.dataclay.communication.grpc.messages.logicmodule,LogicmoduleMessages.GetDataContractIDsOfProviderRequest.new AbstractParser() {...},10,0,0,0,0,0,2,0,2,0
dataclay,es.bsc.dataclay.communication.grpc.messages.logicmodule,LogicmoduleMessages.AddAliasRequest.Builder,437,0,52,0,0,0,62,0,36,0
dataclay,es.bsc.dataclay.communication.grpc.messages.logicmodule,LogicmoduleMessages.GetExecutionEnvironmentsInfoResponse,582,0,68,0,0,0,80,0,45,0
dataclay,es.bsc.dataclay.communication.grpc.messages.logicmodule,LogicmoduleMessages.ExecuteImplementationResponse,489,0,66,0,0,0,74,0,40,0
dataclay,es.bsc.dataclay.communication.grpc.messages.logicmodule,LogicmoduleMessages.CheckObjectFederatedWithDataClayInstanceRequest.new AbstractParser() {...},10,0,0,0,0,0,2,0,2,0
dataclay,es.bsc.dataclay.communication.grpc.messages.logicmodule,LogicmoduleMessages.GetDataClaysObjectIsFederatedWithResponse.Builder,811,0,100,0,0,0,101,0,51,0
dataclay,es.bsc.dataclay.communication.grpc.messages.logicmodule,LogicmoduleMessages.ExecuteMethodOnTargetRequest.Builder,1010,0,148,0,0,0,137,0,63,0
dataclay,es.bsc.dataclay.communication.grpc.messages.logicmodule,LogicmoduleMessages.RemoveClassRequest.Builder,819,0,116,0,237,0,112,0,54,0
[...]
dataclay,es.bsc.dataclay.communication.grpc.messages.common,CommonMessages,903,0,0,0,105,0,4,0,4,0
dataclay,es.bsc.dataclay.communication.grpc.messages.common,CommonMessages.ResourceID.new AbstractParser() {...},10,0,0,0,2,0,2,0,2,0
dataclay,es.bsc.dataclay.communication.grpc.messages.common,CommonMessages.DataSetID.Builder,246,0,20,0,81,0,37,0,27,0
dataclay,es.bsc.dataclay.communication.grpc.messages.common,CommonMessages.GetTracesResponse.TracesDefaultEntryHolder,8,0,0,0,3,0,1,0,1,0
dataclay,es.bsc.dataclay.communication.grpc.messages.common,CommonMessages.MetaClassID,381,0,35,0,115,0,54,0,36,0
dataclay,es.bsc.dataclay.communication.grpc.messages.common,CommonMessages.ImmutableParamOrReturn.new AbstractParser() {...},10,0,0,0,2,0,2,0,2,0
dataclay,es.bsc.dataclay.communication.grpc.messages.common,CommonMessages.ImplementationID.new AbstractParser() {...},10,0,0,0,2,0,2,0,2,0
dataclay,es.bsc.dataclay.communication.grpc.messages.common,CommonMessages.FederatedObjectInfo,696,0,80,0,189,0,87,0,45,0
dataclay,es.bsc.dataclay.communication.grpc.messages.common,CommonMessages.ObjectWithDataParamOrReturn.new AbstractParser() {...},10,0,0,0,2,0,2,0,2,0
dataclay,es.bsc.dataclay.communication.grpc.messages.common,CommonMessages.PersistentObjectInDB,443,0,52,0,124,0,65,0,38,0
dataclay,es.bsc.dataclay.communication.grpc.messages.common,CommonMessages.AccountID.Builder,246,0,20,0,81,0,37,0,27,0
dataclay,es.bsc.dataclay.communication.grpc.messages.common,CommonMessages.ECAID.new AbstractParser() {...},10,0,0,0,2,0,2,0,2,0
dataclay,es.bsc.dataclay.communication.grpc.messages.common,CommonMessages.ExecutionEnvironmentID.new AbstractParser() {...},10,0,0,0,2,0,2,0,2,0
dataclay,es.bsc.dataclay.communication.grpc.messages.common,CommonMessages.SerializedParametersOrReturn.LangParamsDefaultEntryHolder,9,0,0,0,5,0,1,0,1,0
dataclay,es.bsc.dataclay.communication.grpc.messages.common,CommonMessages.ObjectID.Builder,246,0,20,0,81,0,37,0,27,0
dataclay,es.bsc.dataclay.communication.grpc.messages.common,CommonMessages.ContractID,381,0,35,0,115,0,54,0,36,0
dataclay,es.bsc.dataclay.communication.grpc.messages.common,CommonMessages.NamespaceID.Builder,246,0,20,0,81,0,37,0,27,0
dataclay,es.bsc.dataclay.communication.grpc.messages.common,CommonMessages.DataClayObjectMetaData,1005,0,96,0,264,0,116,0,64,0
dataclay,es.bsc.dataclay.communication.grpc.messages.common,CommonMessages.OperationID,381,0,35,0,115,0,54,0,36,0
dataclay,es.bsc.dataclay.communication.grpc.messages.common,CommonMessages.MetaClassID.Builder,246,0,20,0,81,0,37,0,27,0
dataclay,es.bsc.dataclay.communication.grpc.messages.common,CommonMessages.GetTracesResponse.new AbstractParser() {...},10,0,0,0,2,0,2,0,2,0
dataclay,es.bsc.dataclay.communication.grpc.messages.common,CommonMessages.SessionID.Builder,246,0,20,0,81,0,37,0,27,0
dataclay,es.bsc.dataclay.communication.grpc.messages.common,CommonMessages.MetaClassID.new AbstractParser() {...},10,0,0,0,2,0,2,0,2,0
dataclay,es.bsc.dataclay.communication.grpc.messages.common,CommonMessages.ExecutionEnvironmentID.Builder,246,0,20,0,81,0,37,0,27,0
dataclay,es.bsc.dataclay.communication.grpc.messages.common,CommonMessages.Credential.new AbstractParser() {...},10,0,0,0,2,0,2,0,2,0
dataclay,es.bsc.dataclay.communication.grpc.messages.common,CommonMessages.InterfaceID.Builder,246,0,20,0,81,0,37,0,27,0
dataclay,es.bsc.dataclay.communication.grpc.messages.common,CommonMessages.DataClayObjectMetaData.new AbstractParser() {...},10,0,0,0,2,0,2,0,2,0
dataclay,es.bsc.dataclay.communication.grpc.messages.common,CommonMessages.SerializedParametersOrReturn.Builder,808,0,70,0,231,0,117,0,79,0
dataclay,es.bsc.dataclay.communication.grpc.messages.common,CommonMessages.RegistrationInfo.Builder,912,0,138,0,255,0,127,0,58,0
dataclay,es.bsc.dataclay.communication.grpc.messages.common,CommonMessages.EventMessageID,381,0,35,0,115,0,54,0,36,0
dataclay,es.bsc.dataclay.communication.grpc.messages.common,CommonMessages.ECAID.Builder,246,0,20,0,81,0,37,0,27,0
dataclay,es.bsc.dataclay.communication.grpc.messages.common,CommonMessages.ResourceID.Builder,246,0,20,0,81,0,37,0,27,0
dataclay,es.bsc.dataclay.communication.grpc.messages.common,CommonMessages.ImmutableParamOrReturn.Builder,195,0,14,0,61,0,32,0,25,0
dataclay,es.bsc.dataclay.communication.grpc.messages.common,CommonMessages.SessionID,381,0,35,0,115,0,54,0,36,0
dataclay,es.bsc.dataclay.communication.grpc.messages.common,CommonMessages.DataClayObjectMetaData.Builder,808,0,70,0,231,0,117,0,79,0
dataclay,es.bsc.dataclay.communication.grpc.messages.common,CommonMessages.ContractID.Builder,246,0,20,0,81,0,37,0,27,0
dataclay,es.bsc.dataclay.communication.grpc.messages.common,CommonMessages.FederatedObjectInfo.new AbstractParser() {...},10,0,0,0,2,0,2,0,2,0
dataclay,es.bsc.dataclay.communication.grpc.messages.common,CommonMessages.SerializedParametersOrReturn.VolatileParamsDefaultEntryHolder,9,0,0,0,5,0,1,0,1,0
dataclay,es.bsc.dataclay.communication.grpc.messages.common,CommonMessages.EventObjsMeetConditionID.new AbstractParser() {...},10,0,0,0,2,0,2,0,2,0
dataclay,es.bsc.dataclay.communication.grpc.messages.common,CommonMessages.ECAID,381,0,35,0,115,0,54,0,36,0
dataclay,es.bsc.dataclay.communication.grpc.messages.common,CommonMessages.CredentialID.new AbstractParser() {...},10,0,0,0,2,0,2,0,2,0
dataclay,es.bsc.dataclay.communication.grpc.messages.common,CommonMessages.SerializedParametersOrReturn.PersParamsDefaultEntryHolder,9,0,0,0,5,0,1,0,1,0
dataclay,es.bsc.dataclay.communication.grpc.messages.common,CommonMessages.ContractID.new AbstractParser() {...},10,0,0,0,2,0,2,0,2,0
dataclay,es.bsc.dataclay.communication.grpc.messages.common,CommonMessages.DataContractID.Builder,246,0,20,0,81,0,37,0,27,0
dataclay,es.bsc.dataclay.communication.grpc.messages.common,CommonMessages.OperationID.new AbstractParser() {...},10,0,0,0,2,0,2,0,2,0
dataclay,es.bsc.dataclay.exceptions.logicmodule.contractmgr,ContractNotExistException,0,15,0,0,0,2,0,1,0,1
dataclay,es.bsc.dataclay.exceptions.logicmodule.contractmgr,ContractNotActiveException,0,15,0,0,0,2,0,1,0,1
dataclay,es.bsc.dataclay.exceptions.logicmodule.contractmgr,AccountNotRegisteredInContract,0,17,0,0,0,2,0,1,0,1
dataclay,es.bsc.dataclay.exceptions.logicmodule.contractmgr,AccountAlreadyRegisteredInContract,0,17,0,0,0,2,0,1,0,1
dataclay,es.bsc.dataclay.exceptions.logicmodule.contractmgr,InterfaceNotInContractException,0,17,0,0,0,2,0,1,0,1
dataclay,es.bsc.dataclay.exceptions.logicmodule.contractmgr,ContractNotPublicException,0,15,0,0,0,2,0,1,0,1
dataclay,es.bsc.dataclay.util.events.type,EventType,20,0,0,0,9,0,5,0,5,0
dataclay,es.bsc.dataclay.util.events.type,PersistedObjEventType,135,0,8,0,41,0,19,0,15,0
dataclay,es.bsc.dataclay.util.events.type,UpdatedObjEventType,125,0,8,0,40,0,18,0,14,0
dataclay,es.bsc.dataclay.util.events.type,DeletedObjEventType,125,0,8,0,40,0,18,0,14,0
dataclay,es.bsc.dataclay.logic.classmgr.bytecode.pysrc.codeutils,LineFactory,173,0,8,0,31,0,10,0,6,0
dataclay,es.bsc.dataclay.logic.classmgr.bytecode.pysrc.codeutils,SourceContainer,237,0,10,0,46,0,15,0,10,0
dataclay,es.bsc.dataclay.util.events.listeners,ECA,165,0,18,0,53,0,31,0,22,0
dataclay,es.bsc.dataclay.paraver,ParaverValuesGenerator,195,0,12,0,34,0,9,0,3,0
dataclay,storage,StorageObject,102,0,0,0,28,0,26,0,26,0
dataclay,storage,StorageItf,479,0,30,0,125,0,30,0,15,0
dataclay,storage,StorageException,11,0,0,0,6,0,3,0,3,0
dataclay,es.bsc.dataclay.logic.server,LogicModuleSrv.new Thread() {...},21,0,2,0,8,0,3,0,2,0
dataclay,es.bsc.dataclay.logic.server,LogicModuleSrv,175,0,0,0,48,0,11,0,11,0
dataclay,es.bsc.dataclay.exceptions.metadataservice,ObjectAlreadyRegisteredException,19,16,0,0,2,2,1,1,1,1
dataclay,es.bsc.dataclay.exceptions.metadataservice,MultipleAliasesException,19,0,0,0,2,0,1,0,1,0
dataclay,es.bsc.dataclay.exceptions.metadataservice,StorageLocationNotExistException,47,0,0,0,6,0,3,0,3,0
dataclay,es.bsc.dataclay.exceptions.metadataservice,ExecutionEnvironmentAlreadyExistsException,16,0,0,0,3,0,1,0,1,0
dataclay,es.bsc.dataclay.exceptions.metadataservice,ObjectNotRegisteredException,13,16,0,0,2,2,1,1,1,1
dataclay,es.bsc.dataclay.exceptions.metadataservice,ExecutionEnvironmentNotExistException,46,16,0,0,6,2,3,1,3,1
dataclay,es.bsc.dataclay.exceptions.metadataservice,AliasAlreadyInUseException,15,0,0,0,2,0,1,0,1,0
dataclay,es.bsc.dataclay.exceptions.metadataservice,ObjectHasReplicas,0,16,0,0,0,2,0,1,0,1
dataclay,es.bsc.dataclay.exceptions.metadataservice,ExternalDataClayNotRegisteredException,50,0,0,0,6,0,3,0,3,0
dataclay,es.bsc.dataclay.exceptions.metadataservice,StorageLocationAlreadyExistsException,16,0,0,0,2,0,1,0,1,0
dataclay,es.bsc.dataclay.exceptions.logicmodule.datacontractmgr,DataContractNotPublicException,15,0,0,0,2,0,1,0,1,0
dataclay,es.bsc.dataclay.exceptions.logicmodule.datacontractmgr,AccountAlreadyHasADataContractWithProvider,0,17,0,0,0,2,0,1,0,1
dataclay,es.bsc.dataclay.exceptions.logicmodule.datacontractmgr,DataContractNotActiveException,15,0,0,0,2,0,1,0,1,0
dataclay,es.bsc.dataclay.exceptions.logicmodule.datacontractmgr,AccountHasNoDataContractWithProvider,0,17,0,0,0,2,0,1,0,1
dataclay,es.bsc.dataclay.exceptions.logicmodule.datacontractmgr,DataContractNotExistException,15,0,0,0,2,0,1,0,1,0
dataclay,es.bsc.dataclay.serialization.lib,DataClaySerializationLib,901,48,100,4,194,13,62,2,10,2
dataclay,es.bsc.dataclay.serialization.lib,SerializationLibUtils,205,0,16,0,48,0,14,0,6,0
dataclay,es.bsc.dataclay.serialization.lib,LanguageParamOrReturn,98,0,0,0,27,0,12,0,12,0
dataclay,es.bsc.dataclay.serialization.lib,SerializedParametersOrReturn,300,0,14,0,60,0,24,0,17,0
dataclay,es.bsc.dataclay.serialization.lib,DataClayDeserializationLib,685,33,61,3,165,10,44,2,12,2
dataclay,es.bsc.dataclay.serialization.lib,ObjectWithDataParamOrReturn,156,0,0,0,39,0,16,0,16,0
dataclay,es.bsc.dataclay.serialization.lib,ImmutableParamOrReturn,68,0,0,0,21,0,10,0,10,0
dataclay,es.bsc.dataclay.serialization.lib,PersistentParamOrReturn,145,0,0,0,39,0,15,0,15,0
dataclay,es.bsc.dataclay.logic.datacontractmgr,DataContractManagerSQLStatements,0,8,1,1,0,4,1,1,0,1
dataclay,es.bsc.dataclay.logic.datacontractmgr,DataContractManagerDB,238,539,32,38,79,153,28,21,2,12
dataclay,es.bsc.dataclay.logic.datacontractmgr,DataContractManagerSQLStatements.SqlStatements,0,125,0,2,0,19,0,5,0,4
dataclay,es.bsc.dataclay.logic.datacontractmgr,DataContractManager,51,271,8,22,14,61,9,20,2,12
dataclay,es.bsc.dataclay.logic.classmgr.bytecode.java.methods,ConstructorMethodTransformer,239,0,34,0,50,0,23,0,6,0
dataclay,es.bsc.dataclay.logic.classmgr.bytecode.java.methods,DataClayStubMethodTransformer,201,0,10,0,58,0,10,0,5,0
dataclay,es.bsc.dataclay.logic.classmgr.bytecode.java.methods,DataClayMethodTransformer,232,0,22,0,51,0,18,0,7,0
dataclay,es.bsc.dataclay.logic.classmgr.bytecode.java.methods,DataClayExecutionMethodTransformer,764,0,44,0,198,0,30,0,8,0
dataclay,es.bsc.dataclay.util.management.datasetmgr,DataSet,17,38,0,0,6,16,1,8,1,8
dataclay,es.bsc.dataclay.util.events,EventMessageStateOuter.EventState,107,0,6,0,19,0,9,0,6,0
dataclay,es.bsc.dataclay.util.events,EventMessageStateOuter,8,0,2,0,4,0,2,0,1,0
dataclay,es.bsc.dataclay.util.events,EventTypeOuter.EventTypeEnum,123,0,8,0,26,0,12,0,8,0
dataclay,es.bsc.dataclay.util.events,EventTypeOuter,8,0,2,0,4,0,2,0,1,0
dataclay,es.bsc.dataclay.util.filtering,Condition.ConditionValueType,220,0,4,0,13,0,6,0,4,0
dataclay,es.bsc.dataclay.util.filtering,ASTParser.ASTOperand,164,0,8,0,13,0,8,0,4,0
dataclay,es.bsc.dataclay.util.filtering,ConditionParser,259,0,28,0,54,0,21,0,7,0
dataclay,es.bsc.dataclay.util.filtering,ASTParser.ASTListOp,109,0,8,0,13,0,8,0,4,0
dataclay,es.bsc.dataclay.util.filtering,DataClayPredicate,171,0,21,0,32,0,20,0,7,0
dataclay,es.bsc.dataclay.util.filtering,ASTParser.ASTKeyword,153,0,8,0,13,0,8,0,4,0
dataclay,es.bsc.dataclay.util.filtering,ASTUtil.new TypeReference() {...},3,0,0,0,1,0,1,0,1,0
dataclay,es.bsc.dataclay.util.filtering,ASTParser.ValueType,209,0,4,0,12,0,6,0,4,0
dataclay,es.bsc.dataclay.util.filtering,Condition.ConditionOp,182,0,4,0,13,0,8,0,6,0
dataclay,es.bsc.dataclay.util.filtering,Condition,416,0,67,0,89,0,50,0,9,0
dataclay,es.bsc.dataclay.util.filtering,ASTParser,350,0,55,0,72,0,42,0,6,0
dataclay,es.bsc.dataclay.util.filtering,ASTUtil,75,0,0,0,19,0,4,0,4,0
dataclay,es.bsc.dataclay.util.info,VersionInfo,60,0,4,0,20,0,13,0,11,0
dataclay,es.bsc.dataclay.util.info,EnrichmentInfo,56,0,0,0,24,0,12,0,12,0
dataclay,com.ibm.wala.model.java.lang,System,224,0,36,0,48,0,20,0,2,0
dataclay,com.ibm.wala.model.java.lang,Thread,10,0,0,0,3,0,3,0,3,0
dataclay,es.bsc.dataclay.tool,AccessNamespace,287,0,20,0,63,0,12,0,2,0
dataclay,es.bsc.dataclay.tool,NewModelContract,283,0,24,0,66,0,14,0,2,0
dataclay,es.bsc.dataclay.tool,GetNamespaces,82,0,6,0,24,0,5,0,2,0
dataclay,es.bsc.dataclay.tool,Util.LANGS,91,0,10,0,19,0,10,0,5,0
dataclay,es.bsc.dataclay.tool,GetNamespaceLang,91,0,6,0,23,0,5,0,2,0
dataclay,es.bsc.dataclay.tool,GetBackends,126,0,10,0,31,0,8,0,3,0
dataclay,es.bsc.dataclay.tool,WaitForDataClayToBeAlive,67,0,8,0,22,0,6,0,2,0
dataclay,es.bsc.dataclay.tool,NewAccount,77,0,4,0,18,0,4,0,2,0
dataclay,es.bsc.dataclay.tool,GetCurrentDataClayID,29,0,0,0,10,0,2,0,2,0
dataclay,es.bsc.dataclay.tool,Util.ERRCODE,51,0,0,0,6,0,2,0,2,0
dataclay,es.bsc.dataclay.tool,Util.DATASETTYPES,77,0,6,0,14,0,7,0,4,0
dataclay,es.bsc.dataclay.tool,NewDataContract,167,0,12,0,41,0,8,0,2,0
dataclay,es.bsc.dataclay.tool,Util,54,0,6,0,16,0,8,0,5,0
dataclay,es.bsc.dataclay.tool,AccessDataclayModel,97,0,8,0,26,0,6,0,2,0
dataclay,es.bsc.dataclay.tool,NewDataset,169,0,12,0,42,0,8,0,2,0
dataclay,es.bsc.dataclay.tool,NewModel,459,0,38,0,102,0,23,0,4,0
dataclay,es.bsc.dataclay.tool,ImportModelsFromExternalDataClay,64,0,2,0,16,0,3,0,2,0
dataclay,es.bsc.dataclay.tool,GetDatasets,131,0,8,0,30,0,6,0,2,0
dataclay,es.bsc.dataclay.tool,GetStubs,138,0,12,0,34,0,8,0,2,0
dataclay,es.bsc.dataclay.tool,NewNamespace,146,0,10,0,34,0,7,0,2,0
dataclay,es.bsc.dataclay.tool,NewDataClayInstance,53,0,2,0,14,0,3,0,2,0
dataclay,es.bsc.dataclay.tool,GetExternalDataClayID,76,0,4,0,17,0,4,0,2,0
dataclay,es.bsc.dataclay.logic.classmgr.bytecode.java.constants,ByteCodeMethods,894,0,0,0,70,0,1,0,1,0
dataclay,es.bsc.dataclay.logic.classmgr.bytecode.java.constants,ByteCodeTypes,232,0,0,0,77,0,1,0,1,0
dataclay,es.bsc.dataclay.util.replication,SequentialConsistency,115,0,12,0,28,0,11,0,5,0
dataclay,es.bsc.dataclay.util.replication,Replication,25,0,0,0,4,0,3,0,3,0
dataclay,es.bsc.dataclay.dbhandler,DBHandlerConf,0,3,0,0,0,1,0,1,0,1
dataclay,es.bsc.dataclay.dbhandler,Utils,92,0,4,0,14,0,6,0,4,0
dataclay,es.bsc.dataclay.dbhandler,DBHandlerFactory.DBHandlerType,0,34,0,0,0,4,0,1,0,1
dataclay,es.bsc.dataclay.dbhandler,DBHandlerFactory,81,0,5,0,19,0,5,0,2,0
dataclay,es.bsc.dataclay.communication.grpc.services.dataservice,DataServiceService,2082,0,78,0,654,0,85,0,46,0
dataclay,es.bsc.dataclay.communication.grpc.services.dataservice,DataServiceServer,65,0,4,0,20,0,7,0,5,0
dataclay,es.bsc.dataclay.util.configs,CfgAdminEnvLoader,41,0,8,0,8,0,6,0,2,0
dataclay,es.bsc.dataclay.util.configs,CfgDataServiceEnvLoader,195,0,9,0,42,0,9,0,4,0
dataclay,es.bsc.dataclay.util.configs,CfgLogicEnvLoader.ConfigLogicProperties,54,0,0,0,6,0,1,0,1,0
dataclay,es.bsc.dataclay.util.configs,CfgLogicEnvLoader,114,0,10,0,24,0,8,0,3,0
dataclay,es.bsc.dataclay.util.configs,CfgDataService,42,0,0,0,16,0,6,0,6,0
dataclay,es.bsc.dataclay.util.configs,CfgLogic,33,0,0,0,12,0,6,0,6,0
dataclay,es.bsc.dataclay.util.configs,CfgDataServiceEnvLoader.ConfigDataServiceProperties,88,0,0,0,14,0,4,0,4,0
dataclay,es.bsc.dataclay.util.yaml,CommonYAML,0,9,0,0,0,2,0,1,0,1
dataclay,es.bsc.dataclay.util.yaml,CustomRepresenter,3,49,3,7,1,12,3,4,0,2
dataclay,es.bsc.dataclay.util.yaml,CustomRepresenter.RepresentID,0,29,0,0,0,3,0,2,0,2
dataclay,es.bsc.dataclay.util.structs,LruCache,22,36,0,0,7,9,5,5,5,5
dataclay,es.bsc.dataclay.util.structs,Tuple,25,58,3,3,4,14,5,7,2,7
dataclay,es.bsc.dataclay.util.structs,CacheLinkedHashMap,0,18,0,2,0,4,0,3,0,2
dataclay,es.bsc.dataclay.util.structs,LruCacheByDate,72,58,5,1,23,14,11,5,8,5
dataclay,es.bsc.dataclay.util.structs,Triple,110,0,8,0,23,0,15,0,11,0
dataclay,es.bsc.dataclay.util.structs,LruCacheByDate.new Runnable() {...},0,10,0,0,0,3,0,2,0,2
dataclay,es.bsc.dataclay.logic.classmgr.bytecode.java.switches,DataClaySwitchByImplementationID,320,0,34,0,67,0,19,0,2,0
dataclay,es.bsc.dataclay.serialization.util.ids,ObjectIDWrapper,66,0,4,0,20,0,12,0,10,0
dataclay,es.bsc.dataclay.util.management.namespacemgr,Namespace,54,200,4,0,12,52,5,22,3,22
dataclay,es.bsc.dataclay.util.management.namespacemgr,ImportedInterface,368,234,34,20,68,76,29,33,3,32
dataclay,es.bsc.dataclay.serialization.buffer,DirectNettyBuffer,146,597,5,49,43,138,23,68,20,44
dataclay,es.bsc.dataclay.serialization.buffer,GrpcByteBuffer,93,0,0,0,61,0,61,0,61,0
dataclay,es.bsc.dataclay.serialization.buffer,JavaByteBuffer,295,433,12,34,82,109,32,53,25,37
dataclay,es.bsc.dataclay.serialization.buffer,HeapNettyBuffer,739,0,52,0,179,0,90,0,64,0
dataclay,es.bsc.dataclay.serialization.buffer,DataClayByteArray,52,0,0,0,13,0,6,0,6,0
dataclay,es.bsc.dataclay.dataservice.server,DataServiceSrv,276,0,8,0,76,0,12,0,8,0
dataclay,es.bsc.dataclay.dataservice.server,DataServiceSrv.new Thread() {...},21,0,2,0,8,0,3,0,2,0
dataclay,es.bsc.dataclay.dbhandler.sql.common,ConnectionWrapper,262,15,0,0,69,5,52,3,52,3
dataclay,es.bsc.dataclay.dbhandler.sql.common,SQLArray,93,168,8,20,15,31,17,12,9,6
dataclay,es.bsc.dataclay.dbhandler.sql.common,SQLConnectionWrapper,274,0,0,0,74,0,55,0,55,0
dataclay,es.bsc.dataclay.dbhandler.sql.common,PreparedStatementWrapper,616,0,2,0,184,0,113,0,112,0
dataclay,es.bsc.dataclay.dbhandler.sql.common,SQLResultSetWrapper,990,111,1,5,279,30,180,19,179,17
dataclay,es.bsc.dataclay.util.management.classmgr.features,Feature.FeatureType,5,93,1,1,1,17,1,5,0,5
dataclay,es.bsc.dataclay.util.management.classmgr.features,ArchitectureFeature,57,0,6,0,19,0,12,0,9,0
dataclay,es.bsc.dataclay.util.management.classmgr.features,LanguageFeature,58,35,10,4,15,11,13,5,6,5
dataclay,es.bsc.dataclay.util.management.classmgr.features,Feature,8,15,1,1,3,7,2,3,1,3
dataclay,es.bsc.dataclay.util.management.classmgr.features,MemoryFeature,71,0,6,0,20,0,13,0,10,0
dataclay,es.bsc.dataclay.util.management.classmgr.features,CPUFeature,71,0,6,0,20,0,13,0,10,0
dataclay,es.bsc.dataclay.util.management.classmgr.features,QualitativeFeature,3,4,0,0,2,2,1,1,1,1
dataclay,es.bsc.dataclay.util.management.classmgr.features,QuantitativeFeature,7,0,0,0,4,0,2,0,2,0
dataclay,es.bsc.dataclay.api,CallbackEvent.EventType,24,0,0,0,3,0,1,0,1,0
dataclay,es.bsc.dataclay.api,CallbackEvent,103,0,10,0,38,0,19,0,14,0
dataclay,es.bsc.dataclay.api,CallbackHandler,3,0,0,0,1,0,1,0,1,0
dataclay,es.bsc.dataclay.api,DataClay,1665,0,193,0,427,0,140,0,42,0
dataclay,es.bsc.dataclay.api,DataClay.new Thread() {...},96,0,6,0,14,0,5,0,2,0
dataclay,es.bsc.dataclay.api,DataClayException,11,0,0,0,6,0,3,0,3,0
dataclay,es.bsc.dataclay.exceptions.dbhandler,DbObjectAlreadyExistException,0,17,0,0,0,3,0,1,0,1
dataclay,es.bsc.dataclay.exceptions.dbhandler,DbObjectNotExistException,6,17,0,0,2,3,1,1,1,1
dataclay,es.bsc.dataclay.exceptions.dbhandler,DbHandlerException,13,0,0,0,4,0,2,0,2,0
dataclay,es.bsc.dataclay.commonruntime,ClientManagementLib.new Thread() {...},20,0,2,0,9,0,3,0,2,0
dataclay,es.bsc.dataclay.commonruntime,DataServiceRuntime,1205,0,138,0,271,0,106,0,37,0
dataclay,es.bsc.dataclay.commonruntime,ClientRuntime.new ThreadFactory() {...},12,6,0,0,4,1,1,1,1,1
dataclay,es.bsc.dataclay.commonruntime,RuntimeUtils,71,0,12,0,19,0,11,0,5,0
dataclay,es.bsc.dataclay.commonruntime,ClientManagementLib,3191,0,70,0,522,0,115,0,80,0
dataclay,es.bsc.dataclay.commonruntime,DataClayRuntime,2905,60,256,0,611,15,216,2,88,2
dataclay,es.bsc.dataclay.commonruntime,ClientRuntime,339,27,34,0,77,7,32,2,15,2
dataclay,es.bsc.dataclay.commonruntime,DataServiceRuntime.new ThreadFactory() {...},28,0,0,0,5,0,2,0,2,0
